IQ-TREE multicore version 1.6.2 for Mac OS X 64-bit built Mar  1 2018
Developed by Bui Quang Minh, Nguyen Lam Tung, Olga Chernomor,
Heiko Schmidt, Dominik Schrempf, Michael Woodhams.

Host:    Caitlins-MacBook-Pro.local (AVX2, FMA3, 8 GB RAM)
Command: /Applications/iqtree/bin/iqtree -s /Users/caitlin/Repositories/treelikeness/raw_data/Leache_2015/alignment.nex -nt AUTO -redo
Seed:    635578 (Using SPRNG - Scalable Parallel Random Number Generator)
Time:    Wed Mar 21 13:37:29 2018
Kernel:  AVX+FMA - auto-detect threads (4 CPU cores detected)

Reading alignment file /Users/caitlin/Repositories/treelikeness/raw_data/Leache_2015/alignment.nex ... Nexus format detected
Skipping unknown block (SETS)...
WARNING: 123 sites contain only gaps or ambiguous characters.
Alignment has 11 sequences with 358363 columns, 17086 distinct patterns
11850 parsimony-informative, 28563 singleton sites, 317950 constant sites
                         Gap/Ambiguity  Composition  p-value
   1  callisaurus_draconoides    4.45%    passed     73.31%
   2  cophosaurus_texanus        9.03%    passed     15.86%
   3  gambelia_wislizenii       14.49%    passed     56.52%
   4  holbrookia_maculata        7.62%    passed     33.74%
   5  liolaemus_darwinii         5.19%    passed      5.50%
   6  petrosaurus_thalassinus   27.87%    failed      0.67%
   7  phrynosoma_sherbrookei     3.64%    passed     86.46%
   8  sceloporus_occidentalis   12.67%    failed      0.07%
   9  uma_notata                 8.34%    passed     68.47%
  10  urosaurus_ornatus          6.34%    passed     63.06%
  11  uta_stansburiana          11.85%    passed      6.30%
****  TOTAL                     10.14%  2 sequences failed composition chi2 test (p-value<5%; df=3)
NOTE: minimal branch length is reduced to 0.000000279047 for long alignment


Create initial parsimony tree by phylogenetic likelihood library (PLL)... 0.018 seconds
NOTE: ModelFinder requires 60 MB RAM!
ModelFinder will test 286 DNA models (sample size: 358363) ...
 No. Model         -LnL         df  AIC          AICc         BIC
Measuring multi-threading efficiency up to 4 CPU cores
Increase to 10 rounds for branch lengths
73 trees examined
Threads: 1 / Time: 4.023 sec / Speedup: 1.000 / Efficiency: 100% / LogL: -873539
Threads: 2 / Time: 2.868 sec / Speedup: 1.403 / Efficiency: 70% / LogL: -873539
Threads: 3 / Time: 2.372 sec / Speedup: 1.696 / Efficiency: 57% / LogL: -873539
Threads: 4 / Time: 2.174 sec / Speedup: 1.850 / Efficiency: 46% / LogL: -873539
BEST NUMBER OF THREADS: 3

  1  JC            822323.043   19  1644684.085  1644684.087  1644889.082
  2  JC+I          814628.050   20  1629296.099  1629296.101  1629511.885
  3  JC+G4         814618.771   20  1629277.542  1629277.544  1629493.328
  4  JC+I+G4       814442.773   21  1628927.546  1628927.548  1629154.121
  5  JC+R2         814626.424   21  1629294.848  1629294.851  1629521.424
  6  JC+R3         814341.798   23  1628729.597  1628729.600  1628977.751
  7  JC+R4         814316.388   25  1628682.777  1628682.780  1628952.509
  8  JC+R5         814316.213   27  1628686.425  1628686.430  1628977.737
 14  F81+F         811948.867   22  1623941.733  1623941.736  1624179.098
 15  F81+F+I       804579.232   23  1609204.464  1609204.467  1609452.618
 16  F81+F+G4      804553.617   23  1609153.233  1609153.236  1609401.387
 17  F81+F+I+G4    804388.549   24  1608825.098  1608825.102  1609084.041
 18  F81+F+R2      804576.242   24  1609200.484  1609200.487  1609459.427
 19  F81+F+R3      804263.951   26  1608579.902  1608579.906  1608860.424
 20  F81+F+R4      804262.721   28  1608581.443  1608581.447  1608883.543
 27  K2P           811232.287   20  1622504.575  1622504.577  1622720.361
 28  K2P+I         803213.284   21  1606468.568  1606468.570  1606695.143
 29  K2P+G4        803218.562   21  1606479.124  1606479.127  1606705.699
 30  K2P+I+G4      803013.058   22  1606070.115  1606070.118  1606307.480
 31  K2P+R2        803079.164   22  1606202.329  1606202.331  1606439.693
 32  K2P+R3        802854.444   24  1605756.887  1605756.891  1606015.831
 33  K2P+R4        802853.845   26  1605759.690  1605759.694  1606040.212
 40  HKY+F         799921.146   23  1599888.292  1599888.295  1600136.446
 41  HKY+F+I       792493.981   24  1585035.961  1585035.965  1585294.904
 42  HKY+F+G4      792462.702   24  1584973.404  1584973.407  1585232.347
 43  HKY+F+I+G4    792273.898   25  1584597.795  1584597.799  1584867.528
 44  HKY+F+R2      792115.509   25  1584281.018  1584281.022  1584550.751
 45  HKY+F+R3      792107.927   27  1584269.854  1584269.858  1584561.165
 53  TNe           811231.638   21  1622505.276  1622505.278  1622731.851
 54  TNe+I         803213.092   22  1606470.185  1606470.187  1606707.549
 55  TNe+G4        803218.350   22  1606480.701  1606480.704  1606718.066
 56  TNe+I+G4      803012.530   23  1606071.060  1606071.063  1606319.214
 57  TNe+R2        802855.245   23  1605756.489  1605756.492  1606004.643
 58  TNe+R3        802853.709   25  1605757.419  1605757.423  1606027.151
 66  TN+F          799918.369   24  1599884.739  1599884.742  1600143.682
 67  TN+F+I        792492.182   25  1585034.364  1585034.368  1585304.097
 68  TN+F+G4       792460.835   25  1584971.671  1584971.674  1585241.403
 69  TN+F+I+G4     792271.732   26  1584595.465  1584595.469  1584875.987
 70  TN+F+R2       792107.069   26  1584266.138  1584266.142  1584546.660
 71  TN+F+R3       792105.556   28  1584267.112  1584267.117  1584569.213
 79  K3P           811232.188   21  1622506.376  1622506.379  1622732.952
 80  K3P+I         803213.260   22  1606470.521  1606470.524  1606707.886
 81  K3P+G4        803218.523   22  1606481.046  1606481.049  1606718.410
 82  K3P+I+G4      803012.444   23  1606070.888  1606070.891  1606319.042
 83  K3P+R2        802855.145   23  1605756.290  1605756.294  1606004.444
 84  K3P+R3        802853.760   25  1605757.519  1605757.523  1606027.252
 92  K3Pu+F        799891.103   24  1599830.205  1599830.209  1600089.149
 93  K3Pu+F+I      792474.765   25  1584999.531  1584999.535  1585269.264
 94  K3Pu+F+G4     792442.658   25  1584935.316  1584935.320  1585205.048
 95  K3Pu+F+I+G4   792253.647   26  1584559.293  1584559.297  1584839.815
 96  K3Pu+F+R2     792089.342   26  1584230.684  1584230.688  1584511.206
 97  K3Pu+F+R3     792087.861   28  1584231.723  1584231.727  1584533.823
105  TPM2+F        799765.543   24  1599579.087  1599579.090  1599838.030
106  TPM2+F+I      792388.538   25  1584827.075  1584827.079  1585096.808
107  TPM2+F+G4     792353.155   25  1584756.310  1584756.313  1585026.042
108  TPM2+F+I+G4   792164.370   26  1584380.740  1584380.744  1584661.262
109  TPM2+F+R2     791998.767   26  1584049.535  1584049.539  1584330.057
110  TPM2+F+R3     791997.248   28  1584050.496  1584050.500  1584352.596
118  TPM2u+F       799765.535   24  1599579.070  1599579.073  1599838.013
119  TPM2u+F+I     792388.530   25  1584827.061  1584827.064  1585096.793
120  TPM2u+F+G4    792353.146   25  1584756.292  1584756.296  1585026.025
121  TPM2u+F+I+G4  792164.298   26  1584380.596  1584380.600  1584661.118
122  TPM2u+F+R2    791998.763   26  1584049.526  1584049.530  1584330.048
123  TPM2u+F+R3    791997.258   28  1584050.515  1584050.520  1584352.616
131  TPM3+F        799754.495   24  1599556.989  1599556.993  1599815.933
132  TPM3+F+I      792381.648   25  1584813.297  1584813.301  1585083.029
133  TPM3+F+G4     792345.943   25  1584741.885  1584741.889  1585011.618
134  TPM3+F+I+G4   792156.863   26  1584365.726  1584365.730  1584646.248
135  TPM3+F+R2     791990.115   26  1584032.230  1584032.234  1584312.752
136  TPM3+F+R3     791988.618   28  1584033.236  1584033.240  1584335.336
144  TPM3u+F       799754.495   24  1599556.991  1599556.994  1599815.934
145  TPM3u+F+I     792381.649   25  1584813.298  1584813.301  1585083.030
146  TPM3u+F+G4    792345.945   25  1584741.890  1584741.894  1585011.623
147  TPM3u+F+I+G4  792156.803   26  1584365.607  1584365.610  1584646.128
148  TPM3u+F+R2    791990.109   26  1584032.217  1584032.221  1584312.739
149  TPM3u+F+R3    791988.616   28  1584033.232  1584033.236  1584335.332
157  TIMe          811231.560   22  1622507.120  1622507.123  1622744.484
158  TIMe+I        803213.209   23  1606472.418  1606472.422  1606720.572
159  TIMe+G4       803218.300   23  1606482.601  1606482.604  1606730.755
160  TIMe+I+G4     803011.594   24  1606071.188  1606071.191  1606330.131
161  TIMe+R2       802854.510   24  1605757.020  1605757.023  1606015.963
162  TIMe+R3       802853.239   26  1605758.479  1605758.483  1606039.001
170  TIM+F         799888.276   25  1599826.552  1599826.555  1600096.284
171  TIM+F+I       792472.950   26  1584997.900  1584997.904  1585278.421
172  TIM+F+G4      792440.815   26  1584933.631  1584933.635  1585214.152
173  TIM+F+I+G4    792251.191   27  1584556.383  1584556.387  1584847.694
174  TIM+F+R2      792087.061   27  1584228.122  1584228.126  1584519.433
175  TIM+F+R3      792085.608   29  1584229.217  1584229.221  1584542.106
183  TIM2e         811230.097   22  1622504.195  1622504.198  1622741.560
184  TIM2e+I       803200.652   23  1606447.304  1606447.307  1606695.458
185  TIM2e+G4      803207.482   23  1606460.964  1606460.967  1606709.118
186  TIM2e+I+G4    802999.084   24  1606046.169  1606046.172  1606305.112
187  TIM2e+R2      802841.590   24  1605731.180  1605731.183  1605990.123
188  TIM2e+R3      802840.338   26  1605732.675  1605732.679  1606013.197
196  TIM2+F        799762.784   25  1599575.568  1599575.572  1599845.301
197  TIM2+F+I      792387.156   26  1584826.313  1584826.317  1585106.835
198  TIM2+F+G4     792351.824   26  1584755.649  1584755.653  1585036.171
199  TIM2+F+I+G4   792162.283   27  1584378.565  1584378.570  1584669.877
200  TIM2+F+R2     791997.083   27  1584048.165  1584048.169  1584339.476
201  TIM2+F+R3     791995.568   29  1584049.137  1584049.142  1584362.027
209  TIM3e         811227.722   22  1622499.445  1622499.447  1622736.809
210  TIM3e+I       803206.051   23  1606458.103  1606458.106  1606706.257
211  TIM3e+G4      803212.488   23  1606470.977  1606470.980  1606719.131
212  TIM3e+I+G4    803004.269   24  1606056.537  1606056.541  1606315.481
213  TIM3e+R2      802847.384   24  1605742.768  1605742.772  1606001.712
214  TIM3e+R3      802846.169   26  1605744.339  1605744.343  1606024.861
222  TIM3+F        799751.755   25  1599553.510  1599553.514  1599823.243
223  TIM3+F+I      792379.918   26  1584811.836  1584811.840  1585092.358
224  TIM3+F+G4     792343.846   26  1584739.691  1584739.695  1585020.213
225  TIM3+F+I+G4   792153.695   27  1584361.390  1584361.394  1584652.701
226  TIM3+F+R2     791987.235   27  1584028.469  1584028.473  1584319.780
227  TIM3+F+R3     791985.610   29  1584029.221  1584029.225  1584342.110
235  TVMe          811226.785   23  1622499.569  1622499.572  1622747.723
236  TVMe+I        803192.988   24  1606433.977  1606433.980  1606692.920
237  TVMe+G4       803201.138   24  1606450.277  1606450.280  1606709.220
238  TVMe+I+G4     802991.090   25  1606032.180  1606032.183  1606301.912
239  TVMe+R2       802834.138   25  1605718.277  1605718.280  1605988.009
240  TVMe+R3       802832.880   27  1605719.760  1605719.764  1606011.071
248  TVM+F         799597.331   26  1599246.662  1599246.666  1599527.184
249  TVM+F+I       792274.012   27  1584602.023  1584602.028  1584893.335
250  TVM+F+G4      792234.183   27  1584522.367  1584522.371  1584813.678
251  TVM+F+I+G4    792044.878   28  1584145.755  1584145.760  1584447.856
252  TVM+F+R2      791878.222   28  1583812.443  1583812.448  1584114.544
253  TVM+F+R3      791876.544   30  1583813.089  1583813.094  1584136.768
261  SYM           811226.083   24  1622500.166  1622500.169  1622759.109
262  SYM+I         803192.808   25  1606435.615  1606435.619  1606705.348
263  SYM+G4        803200.949   25  1606451.898  1606451.901  1606721.630
264  SYM+I+G4      802990.651   26  1606033.302  1606033.306  1606313.823
265  SYM+R2        802833.907   26  1605719.815  1605719.819  1606000.337
266  SYM+R3        802832.643   28  1605721.286  1605721.291  1606023.387
274  GTR+F         799594.480   27  1599242.960  1599242.964  1599534.271
275  GTR+F+I       792272.181   28  1584600.361  1584600.366  1584902.462
276  GTR+F+G4      792232.304   28  1584520.608  1584520.612  1584822.708
277  GTR+F+I+G4    792042.722   29  1584143.445  1584143.450  1584456.334
278  GTR+F+R2      791876.040   29  1583810.081  1583810.086  1584122.971
279  GTR+F+R3      791874.329   31  1583810.657  1583810.663  1584145.126
Akaike Information Criterion:           GTR+F+R2
Corrected Akaike Information Criterion: GTR+F+R2
Bayesian Information Criterion:         TVM+F+R2
Best-fit model: TVM+F+R2 chosen according to BIC

All model information printed to /Users/caitlin/Repositories/treelikeness/raw_data/Leache_2015/alignment.nex.model.gz
CPU time for ModelFinder: 312.985 seconds (0h:5m:12s)
Wall-clock time for ModelFinder: 107.851 seconds (0h:1m:47s)

NOTE: 12 MB RAM (0 GB) is required!
Measuring multi-threading efficiency up to 4 CPU cores
Increase to 10 rounds for branch lengths
51 trees examined
Threads: 1 / Time: 4.040 sec / Speedup: 1.000 / Efficiency: 100% / LogL: -858635
Threads: 2 / Time: 2.072 sec / Speedup: 1.949 / Efficiency: 97% / LogL: -858635
Threads: 3 / Time: 2.316 sec / Speedup: 1.744 / Efficiency: 58% / LogL: -858635
BEST NUMBER OF THREADS: 2

Estimate model parameters (epsilon = 0.100)
1. Initial log-likelihood: -809026.541
2. Current log-likelihood: -795611.295
3. Current log-likelihood: -795003.545
4. Current log-likelihood: -794564.877
5. Current log-likelihood: -794228.469
6. Current log-likelihood: -793953.601
7. Current log-likelihood: -793718.269
8. Current log-likelihood: -793510.942
9. Current log-likelihood: -793325.361
10. Current log-likelihood: -793158.713
11. Current log-likelihood: -793009.409
12. Current log-likelihood: -792877.035
13. Current log-likelihood: -792761.637
14. Current log-likelihood: -792662.290
15. Current log-likelihood: -792578.109
16. Current log-likelihood: -792508.408
17. Current log-likelihood: -792451.714
18. Current log-likelihood: -792406.675
19. Current log-likelihood: -792371.468
20. Current log-likelihood: -792344.683
21. Current log-likelihood: -792324.208
22. Current log-likelihood: -792309.144
23. Current log-likelihood: -792298.149
24. Current log-likelihood: -792290.346
25. Current log-likelihood: -792284.755
26. Current log-likelihood: -792280.842
27. Current log-likelihood: -792278.078
28. Current log-likelihood: -792276.168
29. Current log-likelihood: -792274.849
30. Current log-likelihood: -792273.916
31. Current log-likelihood: -792273.209
32. Current log-likelihood: -792272.685
33. Current log-likelihood: -792272.287
34. Current log-likelihood: -792271.983
35. Current log-likelihood: -792271.728
36. Current log-likelihood: -792271.529
37. Current log-likelihood: -792271.326
38. Current log-likelihood: -792271.131
39. Current log-likelihood: -792270.940
40. Current log-likelihood: -792270.750
41. Current log-likelihood: -792270.648
Optimal log-likelihood: -792270.548
Rate parameters:  A-C: 1.00437  A-G: 4.12120  A-T: 0.75846  C-G: 1.24842  C-T: 4.12120  G-T: 1.00000
Base frequencies:  A: 0.312  C: 0.191  G: 0.192  T: 0.304
Site proportion and rates:  (0.739,0.003) (0.261,3.823)
Parameters optimization took 41 rounds (4.163 sec)
Computing ML distances based on estimated model parameters... 0.025 sec
Computing BIONJ tree...
0.001 seconds
Log-likelihood of BIONJ tree: -792270.548
--------------------------------------------------------------------
|             INITIALIZING CANDIDATE TREE SET                      |
--------------------------------------------------------------------
Generating 99 parsimony trees... 1.302 second
Computing log-likelihood of 94 initial trees ... 1.571 seconds
Current best score: -792270.548

Do NNI search on 20 best initial trees
Estimate model parameters (epsilon = 0.100)
BETTER TREE FOUND at iteration 1: -792270.448
Iteration 10 / LogL: -792270.584 / Time: 0h:2m:4s
Iteration 20 / LogL: -792271.224 / Time: 0h:2m:5s
Finish initializing candidate tree set (1)
Current best tree score: -792270.448 / CPU time: 4.634
Number of iterations: 20
--------------------------------------------------------------------
|               OPTIMIZING CANDIDATE TREE SET                      |
--------------------------------------------------------------------
Iteration 30 / LogL: -792311.104 / Time: 0h:2m:7s (0h:0m:47s left)
Iteration 40 / LogL: -792271.251 / Time: 0h:2m:8s (0h:0m:32s left)
Iteration 50 / LogL: -792319.069 / Time: 0h:2m:9s (0h:0m:22s left)
Iteration 60 / LogL: -792270.453 / Time: 0h:2m:10s (0h:0m:16s left)
Iteration 70 / LogL: -792270.934 / Time: 0h:2m:11s (0h:0m:10s left)
Iteration 80 / LogL: -792273.130 / Time: 0h:2m:13s (0h:0m:6s left)
Iteration 90 / LogL: -792270.864 / Time: 0h:2m:14s (0h:0m:3s left)
UPDATE BEST LOG-LIKELIHOOD: -792270.448
Iteration 100 / LogL: -792276.946 / Time: 0h:2m:15s (0h:0m:0s left)
TREE SEARCH COMPLETED AFTER 102 ITERATIONS / Time: 0h:2m:15s

--------------------------------------------------------------------
|                    FINALIZING TREE SEARCH                        |
--------------------------------------------------------------------
Performs final model parameters optimization
Estimate model parameters (epsilon = 0.010)
1. Initial log-likelihood: -792270.448
2. Current log-likelihood: -792270.349
3. Current log-likelihood: -792270.247
4. Current log-likelihood: -792270.144
5. Current log-likelihood: -792270.038
6. Current log-likelihood: -792269.929
7. Current log-likelihood: -792269.817
8. Current log-likelihood: -792269.704
9. Current log-likelihood: -792269.589
10. Current log-likelihood: -792269.352
11. Current log-likelihood: -792269.102
12. Current log-likelihood: -792268.839
13. Current log-likelihood: -792268.563
14. Current log-likelihood: -792268.270
15. Current log-likelihood: -792267.957
16. Current log-likelihood: -792267.626
17. Current log-likelihood: -792267.290
18. Current log-likelihood: -792266.936
19. Current log-likelihood: -792266.563
20. Current log-likelihood: -792266.173
21. Current log-likelihood: -792265.764
22. Current log-likelihood: -792265.318
23. Current log-likelihood: -792264.851
24. Current log-likelihood: -792264.361
25. Current log-likelihood: -792263.847
26. Current log-likelihood: -792263.309
27. Current log-likelihood: -792262.750
28. Current log-likelihood: -792262.172
29. Current log-likelihood: -792261.560
30. Current log-likelihood: -792260.912
31. Current log-likelihood: -792260.240
32. Current log-likelihood: -792259.543
33. Current log-likelihood: -792258.817
34. Current log-likelihood: -792258.059
35. Current log-likelihood: -792257.257
36. Current log-likelihood: -792256.412
37. Current log-likelihood: -792255.529
38. Current log-likelihood: -792254.608
39. Current log-likelihood: -792253.647
40. Current log-likelihood: -792252.641
41. Current log-likelihood: -792251.594
42. Current log-likelihood: -792250.503
43. Current log-likelihood: -792249.367
44. Current log-likelihood: -792248.185
45. Current log-likelihood: -792246.955
46. Current log-likelihood: -792245.677
47. Current log-likelihood: -792244.350
48. Current log-likelihood: -792242.986
49. Current log-likelihood: -792241.584
50. Current log-likelihood: -792240.133
51. Current log-likelihood: -792238.632
52. Current log-likelihood: -792237.078
53. Current log-likelihood: -792235.472
54. Current log-likelihood: -792233.814
55. Current log-likelihood: -792232.103
56. Current log-likelihood: -792230.338
57. Current log-likelihood: -792228.520
58. Current log-likelihood: -792226.647
59. Current log-likelihood: -792224.721
60. Current log-likelihood: -792222.739
61. Current log-likelihood: -792220.702
62. Current log-likelihood: -792218.610
63. Current log-likelihood: -792216.469
64. Current log-likelihood: -792214.268
65. Current log-likelihood: -792212.014
66. Current log-likelihood: -792209.705
67. Current log-likelihood: -792207.343
68. Current log-likelihood: -792204.935
69. Current log-likelihood: -792202.476
70. Current log-likelihood: -792199.974
71. Current log-likelihood: -792197.414
72. Current log-likelihood: -792194.805
73. Current log-likelihood: -792192.163
74. Current log-likelihood: -792189.426
75. Current log-likelihood: -792186.675
76. Current log-likelihood: -792183.865
77. Current log-likelihood: -792181.025
78. Current log-likelihood: -792178.141
79. Current log-likelihood: -792175.241
80. Current log-likelihood: -792172.224
81. Current log-likelihood: -792169.217
82. Current log-likelihood: -792166.172
83. Current log-likelihood: -792163.090
84. Current log-likelihood: -792159.972
85. Current log-likelihood: -792156.799
86. Current log-likelihood: -792153.613
87. Current log-likelihood: -792150.395
88. Current log-likelihood: -792147.146
89. Current log-likelihood: -792143.904
90. Current log-likelihood: -792140.534
91. Current log-likelihood: -792137.201
92. Current log-likelihood: -792133.844
93. Current log-likelihood: -792130.463
94. Current log-likelihood: -792127.059
95. Current log-likelihood: -792123.634
96. Current log-likelihood: -792120.191
97. Current log-likelihood: -792116.729
98. Current log-likelihood: -792113.250
99. Current log-likelihood: -792109.756
Optimal log-likelihood: -792109.756
Rate parameters:  A-C: 1.00622  A-G: 4.13534  A-T: 0.75631  C-G: 1.25695  C-T: 4.13534  G-T: 1.00000
Base frequencies:  A: 0.312  C: 0.191  G: 0.192  T: 0.304
Site proportion and rates:  (0.802,0.149) (0.198,4.437)
Parameters optimization took 99 rounds (9.365 sec)
BEST SCORE FOUND : -792109.756
Total tree length: 0.168

Total number of iterations: 102
CPU time used for tree search: 28.458 sec (0h:0m:28s)
Wall-clock time used for tree search: 15.177 sec (0h:0m:15s)
Total CPU time used: 384.002 sec (0h:6m:24s)
Total wall-clock time used: 145.066 sec (0h:2m:25s)

Analysis results written to: 
  IQ-TREE report:                /Users/caitlin/Repositories/treelikeness/raw_data/Leache_2015/alignment.nex.iqtree
  Maximum-likelihood tree:       /Users/caitlin/Repositories/treelikeness/raw_data/Leache_2015/alignment.nex.treefile
  Likelihood distances:          /Users/caitlin/Repositories/treelikeness/raw_data/Leache_2015/alignment.nex.mldist
  Screen log file:               /Users/caitlin/Repositories/treelikeness/raw_data/Leache_2015/alignment.nex.log

Date and Time: Wed Mar 21 13:39:56 2018
