IQ-TREE multicore version 1.6.2 for Mac OS X 64-bit built Mar  1 2018
Developed by Bui Quang Minh, Nguyen Lam Tung, Olga Chernomor,
Heiko Schmidt, Dominik Schrempf, Michael Woodhams.

Host:    Caitlins-MacBook-Pro.local (AVX2, FMA3, 8 GB RAM)
Command: /Applications/iqtree/bin/iqtree -s /Users/caitlin/Repositories/treelikeness/raw_data/Nguyen_2016e/alignment.nex -nt AUTO -redo
Seed:    946088 (Using SPRNG - Scalable Parallel Random Number Generator)
Time:    Wed Mar 21 14:17:51 2018
Kernel:  AVX+FMA - auto-detect threads (4 CPU cores detected)

Reading alignment file /Users/caitlin/Repositories/treelikeness/raw_data/Nguyen_2016e/alignment.nex ... Nexus format detected
Skipping unknown block (SETS)...
Alignment has 17 sequences with 385 columns, 269 distinct patterns
133 parsimony-informative, 80 singleton sites, 172 constant sites
WARNING: Some sequence names are changed as follows:
P. barbatus -> P._barbatus
S. invicta -> S._invicta
C. floridanus -> C._floridanus
A. echinatior -> A._echinatior
A. cephalotes -> A._cephalotes
L. humile -> L._humile
H. saltator -> H._saltator
A. florea -> A._florea
A. mellifera -> A._mellifera
B. impatiens -> B._impatiens
B. terrestris -> B._terrestris
N. vitripennis -> N._vitripennis
B. mori -> B._mori
T. castaneum -> T._castaneum
A. pisum -> A._pisum
D. melanogaster -> D._melanogaster
C. quinquefasciatus -> C._quinquefasciatus

                     Gap/Ambiguity  Composition  p-value
   1  P._barbatus            5.97%    passed     98.93%
   2  S._invicta             9.09%    passed    100.00%
   3  C._floridanus          9.35%    passed    100.00%
   4  A._echinatior          9.35%    passed     99.99%
   5  A._cephalotes          9.35%    passed    100.00%
   6  L._humile              8.83%    passed     99.99%
   7  H._saltator            8.83%    passed     99.99%
   8  A._florea             12.47%    passed    100.00%
   9  A._mellifera          12.47%    passed     99.99%
  10  B._impatiens           8.31%    passed    100.00%
  11  B._terrestris          8.31%    passed    100.00%
  12  N._vitripennis        38.70%    passed     70.04%
  13  B._mori                8.83%    passed     99.47%
  14  T._castaneum           9.61%    passed     98.83%
  15  A._pisum              11.43%    passed     86.45%
  16  D._melanogaster        9.09%    passed     97.82%
  17  C._quinquefasciatus   10.13%    passed     72.39%
****  TOTAL                 11.18%  0 sequences failed composition chi2 test (p-value<5%; df=19)
NOTE: B._terrestris is identical to B._impatiens but kept for subsequent analysis


Create initial parsimony tree by phylogenetic likelihood library (PLL)... 0.001 seconds
NOTE: ModelFinder requires 7 MB RAM!
ModelFinder will test 546 protein models (sample size: 385) ...
 No. Model         -LnL         df  AIC          AICc         BIC
Measuring multi-threading efficiency up to 4 CPU cores
Increase to 10 rounds for branch lengths
371 trees examined
Threads: 1 / Time: 4.002 sec / Speedup: 1.000 / Efficiency: 100% / LogL: -4362
Threads: 2 / Time: 2.507 sec / Speedup: 1.597 / Efficiency: 80% / LogL: -4362
Threads: 3 / Time: 2.881 sec / Speedup: 1.389 / Efficiency: 46% / LogL: -4362
BEST NUMBER OF THREADS: 2

  1  Dayhoff       3789.836     31  7641.671     7647.291     7764.222
  2  Dayhoff+I     3722.670     32  7509.340     7515.340     7635.844
  3  Dayhoff+G4    3705.462     32  7474.924     7480.924     7601.427
  4  Dayhoff+I+G4  3704.320     33  7474.641     7481.034     7605.098
  5  Dayhoff+R2    3710.629     33  7487.258     7493.651     7617.715
  6  Dayhoff+R3    3703.313     35  7476.626     7483.847     7614.990
  7  Dayhoff+R4    3703.199     37  7480.398     7488.502     7626.668
 14  Dayhoff+F     3788.915     50  7677.830     7693.099     7875.492
 15  Dayhoff+F+I   3718.993     51  7539.986     7555.914     7741.601
 16  Dayhoff+F+G4  3701.223     51  7504.447     7520.375     7706.062
 17  Dayhoff+F+I+G4 3699.947     52  7503.894     7520.496     7709.463
 18  Dayhoff+F+R2  3706.468     52  7516.936     7533.538     7722.504
 19  Dayhoff+F+R3  3699.011     54  7506.021     7524.021     7719.496
 20  Dayhoff+F+R4  3698.955     56  7509.911     7529.374     7731.292
 27  mtMAM         4116.460     31  8294.919     8300.540     8417.470
 28  mtMAM+I       4021.325     32  8106.651     8112.651     8233.154
 29  mtMAM+G4      3949.928     32  7963.857     7969.857     8090.361
 30  mtMAM+I+G4    3950.708     33  7967.417     7973.810     8097.874
 31  mtMAM+R2      3961.090     33  7988.180     7994.573     8118.637
 32  mtMAM+R3      3949.046     35  7968.092     7975.312     8106.455
 33  mtMAM+R4      3948.646     37  7971.291     7979.395     8117.561
 40  mtMAM+F       3913.946     50  7927.891     7943.161     8125.554
 41  mtMAM+F+I     3826.974     51  7755.948     7771.876     7957.564
 42  mtMAM+F+G4    3777.101     51  7656.202     7672.130     7857.818
 43  mtMAM+F+I+G4  3777.637     52  7659.275     7675.877     7864.844
 44  mtMAM+F+R2    3784.830     52  7673.661     7690.263     7879.229
 45  mtMAM+F+R3    3775.784     54  7659.569     7677.569     7873.044
 46  mtMAM+F+R4    3775.726     56  7663.452     7682.916     7884.834
 53  JTT           3766.350     31  7594.700     7600.320     7717.250
 54  JTT+I         3700.011     32  7464.023     7470.023     7590.527
 55  JTT+G4        3686.256     32  7436.511     7442.511     7563.015
 56  JTT+I+G4      3685.130     33  7436.261     7442.654     7566.718
 57  JTT+R2        3690.631     33  7447.262     7453.655     7577.719
 58  JTT+R3        3684.032     35  7438.064     7445.284     7576.427
 59  JTT+R4        3683.938     37  7441.877     7449.981     7588.147
 66  JTT+F         3768.627     50  7637.254     7652.524     7834.916
 67  JTT+F+I       3700.670     51  7503.340     7519.268     7704.955
 68  JTT+F+G4      3687.017     51  7476.034     7491.962     7677.649
 69  JTT+F+I+G4    3685.783     52  7475.565     7492.168     7681.134
 70  JTT+F+R2      3691.327     52  7486.654     7503.257     7692.223
 71  JTT+F+R3      3684.684     54  7477.369     7495.369     7690.844
 72  JTT+F+R4      3684.636     56  7481.272     7500.735     7702.653
 79  WAG           3802.009     31  7666.018     7671.639     7788.569
 80  WAG+I         3733.392     32  7530.785     7536.785     7657.289
 81  WAG+G4        3717.295     32  7498.591     7504.591     7625.094
 82  WAG+I+G4      3716.197     33  7498.393     7504.786     7628.850
 83  WAG+R2        3722.786     33  7511.572     7517.965     7642.029
 84  WAG+R3        3714.212     35  7498.424     7505.645     7636.788
 85  WAG+R4        3714.124     37  7502.247     7510.351     7648.517
 92  WAG+F         3805.617     50  7711.233     7726.503     7908.896
 93  WAG+F+I       3734.432     51  7570.865     7586.793     7772.480
 94  WAG+F+G4      3718.220     51  7538.440     7554.368     7740.056
 95  WAG+F+I+G4    3716.971     52  7537.942     7554.545     7743.511
 96  WAG+F+R2      3723.553     52  7551.105     7567.707     7756.674
 97  WAG+F+R3      3715.330     54  7538.659     7556.659     7752.134
 98  WAG+F+R4      3715.297     56  7542.595     7562.058     7763.976
105  cpREV         3863.096     31  7788.193     7793.813     7910.743
106  cpREV+I       3782.340     32  7628.681     7634.681     7755.185
107  cpREV+G4      3748.995     32  7561.990     7567.990     7688.494
108  cpREV+I+G4    3748.739     33  7563.478     7569.871     7693.935
109  cpREV+R2      3756.447     33  7578.895     7585.288     7709.352
110  cpREV+R3      3744.877     35  7559.755     7566.976     7698.118
111  cpREV+R4      3744.808     37  7563.617     7571.720     7709.887
118  cpREV+F       3873.199     50  7846.397     7861.666     8044.059
119  cpREV+F+I     3790.424     51  7682.848     7698.776     7884.463
120  cpREV+F+G4    3757.016     51  7616.032     7631.959     7817.647
121  cpREV+F+I+G4  3756.594     52  7617.187     7633.790     7822.756
122  cpREV+F+R2    3765.169     52  7634.337     7650.940     7839.906
123  cpREV+F+R3    3753.415     54  7614.830     7632.830     7828.305
124  cpREV+F+R4    3753.373     56  7618.745     7638.209     7840.127
131  mtREV         4016.849     31  8095.698     8101.318     8218.248
132  mtREV+I       3944.147     32  7952.295     7958.295     8078.798
133  mtREV+G4      3903.842     32  7871.684     7877.684     7998.188
134  mtREV+I+G4    3904.155     33  7874.311     7880.704     8004.768
135  mtREV+R2      3910.570     33  7887.140     7893.533     8017.597
136  mtREV+R3      3901.394     35  7872.788     7880.009     8011.152
137  mtREV+R4      3901.333     37  7876.666     7884.769     8022.936
144  mtREV+F       3847.016     50  7794.033     7809.302     7991.695
145  mtREV+F+I     3776.221     51  7654.442     7670.370     7856.057
146  mtREV+F+G4    3745.099     51  7592.198     7608.125     7793.813
147  mtREV+F+I+G4  3744.998     52  7593.995     7610.598     7799.564
148  mtREV+F+R2    3750.660     52  7605.320     7621.922     7810.888
149  mtREV+F+R3    3743.165     54  7594.331     7612.331     7807.806
150  mtREV+F+R4    3743.124     56  7598.249     7617.712     7819.630
157  rtREV         3824.851     31  7711.702     7717.322     7834.252
158  rtREV+I       3756.462     32  7576.923     7582.923     7703.427
159  rtREV+G4      3736.467     32  7536.934     7542.934     7663.438
160  rtREV+I+G4    3735.663     33  7537.325     7543.718     7667.782
161  rtREV+R2      3742.572     33  7551.144     7557.537     7681.601
162  rtREV+R3      3733.560     35  7537.119     7544.340     7675.483
163  rtREV+R4      3733.536     37  7541.071     7549.175     7687.341
170  rtREV+F       3784.085     50  7668.170     7683.439     7865.832
171  rtREV+F+I     3713.917     51  7529.835     7545.763     7731.450
172  rtREV+F+G4    3694.514     51  7491.028     7506.956     7692.644
173  rtREV+F+I+G4  3693.680     52  7491.359     7507.962     7696.928
174  rtREV+F+R2    3700.174     52  7504.348     7520.951     7709.917
175  rtREV+F+R3    3692.073     54  7492.147     7510.147     7705.622
176  rtREV+F+R4    3692.067     56  7496.134     7515.597     7717.516
183  mtART         4049.625     31  8161.249     8166.870     8283.800
184  mtART+I       3956.596     32  7977.191     7983.191     8103.695
185  mtART+G4      3887.820     32  7839.641     7845.641     7966.144
186  mtART+I+G4    3888.403     33  7842.806     7849.199     7973.263
187  mtART+R2      3898.920     33  7863.839     7870.232     7994.296
188  mtART+R3      3885.907     35  7841.813     7849.034     7980.177
189  mtART+R4      3885.855     37  7845.710     7853.814     7991.980
196  mtART+F       3844.500     50  7788.999     7804.269     7986.661
197  mtART+F+I     3768.993     51  7639.986     7655.914     7841.602
198  mtART+F+G4    3722.251     51  7546.502     7562.430     7748.118
199  mtART+F+I+G4  3722.508     52  7549.017     7565.619     7754.585
200  mtART+F+R2    3729.542     52  7563.084     7579.687     7768.653
201  mtART+F+R3    3718.776     54  7545.552     7563.552     7759.027
202  mtART+F+R4    3718.632     56  7549.264     7568.727     7770.645
209  mtZOA         3955.450     31  7972.900     7978.520     8095.450
210  mtZOA+I       3878.708     32  7821.417     7827.417     7947.921
211  mtZOA+G4      3830.103     32  7724.206     7730.206     7850.710
212  mtZOA+I+G4    3830.400     33  7726.800     7733.193     7857.257
213  mtZOA+R2      3837.942     33  7741.884     7748.277     7872.341
214  mtZOA+R3      3828.699     35  7727.398     7734.618     7865.761
215  mtZOA+R4      3828.684     37  7731.369     7739.473     7877.639
222  mtZOA+F       3800.579     50  7701.159     7716.428     7898.821
223  mtZOA+F+I     3732.159     51  7566.318     7582.246     7767.933
224  mtZOA+F+G4    3699.371     51  7500.741     7516.669     7702.356
225  mtZOA+F+I+G4  3699.233     52  7502.467     7519.069     7708.035
226  mtZOA+F+R2    3705.687     52  7515.375     7531.977     7720.943
227  mtZOA+F+R3    3696.793     54  7501.586     7519.586     7715.061
228  mtZOA+F+R4    3696.778     56  7505.556     7525.019     7726.937
235  VT            3800.004     31  7662.007     7667.628     7784.558
236  VT+I          3734.595     32  7533.189     7539.189     7659.693
237  VT+G4         3722.993     32  7509.986     7515.986     7636.489
238  VT+I+G4       3721.901     33  7509.803     7516.196     7640.260
239  VT+R2         3727.224     33  7520.447     7526.840     7650.904
240  VT+R3         3720.151     35  7510.303     7517.524     7648.667
241  VT+R4         3720.144     37  7514.288     7522.392     7660.558
248  VT+F          3800.470     50  7700.940     7716.210     7898.603
249  VT+F+I        3734.280     51  7570.560     7586.488     7772.175
250  VT+F+G4       3723.360     51  7548.719     7564.647     7750.334
251  VT+F+I+G4     3722.141     52  7548.282     7564.885     7753.851
252  VT+F+R2       3727.160     52  7558.319     7574.922     7763.888
253  VT+F+R3       3720.476     54  7548.951     7566.951     7762.427
254  VT+F+R4       3720.457     56  7552.914     7572.377     7774.295
261  LG            3792.985     31  7647.969     7653.590     7770.520
262  LG+I          3723.680     32  7511.361     7517.361     7637.864
263  LG+G4         3704.822     32  7473.643     7479.643     7600.147
264  LG+I+G4       3703.963     33  7473.925     7480.319     7604.382
265  LG+R2         3710.934     33  7487.868     7494.261     7618.325
266  LG+R3         3701.632     35  7473.263     7480.484     7611.627
267  LG+R4         3701.615     37  7477.230     7485.333     7623.500
274  LG+F          3770.792     50  7641.585     7656.854     7839.247
275  LG+F+I        3701.792     51  7505.584     7521.512     7707.200
276  LG+F+G4       3685.255     51  7472.510     7488.438     7674.126
277  LG+F+I+G4     3684.218     52  7472.437     7489.039     7678.005
278  LG+F+R2       3690.803     52  7485.606     7502.208     7691.175
279  LG+F+R3       3682.173     54  7472.346     7490.346     7685.821
280  LG+F+R4       3682.171     56  7476.341     7495.805     7697.723
287  DCMut         3790.075     31  7642.150     7647.771     7764.701
288  DCMut+I       3722.995     32  7509.991     7515.991     7636.494
289  DCMut+G4      3705.954     32  7475.909     7481.909     7602.413
290  DCMut+I+G4    3704.884     33  7475.768     7482.162     7606.225
291  DCMut+R2      3711.086     33  7488.172     7494.565     7618.629
292  DCMut+R3      3703.618     35  7477.236     7484.457     7615.600
293  DCMut+R4      3703.615     37  7481.230     7489.334     7627.500
300  DCMut+F       3789.187     50  7678.373     7693.643     7876.035
301  DCMut+F+I     3719.380     51  7540.760     7556.688     7742.376
302  DCMut+F+G4    3701.792     51  7505.585     7521.513     7707.200
303  DCMut+F+I+G4  3700.650     52  7505.300     7521.902     7710.869
304  DCMut+F+R2    3707.036     52  7518.072     7534.674     7723.641
305  DCMut+F+R3    3699.529     54  7507.057     7525.057     7720.533
306  DCMut+F+R4    3699.519     56  7511.038     7530.501     7732.419
313  PMB           3832.091     31  7726.181     7731.802     7848.732
314  PMB+I         3766.284     32  7596.567     7602.567     7723.071
315  PMB+G4        3754.252     32  7572.504     7578.504     7699.008
316  PMB+I+G4      3753.103     33  7572.207     7578.600     7702.664
317  PMB+R2        3758.213     33  7582.427     7588.820     7712.884
318  PMB+R3        3751.457     35  7572.913     7580.134     7711.277
319  PMB+R4        3751.443     37  7576.886     7584.990     7723.156
326  PMB+F         3832.136     50  7764.272     7779.541     7961.934
327  PMB+F+I       3765.147     51  7632.294     7648.222     7833.910
328  PMB+F+G4      3754.102     51  7610.203     7626.131     7811.819
329  PMB+F+I+G4    3752.828     52  7609.657     7626.259     7815.226
330  PMB+F+R2      3757.658     52  7619.316     7635.919     7824.885
331  PMB+F+R3      3751.298     54  7610.597     7628.597     7824.072
332  PMB+F+R4      3751.296     56  7614.591     7634.055     7835.973
339  HIVb          3912.354     31  7886.709     7892.329     8009.259
340  HIVb+I        3816.409     32  7696.818     7702.818     7823.322
341  HIVb+G4       3784.803     32  7633.606     7639.606     7760.109
342  HIVb+I+G4     3784.108     33  7634.216     7640.610     7764.673
343  HIVb+R2       3792.652     33  7651.304     7657.697     7781.761
344  HIVb+R3       3782.310     35  7634.621     7641.841     7772.984
345  HIVb+R4       3782.296     37  7638.593     7646.697     7784.863
352  HIVb+F        3882.537     50  7865.074     7880.344     8062.736
353  HIVb+F+I      3789.694     51  7681.388     7697.316     7883.003
354  HIVb+F+G4     3758.618     51  7619.235     7635.163     7820.851
355  HIVb+F+I+G4   3757.943     52  7619.885     7636.488     7825.454
356  HIVb+F+R2     3766.077     52  7636.154     7652.757     7841.723
357  HIVb+F+R3     3756.167     54  7620.335     7638.335     7833.810
358  HIVb+F+R4     3756.159     56  7624.317     7643.781     7845.699
365  HIVw          4063.588     31  8189.176     8194.797     8311.727
366  HIVw+I        3946.070     32  7956.139     7962.139     8082.643
367  HIVw+G4       3904.800     32  7873.600     7879.600     8000.104
368  HIVw+I+G4     3904.197     33  7874.394     7880.787     8004.851
369  HIVw+R2       3915.645     33  7897.291     7903.684     8027.748
370  HIVw+R3       3901.875     35  7873.750     7880.971     8012.113
371  HIVw+R4       3901.863     37  7877.726     7885.830     8023.996
378  HIVw+F        4029.548     50  8159.097     8174.366     8356.759
379  HIVw+F+I      3913.367     51  7928.735     7944.662     8130.350
380  HIVw+F+G4     3875.483     51  7852.965     7868.893     8054.581
381  HIVw+F+I+G4   3874.725     52  7853.451     7870.053     8059.019
382  HIVw+F+R2     3885.590     52  7875.181     7891.783     8080.749
383  HIVw+F+R3     3872.843     54  7853.687     7871.687     8067.162
384  HIVw+F+R4     3872.843     56  7857.687     7877.150     8079.068
391  JTTDCMut      3768.545     31  7599.089     7604.710     7721.640
392  JTTDCMut+I    3702.031     32  7468.063     7474.063     7594.566
393  JTTDCMut+G4   3687.631     32  7439.261     7445.261     7565.765
394  JTTDCMut+I+G4 3686.574     33  7439.147     7445.540     7569.604
395  JTTDCMut+R2   3692.197     33  7450.395     7456.788     7580.852
396  JTTDCMut+R3   3685.193     35  7440.387     7447.608     7578.750
397  JTTDCMut+R4   3685.161     37  7444.321     7452.425     7590.591
404  JTTDCMut+F    3771.074     50  7642.147     7657.417     7839.809
405  JTTDCMut+F+I  3702.688     51  7507.376     7523.304     7708.991
406  JTTDCMut+F+G4 3688.480     51  7478.960     7494.888     7680.575
407  JTTDCMut+F+I+G4 3687.317     52  7478.633     7495.236     7684.202
408  JTTDCMut+F+R2 3692.986     52  7489.972     7506.574     7695.540
409  JTTDCMut+F+R3 3686.001     54  7480.003     7498.003     7693.478
410  JTTDCMut+F+R4 3685.995     56  7483.991     7503.454     7705.372
417  FLU           3906.790     31  7875.581     7881.201     7998.131
418  FLU+I         3807.266     32  7678.532     7684.532     7805.036
419  FLU+G4        3770.974     32  7605.949     7611.949     7732.453
420  FLU+I+G4      3770.416     33  7606.831     7613.224     7737.288
421  FLU+R2        3779.716     33  7625.431     7631.824     7755.888
422  FLU+R3        3768.372     35  7606.744     7613.965     7745.108
423  FLU+R4        3768.371     37  7610.742     7618.846     7757.012
430  FLU+F         3914.625     50  7929.250     7944.520     8126.912
431  FLU+F+I       3810.955     51  7723.910     7739.838     7925.526
432  FLU+F+G4      3776.758     51  7655.516     7671.444     7857.131
433  FLU+F+I+G4    3775.941     52  7655.882     7672.485     7861.451
434  FLU+F+R2      3786.328     52  7676.656     7693.258     7882.224
435  FLU+F+R3      3773.761     54  7655.523     7673.523     7868.998
436  FLU+F+R4      3773.761     56  7659.522     7678.986     7880.904
443  Blosum62      3841.508     31  7745.016     7750.636     7867.566
444  Blosum62+I    3775.565     32  7615.130     7621.130     7741.634
445  Blosum62+G4   3762.576     32  7589.152     7595.152     7715.656
446  Blosum62+I+G4 3761.444     33  7588.888     7595.281     7719.345
447  Blosum62+R2   3767.145     33  7600.290     7606.683     7730.747
448  Blosum62+R3   3759.769     35  7589.537     7596.758     7727.901
449  Blosum62+R4   3759.753     37  7593.507     7601.610     7739.777
456  Blosum62+F    3840.570     50  7781.141     7796.410     7978.803
457  Blosum62+F+I  3773.213     51  7648.426     7664.354     7850.042
458  Blosum62+F+G4 3760.844     51  7623.689     7639.617     7825.304
459  Blosum62+F+I+G4 3759.577     52  7623.153     7639.755     7828.722
460  Blosum62+F+R2 3765.220     52  7634.440     7651.042     7840.009
461  Blosum62+F+R3 3758.029     54  7624.057     7642.057     7837.532
462  Blosum62+F+R4 3758.026     56  7628.053     7647.516     7849.434
469  mtMet         3997.145     31  8056.290     8061.911     8178.841
470  mtMet+I       3922.294     32  7908.587     7914.587     8035.091
471  mtMet+G4      3885.538     32  7835.077     7841.077     7961.580
472  mtMet+I+G4    3885.446     33  7836.893     7843.286     7967.350
473  mtMet+R2      3891.800     33  7849.600     7855.993     7980.057
474  mtMet+R3      3884.840     35  7839.680     7846.901     7978.044
475  mtMet+R4      3884.807     37  7843.614     7851.717     7989.884
482  mtMet+F       3811.120     50  7722.240     7737.510     7919.902
483  mtMet+F+I     3742.391     51  7586.782     7602.710     7788.397
484  mtMet+F+G4    3715.283     51  7532.565     7548.493     7734.181
485  mtMet+F+I+G4  3714.984     52  7533.967     7550.570     7739.536
486  mtMet+F+R2    3720.702     52  7545.405     7562.007     7750.973
487  mtMet+F+R3    3713.861     54  7535.723     7553.723     7749.198
488  mtMet+F+R4    3713.857     56  7539.715     7559.178     7761.096
495  mtVer         4064.313     31  8190.627     8196.247     8313.177
496  mtVer+I       3984.126     32  8032.253     8038.253     8158.757
497  mtVer+G4      3937.582     32  7939.165     7945.165     8065.669
498  mtVer+I+G4    3937.821     33  7941.642     7948.036     8072.099
499  mtVer+R2      3945.073     33  7956.145     7962.538     8086.602
500  mtVer+R3      3936.979     35  7943.958     7951.178     8082.321
501  mtVer+R4      3936.955     37  7947.911     7956.015     8094.181
508  mtVer+F       3884.413     50  7868.826     7884.095     8066.488
509  mtVer+F+I     3805.099     51  7712.199     7728.127     7913.814
510  mtVer+F+G4    3766.855     51  7635.710     7651.637     7837.325
511  mtVer+F+I+G4  3767.019     52  7638.038     7654.641     7843.607
512  mtVer+F+R2    3773.349     52  7650.699     7667.301     7856.268
513  mtVer+F+R3    3765.621     54  7639.242     7657.242     7852.717
514  mtVer+F+R4    3765.617     56  7643.233     7662.697     7864.615
521  mtInv         4011.305     31  8084.611     8090.231     8207.161
522  mtInv+I       3939.566     32  7943.132     7949.132     8069.635
523  mtInv+G4      3909.619     32  7883.239     7889.239     8009.743
524  mtInv+I+G4    3909.299     33  7884.598     7890.992     8015.055
525  mtInv+R2      3915.284     33  7896.568     7902.961     8027.025
526  mtInv+R3      3908.419     35  7886.838     7894.059     8025.202
527  mtInv+R4      3908.410     37  7890.819     7898.923     8037.089
534  mtInv+F       3785.440     50  7670.880     7686.150     7868.543
535  mtInv+F+I     3720.615     51  7543.230     7559.157     7744.845
536  mtInv+F+G4    3698.129     51  7498.257     7514.185     7699.873
537  mtInv+F+I+G4  3697.615     52  7499.229     7515.832     7704.798
538  mtInv+F+R2    3703.447     52  7510.894     7527.497     7716.463
539  mtInv+F+R3    3696.355     54  7500.709     7518.709     7714.184
540  mtInv+F+R4    3696.330     56  7504.660     7524.123     7726.041
Akaike Information Criterion:           JTT+I+G4
Corrected Akaike Information Criterion: JTT+G4
Bayesian Information Criterion:         JTT+G4
Best-fit model: JTT+G4 chosen according to BIC

All model information printed to /Users/caitlin/Repositories/treelikeness/raw_data/Nguyen_2016e/alignment.nex.model.gz
CPU time for ModelFinder: 51.524 seconds (0h:0m:51s)
Wall-clock time for ModelFinder: 26.034 seconds (0h:0m:26s)

NOTE: 3 MB RAM (0 GB) is required!
Measuring multi-threading efficiency up to 4 CPU cores
Increase to 10 rounds for branch lengths
89 trees examined
Threads: 1 / Time: 4.009 sec / Speedup: 1.000 / Efficiency: 100% / LogL: -4499
Threads: 2 / Time: 2.340 sec / Speedup: 1.713 / Efficiency: 86% / LogL: -4499
Threads: 3 / Time: 2.795 sec / Speedup: 1.434 / Efficiency: 48% / LogL: -4499
BEST NUMBER OF THREADS: 2

Estimate model parameters (epsilon = 0.100)
1. Initial log-likelihood: -3688.776
2. Current log-likelihood: -3686.294
Optimal log-likelihood: -3686.255
Gamma shape alpha: 0.730
Parameters optimization took 2 rounds (0.059 sec)
Computing ML distances based on estimated model parameters... 0.117 sec
Computing BIONJ tree...
0.001 seconds
Log-likelihood of BIONJ tree: -3695.908
--------------------------------------------------------------------
|             INITIALIZING CANDIDATE TREE SET                      |
--------------------------------------------------------------------
Generating 98 parsimony trees... 0.145 second
Computing log-likelihood of 98 initial trees ... 0.812 seconds
Current best score: -3686.133

Do NNI search on 20 best initial trees
Estimate model parameters (epsilon = 0.100)
BETTER TREE FOUND at iteration 1: -3685.684
Iteration 10 / LogL: -3686.281 / Time: 0h:0m:36s
Iteration 20 / LogL: -3685.686 / Time: 0h:0m:37s
Finish initializing candidate tree set (4)
Current best tree score: -3685.684 / CPU time: 1.914
Number of iterations: 20
--------------------------------------------------------------------
|               OPTIMIZING CANDIDATE TREE SET                      |
--------------------------------------------------------------------
Iteration 30 / LogL: -3685.688 / Time: 0h:0m:38s (0h:0m:29s left)
Iteration 40 / LogL: -3685.688 / Time: 0h:0m:39s (0h:0m:20s left)
Iteration 50 / LogL: -3689.957 / Time: 0h:0m:39s (0h:0m:14s left)
Iteration 60 / LogL: -3685.684 / Time: 0h:0m:40s (0h:0m:10s left)
Iteration 70 / LogL: -3715.851 / Time: 0h:0m:41s (0h:0m:6s left)
Iteration 80 / LogL: -3685.688 / Time: 0h:0m:42s (0h:0m:4s left)
Iteration 90 / LogL: -3685.688 / Time: 0h:0m:42s (0h:0m:2s left)
Iteration 100 / LogL: -3685.685 / Time: 0h:0m:43s (0h:0m:0s left)
TREE SEARCH COMPLETED AFTER 102 ITERATIONS / Time: 0h:0m:43s

--------------------------------------------------------------------
|                    FINALIZING TREE SEARCH                        |
--------------------------------------------------------------------
Performs final model parameters optimization
Estimate model parameters (epsilon = 0.010)
1. Initial log-likelihood: -3685.684
Optimal log-likelihood: -3685.684
Gamma shape alpha: 0.731
Parameters optimization took 1 rounds (0.016 sec)
BEST SCORE FOUND : -3685.684
Total tree length: 1.995

Total number of iterations: 102
CPU time used for tree search: 17.197 sec (0h:0m:17s)
Wall-clock time used for tree search: 8.573 sec (0h:0m:8s)
Total CPU time used: 86.359 sec (0h:1m:26s)
Total wall-clock time used: 43.898 sec (0h:0m:43s)

Analysis results written to: 
  IQ-TREE report:                /Users/caitlin/Repositories/treelikeness/raw_data/Nguyen_2016e/alignment.nex.iqtree
  Maximum-likelihood tree:       /Users/caitlin/Repositories/treelikeness/raw_data/Nguyen_2016e/alignment.nex.treefile
  Likelihood distances:          /Users/caitlin/Repositories/treelikeness/raw_data/Nguyen_2016e/alignment.nex.mldist
  Screen log file:               /Users/caitlin/Repositories/treelikeness/raw_data/Nguyen_2016e/alignment.nex.log

Date and Time: Wed Mar 21 14:18:35 2018
