IQ-TREE multicore version 1.6.2 for Mac OS X 64-bit built Mar  1 2018
Developed by Bui Quang Minh, Nguyen Lam Tung, Olga Chernomor,
Heiko Schmidt, Dominik Schrempf, Michael Woodhams.

Host:    Caitlins-MacBook-Pro.local (AVX2, FMA3, 8 GB RAM)
Command: /Applications/iqtree/bin/iqtree -s /Users/caitlin/Repositories/treelikeness/raw_data/Broughton_2013/alignment.nex -nt AUTO -redo
Seed:    215684 (Using SPRNG - Scalable Parallel Random Number Generator)
Time:    Tue Mar 13 15:47:46 2018
Kernel:  AVX+FMA - auto-detect threads (4 CPU cores detected)

Reading alignment file /Users/caitlin/Repositories/treelikeness/raw_data/Broughton_2013/alignment.nex ... Nexus format detected
Skipping unknown block (SETS)...
WARNING: 6 sites contain only gaps or ambiguous characters.
Alignment has 61 sequences with 19997 columns, 12772 distinct patterns
10492 parsimony-informative, 1669 singleton sites, 7836 constant sites
                               Gap/Ambiguity  Composition  p-value
   1  Callorhinchus_milii             36.57%    failed      0.00%
   2  Leucoraja_erinacea              19.93%    failed      0.00%
   3  Notacanthus_chemnitzii          48.15%    failed      0.00%
   4  Halosauropsis_macrochir         44.22%    failed      0.00%
   5  Anguilla_rostrata               37.25%    failed      0.00%
   6  Nemichthys_scolopaceus          50.11%    failed      0.00%
   7  Muraenesox_cinereus             53.02%    failed      0.00%
   8  Gasterosteus_aculeatus           3.54%    failed      0.00%
   9  Gadus_morhua                    20.43%    failed      0.00%
  10  Oryzias_latipes                  3.39%    failed      0.26%
  11  Oreochromis_niloticus            3.23%    failed      1.02%
  12  Tetraodon_nigroviridis           3.68%    failed      0.00%
  13  Takifugu_rubripes                3.57%    passed     97.33%
  14  Engraulis_eurystole             52.68%    failed      0.00%
  15  Dorosoma_cepedianum             40.77%    failed      0.00%
  16  Danio_rerio                      3.60%    failed      0.00%
  17  Pygocentrus_nattereri           28.87%    failed      0.00%
  18  Erpetoichthys_calabaricus       59.58%    failed      0.00%
  19  Lepisosteus_osseus              30.62%    failed      0.07%
  20  Latimeria_chalumnae             39.54%    failed      0.00%
  21  Homo_sapiens                     4.09%    passed     68.81%
  22  Mus_musculus                     3.94%    failed      0.03%
  23  Monodelphis_domesticus           8.62%    failed      0.00%
  24  Xenopus_tropicalis               7.71%    failed      0.00%
  25  Lepidosiren_paradoxa            73.75%    failed      0.00%
  26  Protopterus_aethiopicus         68.48%    failed      0.00%
  27  Polypterus_senegalus            33.06%    failed      0.00%
  28  Polyodon_spathula               36.35%    failed      0.00%
  29  Acipenser_fulvescens            58.36%    failed      1.43%
  30  Scaphirhynchus_albus            52.41%    failed      3.50%
  31  Lepisosteus_platostomus         45.55%    passed     16.53%
  32  Amia_calva                      26.37%    failed      0.45%
  33  Elops_saurus                    35.14%    failed      0.00%
  34  Megalops_atlanticus             63.59%    failed      0.00%
  35  Albula_vulpes                   44.10%    failed      0.03%
  36  Echidna_nebulosa                64.55%    failed      0.00%
  37  Ophichthus_cephalozona          51.36%    failed      0.00%
  38  Hiodon_alosoides                18.41%    failed      0.00%
  39  Osteoglossum_bicirrhosum        46.77%    failed      0.00%
  40  Heterotis_niloticus             50.47%    passed     11.74%
  41  Arapaima_gigas                  40.36%    failed      0.04%
  42  Pantodon_buchholzi              53.80%    failed      0.06%
  43  Xenomystus_nigri                48.12%    failed      0.07%
  44  Gymnarchus_niloticus            42.79%    passed     89.01%
  45  Gnathonemus_petersii            50.93%    failed      0.02%
  46  Pellona_flavipinnis             27.19%    failed      0.00%
  47  Chriocentrus_dorab              57.98%    failed      0.00%
  48  Chanos_chanos                   25.72%    failed      0.07%
  49  Semotilus_atromaculatus         61.28%    failed      0.23%
  50  Notemigonus_crysoleucas         57.24%    failed      0.14%
  51  Apteronotus_albifrons           65.63%    failed      0.00%
  52  Ictalurus_punctatus             22.88%    failed      0.27%
  53  Oncorhynchus_mykiss_nerka       31.11%    failed      0.00%
  54  Esox_lucius                     41.28%    passed      6.29%
  55  Argentina_sialis                46.78%    failed      0.00%
  56  Stomias_boa                     59.57%    failed      0.00%
  57  Thaleichthys_pacificus          57.45%    failed      0.00%
  58  Gonorynchus_forsteri            88.56%    passed     11.37%
  59  Hemiodus_immaculatus_gracilis   84.20%    failed      0.03%
  60  Galeichthys_peruvianus          84.58%    failed      0.00%
  61  Gogo_arcuatus                   85.05%    failed      0.00%
WARNING: 24 sequences contain more than 50% gaps/ambiguity
****  TOTAL                           41.12%  54 sequences failed composition chi2 test (p-value<5%; df=3)


Create initial parsimony tree by phylogenetic likelihood library (PLL)... 0.073 seconds
NOTE: ModelFinder requires 252 MB RAM!
ModelFinder will test 286 DNA models (sample size: 19997) ...
 No. Model         -LnL         df  AIC          AICc         BIC
Measuring multi-threading efficiency up to 4 CPU cores
Increase to 10 rounds for branch lengths
7 trees examined
Threads: 1 / Time: 4.569 sec / Speedup: 1.000 / Efficiency: 100% / LogL: -474293
Threads: 2 / Time: 2.627 sec / Speedup: 1.739 / Efficiency: 87% / LogL: -474293
Threads: 3 / Time: 2.622 sec / Speedup: 1.743 / Efficiency: 58% / LogL: -474293
Threads: 4 / Time: 2.526 sec / Speedup: 1.809 / Efficiency: 45% / LogL: -474293
BEST NUMBER OF THREADS: 2

  1  JC            376475.901   119 753189.802   753191.239   754130.299
  2  JC+I          348301.195   120 696842.389   696843.850   697790.790
  3  JC+G4         338844.404   120 677928.807   677930.268   678877.208
  4  JC+I+G4       337685.439   121 675612.879   675614.364   676569.183
  5  JC+R2         341362.427   121 682966.854   682968.339   683923.158
  6  JC+R3         337987.887   123 676221.773   676223.308   677193.884
  7  JC+R4         337576.676   125 675403.353   675404.938   676391.270
  8  JC+R5         337559.887   127 675373.775   675375.411   676377.499
  9  JC+R6         337557.293   129 675372.587   675374.275   676392.117
 14  F81+F         377108.290   122 754460.580   754462.090   755424.788
 15  F81+F+I       348608.472   123 697462.945   697464.480   698435.056
 16  F81+F+G4      339220.540   123 678687.079   678688.614   679659.190
 17  F81+F+I+G4    338046.141   124 676340.282   676341.842   677320.296
 18  F81+F+R2      341679.334   124 683606.667   683608.227   684586.681
 19  F81+F+R3      338344.517   126 676941.033   676942.644   677936.854
 20  F81+F+R4      337934.245   128 676124.491   676126.153   677136.118
 21  F81+F+R5      337918.543   130 676097.087   676098.801   677124.520
 22  F81+F+R6      337916.121   132 676096.243   676098.010   677139.483
 27  K2P           368071.445   120 736382.890   736384.351   737331.291
 28  K2P+I         339422.076   121 679086.152   679087.637   680042.456
 29  K2P+G4        329116.638   121 658475.277   658476.762   659431.580
 30  K2P+I+G4      327837.241   122 655918.483   655919.993   656882.690
 31  K2P+R2        332130.204   122 664504.408   664505.918   665468.615
 32  K2P+R3        328266.918   124 656781.835   656783.395   657761.849
 33  K2P+R4        327718.515   126 655689.030   655690.640   656684.850
 34  K2P+R5        327660.623   128 655577.247   655578.909   656588.874
 35  K2P+R6        327653.862   130 655567.724   655569.438   656595.158
 40  HKY+F         368601.053   123 737448.107   737449.642   738420.217
 41  HKY+F+I       339312.892   124 678873.785   678875.345   679853.799
 42  HKY+F+G4      328997.465   124 658242.929   658244.489   659222.943
 43  HKY+F+I+G4    327673.251   125 655596.501   655598.087   656584.418
 44  HKY+F+R2      331949.415   125 664148.829   664150.414   665136.746
 45  HKY+F+R3      328106.145   127 656466.291   656467.927   657470.015
 46  HKY+F+R4      327548.679   129 655355.359   655357.047   656374.889
 47  HKY+F+R5      327494.251   131 655250.501   655252.242   656285.838
 48  HKY+F+R6      327487.245   133 655240.490   655242.284   656291.634
 53  TNe           367560.578   121 735363.157   735364.642   736319.460
 54  TNe+I         339113.453   122 678470.905   678472.416   679435.113
 55  TNe+G4        328876.094   122 657996.187   657997.697   658960.394
 56  TNe+I+G4      327614.229   123 655474.457   655475.992   656446.568
 57  TNe+R2        331957.055   123 664160.110   664161.645   665132.221
 58  TNe+R3        328071.673   125 656393.346   656394.931   657381.263
 59  TNe+R4        327512.582   127 655279.164   655280.800   656282.888
 60  TNe+R5        327450.687   129 655159.374   655161.062   656178.905
 61  TNe+R6        327443.851   131 655149.701   655151.442   656185.039
 66  TN+F          367837.310   124 735922.619   735924.179   736902.633
 67  TN+F+I        338697.402   125 677644.804   677646.390   678632.722
 68  TN+F+G4       328484.544   125 657219.087   657220.673   658207.004
 69  TN+F+I+G4     327183.098   126 654618.197   654619.808   655614.017
 70  TN+F+R2       331551.440   126 663354.881   663356.491   664350.701
 71  TN+F+R3       327655.430   128 655566.860   655568.523   656578.488
 72  TN+F+R4       327090.638   130 654441.275   654442.990   655468.709
 73  TN+F+R5       327029.227   132 654322.455   654324.222   655365.695
 74  TN+F+R6       327021.656   134 654311.312   654313.133   655370.359
 79  K3P           368055.733   121 736353.466   736354.952   737309.770
 80  K3P+I         339404.045   122 679052.089   679053.599   680016.297
 81  K3P+G4        329105.124   122 658454.247   658455.757   659418.454
 82  K3P+I+G4      327826.491   123 655898.981   655900.516   656871.092
 83  K3P+R2        332110.994   123 664467.988   664469.523   665440.098
 84  K3P+R3        328255.632   125 656761.263   656762.848   657749.180
 85  K3P+R4        327707.026   127 655668.053   655669.689   656671.777
 86  K3P+R5        327648.778   129 655555.557   655557.245   656575.087
 87  K3P+R6        327641.897   131 655545.794   655547.535   656581.131
 92  K3Pu+F        368584.901   124 737417.801   737419.361   738397.815
 93  K3Pu+F+I      339297.551   125 678845.102   678846.687   679833.019
 94  K3Pu+F+G4     328990.633   125 658231.265   658232.851   659219.183
 95  K3Pu+F+I+G4   327667.036   126 655586.071   655587.682   656581.892
 96  K3Pu+F+R2     331936.132   126 664124.264   664125.875   665120.085
 97  K3Pu+F+R3     328099.310   128 656454.620   656456.282   657466.247
 98  K3Pu+F+R4     327541.897   130 655343.795   655345.509   656371.228
 99  K3Pu+F+R5     327487.293   132 655238.586   655240.354   656281.827
100  K3Pu+F+R6     327480.116   134 655228.233   655230.055   656287.280
105  TPM2+F        368496.125   124 737240.250   737241.810   738220.264
106  TPM2+F+I      339143.594   125 678537.189   678538.774   679525.106
107  TPM2+F+G4     328730.439   125 657710.878   657712.464   658698.796
108  TPM2+F+I+G4   327439.195   126 655130.390   655132.000   656126.210
109  TPM2+F+R2     331674.477   126 663600.953   663602.564   664596.774
110  TPM2+F+R3     327873.947   128 656003.895   656005.557   657015.522
111  TPM2+F+R4     327323.646   130 654907.293   654909.007   655934.727
112  TPM2+F+R5     327277.277   132 654818.554   654820.322   655861.795
113  TPM2+F+R6     327271.250   134 654810.500   654812.321   655869.547
118  TPM2u+F       368496.125   124 737240.250   737241.810   738220.264
119  TPM2u+F+I     339143.595   125 678537.190   678538.775   679525.107
120  TPM2u+F+G4    328730.439   125 657710.878   657712.464   658698.796
121  TPM2u+F+I+G4  327439.196   126 655130.391   655132.002   656126.212
122  TPM2u+F+R2    331674.477   126 663600.954   663602.565   664596.775
123  TPM2u+F+R3    327873.950   128 656003.899   656005.561   657015.526
124  TPM2u+F+R4    327323.693   130 654907.386   654909.100   655934.820
125  TPM2u+F+R5    327277.270   132 654818.539   654820.307   655861.780
126  TPM2u+F+R6    327271.269   134 654810.538   654812.359   655869.585
131  TPM3+F        368317.641   124 736883.282   736884.842   737863.296
132  TPM3+F+I      339312.836   125 678875.671   678877.256   679863.588
133  TPM3+F+G4     328983.275   125 658216.550   658218.135   659204.467
134  TPM3+F+I+G4   327666.570   126 655585.140   655586.750   656580.960
135  TPM3+F+R2     331949.408   126 664150.815   664152.426   665146.636
136  TPM3+F+R3     328100.892   128 656457.784   656459.446   657469.411
137  TPM3+F+R4     327542.209   130 655344.418   655346.132   656371.852
138  TPM3+F+R5     327486.209   132 655236.417   655238.185   656279.658
139  TPM3+F+R6     327478.990   134 655225.981   655227.802   656285.028
144  TPM3u+F       368317.620   124 736883.241   736884.801   737863.254
145  TPM3u+F+I     339312.867   125 678875.734   678877.320   679863.652
146  TPM3u+F+G4    328983.275   125 658216.551   658218.136   659204.468
147  TPM3u+F+I+G4  327666.569   126 655585.138   655586.749   656580.959
148  TPM3u+F+R2    331949.407   126 664150.814   664152.425   665146.635
149  TPM3u+F+R3    328100.880   128 656457.760   656459.422   657469.387
150  TPM3u+F+R4    327542.188   130 655344.377   655346.091   656371.811
151  TPM3u+F+R5    327486.198   132 655236.395   655238.163   656279.636
152  TPM3u+F+R6    327478.939   134 655225.878   655227.699   656284.925
157  TIMe          367544.928   122 735333.856   735335.367   736298.064
158  TIMe+I        339095.424   123 678436.847   678438.382   679408.958
159  TIMe+G4       328864.764   123 657975.528   657977.063   658947.639
160  TIMe+I+G4     327603.632   124 655455.264   655456.824   656435.278
161  TIMe+R2       331937.832   124 664123.664   664125.224   665103.678
162  TIMe+R3       328060.417   126 656372.833   656374.444   657368.654
163  TIMe+R4       327501.356   128 655258.712   655260.374   656270.339
164  TIMe+R5       327439.365   130 655138.730   655140.445   656166.164
165  TIMe+R6       327432.455   132 655128.910   655130.678   656172.151
170  TIM+F         367821.371   125 735892.741   735894.326   736880.658
171  TIM+F+I       338682.354   126 677616.708   677618.319   678612.529
172  TIM+F+G4      328479.291   126 657210.581   657212.192   658206.402
173  TIM+F+I+G4    327177.994   127 654609.989   654611.625   655613.713
174  TIM+F+R2      331538.561   127 663331.121   663332.757   664334.845
175  TIM+F+R3      327649.601   129 655557.203   655558.891   656576.734
176  TIM+F+R4      327085.001   131 654432.002   654433.743   655467.339
177  TIM+F+R5      327023.742   133 654313.483   654315.278   655364.627
178  TIM+F+R6      327015.806   135 654301.612   654303.461   655368.563
183  TIM2e         367456.706   122 735157.413   735158.923   736121.620
184  TIM2e+I       338946.958   123 678139.917   678141.452   679112.027
185  TIM2e+G4      328585.207   123 657416.415   657417.949   658388.525
186  TIM2e+I+G4    327365.574   124 654979.148   654980.708   655959.162
187  TIM2e+R2      331685.381   124 663618.762   663620.322   664598.776
188  TIM2e+R3      327822.743   126 655897.486   655899.096   656893.306
189  TIM2e+R4      327277.746   128 654811.493   654813.155   655823.120
190  TIM2e+R5      327222.007   130 654704.014   654705.728   655731.448
191  TIM2e+R6      327216.000   132 654696.000   654697.767   655739.240
196  TIM2+F        367733.736   125 735717.472   735719.057   736705.389
197  TIM2+F+I      338531.408   126 677314.816   677316.426   678310.636
198  TIM2+F+G4     328188.413   126 656628.826   656630.436   657624.646
199  TIM2+F+I+G4   326927.993   127 654109.986   654111.622   655113.710
200  TIM2+F+R2     331283.724   127 662821.449   662823.085   663825.173
201  TIM2+F+R3     327401.486   129 655060.972   655062.661   656080.503
202  TIM2+F+R4     326849.814   131 653961.628   653963.369   654996.965
203  TIM2+F+R5     326793.942   133 653853.884   653855.679   654905.028
204  TIM2+F+R6     326787.131   135 653844.261   653846.110   654911.212
209  TIM3e         366905.800   122 734055.600   734057.110   735019.807
210  TIM3e+I       339043.620   123 678333.240   678334.775   679305.351
211  TIM3e+G4      328665.974   123 657577.947   657579.482   658550.058
212  TIM3e+I+G4    327445.900   124 655139.801   655141.361   656119.815
213  TIM3e+R2      331859.293   124 663966.586   663968.146   664946.600
214  TIM3e+R3      327923.434   126 656098.869   656100.479   657094.689
215  TIM3e+R4      327344.603   128 654945.207   654946.869   655956.834
216  TIM3e+R5      327273.227   130 654806.453   654808.168   655833.887
217  TIM3e+R6      327265.662   132 654795.323   654797.091   655838.564
222  TIM3+F        367543.123   125 735336.247   735337.832   736324.164
223  TIM3+F+I      338697.417   126 677646.834   677648.444   678642.654
224  TIM3+F+G4     328460.399   126 657172.798   657174.409   658168.619
225  TIM3+F+I+G4   327170.511   127 654595.022   654596.659   655598.746
226  TIM3+F+R2     331550.818   127 663355.635   663357.272   664359.359
227  TIM3+F+R3     327646.670   129 655551.340   655553.028   656570.871
228  TIM3+F+R4     327077.750   131 654417.499   654419.240   655452.837
229  TIM3+F+R5     327014.774   133 654295.548   654297.343   655346.692
230  TIM3+F+R6     327007.051   135 654284.103   654285.952   655351.053
235  TVMe          367280.806   123 734807.612   734809.147   735779.723
236  TVMe+I        339119.432   124 678486.865   678488.425   679466.878
237  TVMe+G4       328614.145   124 657476.290   657477.850   658456.304
238  TVMe+I+G4     327406.424   125 655062.849   655064.434   656050.766
239  TVMe+R2       331691.648   125 663633.295   663634.880   664621.212
240  TVMe+R3       327844.519   127 655943.038   655944.675   656946.762
241  TVMe+R4       327300.412   129 654858.823   654860.512   655878.354
242  TVMe+R5       327244.313   131 654750.626   654752.367   655785.963
243  TVMe+R6       327238.135   133 654742.271   654744.065   655793.415
248  TVM+F         368165.528   126 736583.056   736584.666   737578.876
249  TVM+F+I       339080.720   127 678415.441   678417.077   679419.164
250  TVM+F+G4      328656.058   127 657566.117   657567.753   658569.841
251  TVM+F+I+G4    327376.211   128 655008.422   655010.085   656020.050
252  TVM+F+R2      331595.384   128 663446.769   663448.431   664458.396
253  TVM+F+R3      327810.479   130 655880.958   655882.672   656908.392
254  TVM+F+R4      327260.486   132 654784.972   654786.739   655828.212
255  TVM+F+R5      327214.631   134 654697.261   654699.083   655756.308
256  TVM+F+R6      327208.595   136 654689.189   654691.066   655764.043
261  SYM           366756.666   124 733761.331   733762.891   734741.345
262  SYM+I         338816.716   125 677883.431   677885.016   678871.348
263  SYM+G4        328313.420   125 656876.839   656878.424   657864.756
264  SYM+I+G4      327140.296   126 654532.592   654534.203   655528.413
265  SYM+R2        331512.606   126 663277.211   663278.822   664273.032
266  SYM+R3        327612.647   128 655481.294   655482.956   656492.921
267  SYM+R4        327055.505   130 654371.009   654372.724   655398.443
268  SYM+R5        326991.790   132 654247.580   654249.348   655290.821
269  SYM+R6        326985.571   134 654239.143   654240.964   655298.190
274  GTR+F         367392.893   127 735039.785   735041.422   736043.509
275  GTR+F+I       338469.386   128 677194.772   677196.434   678206.399
276  GTR+F+G4      328104.151   128 656464.303   656465.965   657475.930
277  GTR+F+I+G4    326859.646   129 653977.292   653978.980   654996.822
278  GTR+F+R2      331207.177   129 662672.354   662674.042   663691.884
279  GTR+F+R3      327333.631   131 654929.261   654931.002   655964.599
280  GTR+F+R4      326781.584   133 653829.168   653830.963   654880.312
281  GTR+F+R5      326724.693   135 653719.386   653721.235   654786.336
282  GTR+F+R6      326718.455   137 653710.909   653712.813   654793.666
Akaike Information Criterion:           GTR+F+R6
Corrected Akaike Information Criterion: GTR+F+R6
Bayesian Information Criterion:         GTR+F+R5
Best-fit model: GTR+F+R5 chosen according to BIC

All model information printed to /Users/caitlin/Repositories/treelikeness/raw_data/Broughton_2013/alignment.nex.model.gz
CPU time for ModelFinder: 2033.084 seconds (0h:33m:53s)
Wall-clock time for ModelFinder: 1097.202 seconds (0h:18m:17s)

NOTE: 126 MB RAM (0 GB) is required!
Measuring multi-threading efficiency up to 4 CPU cores
Increase to 10 rounds for branch lengths
2 trees examined
Threads: 1 / Time: 4.860 sec / Speedup: 1.000 / Efficiency: 100% / LogL: -412649
Threads: 2 / Time: 3.312 sec / Speedup: 1.467 / Efficiency: 73% / LogL: -412649
Threads: 3 / Time: 3.194 sec / Speedup: 1.522 / Efficiency: 51% / LogL: -412649
Threads: 4 / Time: 2.113 sec / Speedup: 2.301 / Efficiency: 58% / LogL: -412649
BEST NUMBER OF THREADS: 4

Estimate model parameters (epsilon = 0.100)
1. Initial log-likelihood: -342511.769
2. Current log-likelihood: -327082.650
3. Current log-likelihood: -326804.623
4. Current log-likelihood: -326765.420
5. Current log-likelihood: -326753.998
6. Current log-likelihood: -326748.980
7. Current log-likelihood: -326746.063
8. Current log-likelihood: -326743.770
9. Current log-likelihood: -326742.032
10. Current log-likelihood: -326740.485
11. Current log-likelihood: -326739.163
12. Current log-likelihood: -326738.073
13. Current log-likelihood: -326736.994
14. Current log-likelihood: -326736.118
15. Current log-likelihood: -326735.336
16. Current log-likelihood: -326734.601
17. Current log-likelihood: -326733.938
18. Current log-likelihood: -326733.326
19. Current log-likelihood: -326732.777
20. Current log-likelihood: -326732.247
21. Current log-likelihood: -326731.773
22. Current log-likelihood: -326731.328
23. Current log-likelihood: -326730.926
24. Current log-likelihood: -326730.539
25. Current log-likelihood: -326730.191
26. Current log-likelihood: -326729.855
27. Current log-likelihood: -326729.529
28. Current log-likelihood: -326729.197
29. Current log-likelihood: -326728.901
30. Current log-likelihood: -326728.621
31. Current log-likelihood: -326728.377
32. Current log-likelihood: -326728.137
33. Current log-likelihood: -326727.908
34. Current log-likelihood: -326727.685
35. Current log-likelihood: -326727.487
36. Current log-likelihood: -326727.302
37. Current log-likelihood: -326727.118
38. Current log-likelihood: -326726.954
39. Current log-likelihood: -326726.808
40. Current log-likelihood: -326726.676
41. Current log-likelihood: -326726.550
42. Current log-likelihood: -326726.421
43. Current log-likelihood: -326726.305
44. Current log-likelihood: -326726.197
45. Current log-likelihood: -326726.095
46. Current log-likelihood: -326725.992
Optimal log-likelihood: -326725.875
Rate parameters:  A-C: 1.71701  A-G: 4.25263  A-T: 1.90191  C-G: 1.40532  C-T: 6.80556  G-T: 1.00000
Base frequencies:  A: 0.257  C: 0.270  G: 0.257  T: 0.217
Site proportion and rates:  (0.383,0.013) (0.173,0.313) (0.207,1.075) (0.157,2.240) (0.080,4.583)
Parameters optimization took 46 rounds (82.501 sec)
Computing ML distances based on estimated model parameters... 1.148 sec
Computing BIONJ tree...
0.005 seconds
Log-likelihood of BIONJ tree: -327166.214
--------------------------------------------------------------------
|             INITIALIZING CANDIDATE TREE SET                      |
--------------------------------------------------------------------
Generating 98 parsimony trees... 11.197 second
Computing log-likelihood of 98 initial trees ... 23.442 seconds
Current best score: -326725.875

Do NNI search on 20 best initial trees
Estimate model parameters (epsilon = 0.100)
BETTER TREE FOUND at iteration 1: -326703.870
Iteration 10 / LogL: -326706.191 / Time: 0h:20m:49s
Iteration 20 / LogL: -326706.783 / Time: 0h:21m:8s
Finish initializing candidate tree set (2)
Current best tree score: -326703.870 / CPU time: 72.932
Number of iterations: 20
--------------------------------------------------------------------
|               OPTIMIZING CANDIDATE TREE SET                      |
--------------------------------------------------------------------
Iteration 30 / LogL: -326708.334 / Time: 0h:21m:29s (0h:7m:50s left)
Iteration 40 / LogL: -326705.919 / Time: 0h:21m:56s (0h:5m:42s left)
Iteration 50 / LogL: -326704.909 / Time: 0h:22m:19s (0h:4m:11s left)
Iteration 60 / LogL: -326705.206 / Time: 0h:22m:41s (0h:3m:3s left)
Iteration 70 / LogL: -326705.469 / Time: 0h:23m:5s (0h:2m:9s left)
Iteration 80 / LogL: -326704.958 / Time: 0h:23m:36s (0h:1m:24s left)
Iteration 90 / LogL: -326705.801 / Time: 0h:23m:57s (0h:0m:42s left)
Iteration 100 / LogL: -326705.443 / Time: 0h:24m:26s (0h:0m:3s left)
TREE SEARCH COMPLETED AFTER 102 ITERATIONS / Time: 0h:24m:31s

--------------------------------------------------------------------
|                    FINALIZING TREE SEARCH                        |
--------------------------------------------------------------------
Performs final model parameters optimization
Estimate model parameters (epsilon = 0.010)
1. Initial log-likelihood: -326703.870
2. Current log-likelihood: -326703.792
3. Current log-likelihood: -326703.746
4. Current log-likelihood: -326703.704
5. Current log-likelihood: -326703.625
6. Current log-likelihood: -326703.548
7. Current log-likelihood: -326703.473
8. Current log-likelihood: -326703.439
9. Current log-likelihood: -326703.404
10. Current log-likelihood: -326703.368
11. Current log-likelihood: -326703.336
12. Current log-likelihood: -326703.306
13. Current log-likelihood: -326703.244
14. Current log-likelihood: -326703.227
15. Current log-likelihood: -326703.198
16. Current log-likelihood: -326703.171
17. Current log-likelihood: -326703.156
18. Current log-likelihood: -326703.129
19. Current log-likelihood: -326703.115
20. Current log-likelihood: -326703.088
21. Current log-likelihood: -326703.074
22. Current log-likelihood: -326703.052
23. Current log-likelihood: -326703.039
24. Current log-likelihood: -326703.026
25. Current log-likelihood: -326703.012
26. Current log-likelihood: -326703.000
27. Current log-likelihood: -326702.989
28. Current log-likelihood: -326702.966
29. Current log-likelihood: -326702.954
30. Current log-likelihood: -326702.943
31. Current log-likelihood: -326702.932
Optimal log-likelihood: -326702.917
Rate parameters:  A-C: 1.71982  A-G: 4.26554  A-T: 1.90174  C-G: 1.40529  C-T: 6.81998  G-T: 1.00000
Base frequencies:  A: 0.257  C: 0.270  G: 0.257  T: 0.217
Site proportion and rates:  (0.388,0.014) (0.176,0.330) (0.215,1.130) (0.148,2.361) (0.073,4.696)
Parameters optimization took 31 rounds (34.731 sec)
BEST SCORE FOUND : -326702.917
Total tree length: 8.480

Total number of iterations: 102
CPU time used for tree search: 949.757 sec (0h:15m:49s)
Wall-clock time used for tree search: 276.263 sec (0h:4m:36s)
Total CPU time used: 3434.959 sec (0h:57m:14s)
Total wall-clock time used: 1506.212 sec (0h:25m:6s)

Analysis results written to: 
  IQ-TREE report:                /Users/caitlin/Repositories/treelikeness/raw_data/Broughton_2013/alignment.nex.iqtree
  Maximum-likelihood tree:       /Users/caitlin/Repositories/treelikeness/raw_data/Broughton_2013/alignment.nex.treefile
  Likelihood distances:          /Users/caitlin/Repositories/treelikeness/raw_data/Broughton_2013/alignment.nex.mldist
  Screen log file:               /Users/caitlin/Repositories/treelikeness/raw_data/Broughton_2013/alignment.nex.log

Date and Time: Tue Mar 13 16:12:52 2018
