IQ-TREE multicore version 1.5.5 for Mac OS X 64-bit built Feb  4 2018
Copyright (c) 2011-2017 by Bui Quang Minh, Nguyen Lam Tung,
Olga Chernomor, Heiko Schmidt, and Arndt von Haeseler.

Host:    rsb0001342.uds.anu.edu.au (AVX2, FMA3, 16 GB RAM)
Command: iqtree -s alignment.nex -nt AUTO -redo
Seed:    484401 (Using SPRNG - Scalable Parallel Random Number Generator)
Time:    Wed Apr  4 12:19:02 2018
Kernel:  AVX+FMA - auto-detect threads (4 CPU cores detected)

Reading alignment file alignment.nex ... Nexus format detected
Skipping unknown block (SETS)...
Alignment has 17 sequences with 583 columns and 231 patterns (114 informative sites, 374 constant sites)
WARNING: Some sequence names are changed as follows:
A. pisum -> A._pisum
A. cephalotes -> A._cephalotes
A. echinatior -> A._echinatior
S. invicta -> S._invicta
C. floridanus -> C._floridanus
L. humile -> L._humile
P. barbatus -> P._barbatus
H. saltator -> H._saltator
A. florea -> A._florea
A. mellifera -> A._mellifera
B. impatiens -> B._impatiens
B. terrestris -> B._terrestris
N. vitripennis -> N._vitripennis
B. mori -> B._mori
C. quinquefasciatus -> C._quinquefasciatus
D. melanogaster -> D._melanogaster
T. castaneum -> T._castaneum

                     Gap/Ambiguity  Composition  p-value
   1  A._pisum               1.89%    passed     97.61%
   2  A._cephalotes          2.74%    passed    100.00%
   3  A._echinatior          2.74%    passed    100.00%
   4  S._invicta             2.92%    passed    100.00%
   5  C._floridanus          2.57%    passed    100.00%
   6  L._humile              2.57%    passed    100.00%
   7  P._barbatus            2.40%    passed    100.00%
   8  H._saltator            2.06%    passed    100.00%
   9  A._florea              2.23%    passed    100.00%
  10  A._mellifera           2.23%    passed    100.00%
  11  B._impatiens           2.23%    passed    100.00%
  12  B._terrestris          2.40%    passed    100.00%
  13  N._vitripennis         1.89%    passed    100.00%
  14  B._mori                1.89%    passed    100.00%
  15  C._quinquefasciatus    1.72%    passed     91.32%
  16  D._melanogaster        1.72%    passed    100.00%
  17  T._castaneum           1.54%    passed     99.88%
****  TOTAL                  2.22%  0 sequences failed composition chi2 test (p-value<5%; df=19)

Create initial parsimony tree by phylogenetic likelihood library (PLL)... 0.002 seconds

NOTE: ModelFinder requires 6 MB RAM!
ModelFinder will test 468 protein models (sample size: 583) ...
 No. Model         -LnL         df  AIC          AICc         BIC
Measuring multi-threading efficiency up to 4 CPU cores
Increase to 10 rounds for branch lengths
551 trees examined
Threads: 1 / Time: 4.006 sec / Speedup: 1.000 / Efficiency: 100% / LogL: -5507
Threads: 2 / Time: 7.247 sec / Speedup: 0.553 / Efficiency: 28% / LogL: -5507
BEST NUMBER OF THREADS: 1

  1  Dayhoff       4780.903     31  9623.806     9627.406     9759.219
  2  Dayhoff+I     4543.037     32  9150.074     9153.914     9289.856
  3  Dayhoff+G4    4514.184     32  9092.368     9096.208     9232.150
  4  Dayhoff+I+G4  4504.136     33  9074.272     9078.360     9218.422
  5  Dayhoff+R2    4521.886     33  9109.772     9113.860     9253.922
  6  Dayhoff+R3    4499.694     35  9069.389     9073.996     9222.275
  7  Dayhoff+R4    4499.531     37  9073.062     9078.222     9234.685
  8  Dayhoff+R5    Skipped 
  9  Dayhoff+R6    Skipped 
 10  Dayhoff+R7    Skipped 
 11  Dayhoff+R8    Skipped 
 12  Dayhoff+R9    Skipped 
 13  Dayhoff+R10   Skipped 
 14  Dayhoff+F     4746.279     50  9592.558     9602.145     9810.968
 15  Dayhoff+F+I   4503.702     51  9109.404     9119.392     9332.181
 16  Dayhoff+F+G4  4471.462     51  9044.924     9054.913     9267.702
 17  Dayhoff+F+I+G4 4460.296     52  9024.592     9034.992     9251.738
 18  Dayhoff+F+R2  4479.892     52  9063.785     9074.185     9290.931
 19  Dayhoff+F+R3  4454.963     54  9017.927     9029.177     9253.809
 20  Dayhoff+F+R4  4454.789     56  9021.577     9033.714     9266.196
 21  Dayhoff+F+R5  Skipped 
 22  Dayhoff+F+R6  Skipped 
 23  Dayhoff+F+R7  Skipped 
 24  Dayhoff+F+R8  Skipped 
 25  Dayhoff+F+R9  Skipped 
 26  Dayhoff+F+R10 Skipped 
 27  mtMAM         5200.033     31  10462.066    10465.666    10597.479
 28  mtMAM+I       4884.724     32  9833.447     9837.287     9973.229
 29  mtMAM+G4      4733.944     32  9531.888     9535.728     9671.670
 30  mtMAM+I+G4    4724.021     33  9514.043     9518.130     9658.193
 31  mtMAM+R2      4760.732     33  9587.464     9591.551     9731.614
 32  mtMAM+R3      4719.515     35  9509.030     9513.637     9661.916
 33  mtMAM+R4      4718.174     37  9510.347     9515.507     9671.970
 34  mtMAM+R5      Skipped 
 35  mtMAM+R6      Skipped 
 36  mtMAM+R7      Skipped 
 37  mtMAM+R8      Skipped 
 38  mtMAM+R9      Skipped 
 39  mtMAM+R10     Skipped 
 40  mtMAM+F       4950.603     50  10001.206    10010.792    10219.615
 41  mtMAM+F+I     4626.546     51  9355.091     9365.080     9577.869
 42  mtMAM+F+G4    4511.684     51  9125.367     9135.356     9348.145
 43  mtMAM+F+I+G4  4499.433     52  9102.865     9113.265     9330.011
 44  mtMAM+F+R2    4531.712     52  9167.424     9177.824     9394.570
 45  mtMAM+F+R3    4495.479     54  9098.959     9110.209     9334.841
 46  mtMAM+F+R4    4491.921     56  9095.843     9107.980     9340.461
 47  mtMAM+F+R5    Skipped 
 48  mtMAM+F+R6    Skipped 
 49  mtMAM+F+R7    Skipped 
 50  mtMAM+F+R8    Skipped 
 51  mtMAM+F+R9    Skipped 
 52  mtMAM+F+R10   Skipped 
 53  JTT           4732.342     31  9526.684     9530.285     9662.098
 54  JTT+I         4505.746     32  9075.491     9079.331     9215.273
 55  JTT+G4        4469.926     32  9003.853     9007.693     9143.635
 56  JTT+I+G4      4461.259     33  8988.518     8992.605     9132.668
 57  JTT+R2        4475.378     33  9016.756     9020.843     9160.906
 58  JTT+R3        4457.971     35  8985.941     8990.548     9138.828
 59  JTT+R4        4455.446     37  8984.891     8990.051     9146.514
 60  JTT+R5        Skipped 
 61  JTT+R6        Skipped 
 62  JTT+R7        Skipped 
 63  JTT+R8        Skipped 
 64  JTT+R9        Skipped 
 65  JTT+R10       Skipped 
 66  JTT+F         4714.922     50  9529.844     9539.430     9748.253
 67  JTT+F+I       4482.940     51  9067.880     9077.868     9290.657
 68  JTT+F+G4      4443.525     51  8989.050     8999.039     9211.828
 69  JTT+F+I+G4    4434.571     52  8973.142     8983.542     9200.287
 70  JTT+F+R2      4449.816     52  9003.633     9014.033     9230.779
 71  JTT+F+R3      4431.353     54  8970.706     8981.956     9206.588
 72  JTT+F+R4      4428.269     56  8968.538     8980.675     9213.156
 73  JTT+F+R5      Skipped 
 74  JTT+F+R6      Skipped 
 75  JTT+F+R7      Skipped 
 76  JTT+F+R8      Skipped 
 77  JTT+F+R9      Skipped 
 78  JTT+F+R10     Skipped 
 79  WAG           4719.432     31  9500.864     9504.464     9636.278
 80  WAG+I         4503.544     32  9071.089     9074.929     9210.871
 81  WAG+G4        4474.531     32  9013.061     9016.901     9152.843
 82  WAG+I+G4      4465.303     33  8996.607     9000.694     9140.757
 83  WAG+R2        4479.939     33  9025.878     9029.966     9170.028
 84  WAG+R3        4459.432     35  8988.864     8993.471     9141.751
 85  WAG+R4        4458.214     37  8990.428     8995.587     9152.050
 86  WAG+R5        Skipped 
 87  WAG+R6        Skipped 
 88  WAG+R7        Skipped 
 89  WAG+R8        Skipped 
 90  WAG+R9        Skipped 
 91  WAG+R10       Skipped 
 92  WAG+F         4698.384     50  9496.769     9506.355     9715.178
 93  WAG+F+I       4479.846     51  9061.691     9071.680     9284.469
 94  WAG+F+G4      4448.530     51  8999.059     9009.048     9221.837
 95  WAG+F+I+G4    4438.511     52  8981.022     8991.422     9208.167
 96  WAG+F+R2      4454.448     52  9012.897     9023.297     9240.043
 97  WAG+F+R3      4431.973     54  8971.947     8983.197     9207.829
 98  WAG+F+R4      4430.692     56  8973.383     8985.520     9218.002
 99  WAG+F+R5      Skipped 
100  WAG+F+R6      Skipped 
101  WAG+F+R7      Skipped 
102  WAG+F+R8      Skipped 
103  WAG+F+R9      Skipped 
104  WAG+F+R10     Skipped 
105  cpREV         4751.329     31  9564.658     9568.259     9700.072
106  cpREV+I       4536.485     32  9136.969     9140.809     9276.751
107  cpREV+G4      4492.686     32  9049.372     9053.212     9189.154
108  cpREV+I+G4    4482.021     33  9030.042     9034.130     9174.193
109  cpREV+R2      4499.688     33  9065.375     9069.463     9209.526
110  cpREV+R3      4475.004     35  9020.008     9024.615     9172.895
111  cpREV+R4      4471.870     37  9017.740     9022.899     9179.363
112  cpREV+R5      Skipped 
113  cpREV+R6      Skipped 
114  cpREV+R7      Skipped 
115  cpREV+R8      Skipped 
116  cpREV+R9      Skipped 
117  cpREV+R10     Skipped 
118  cpREV+F       4726.866     50  9553.732     9563.318     9772.141
119  cpREV+F+I     4505.207     51  9112.413     9122.402     9335.191
120  cpREV+F+G4    4461.987     51  9025.973     9035.962     9248.751
121  cpREV+F+I+G4  4449.496     52  9002.993     9013.393     9230.138
122  cpREV+F+R2    4470.356     52  9044.712     9055.112     9271.858
123  cpREV+F+R3    4440.025     54  8988.051     8999.301     9223.933
124  cpREV+F+R4    4437.349     56  8986.698     8998.835     9231.316
125  cpREV+F+R5    Skipped 
126  cpREV+F+R6    Skipped 
127  cpREV+F+R7    Skipped 
128  cpREV+F+R8    Skipped 
129  cpREV+F+R9    Skipped 
130  cpREV+F+R10   Skipped 
131  mtREV         4997.048     31  10056.097    10059.697    10191.510
132  mtREV+I       4757.357     32  9578.714     9582.554     9718.496
133  mtREV+G4      4682.614     32  9429.227     9433.067     9569.009
134  mtREV+I+G4    4672.448     33  9410.896     9414.984     9555.046
135  mtREV+R2      4695.073     33  9456.147     9460.234     9600.297
136  mtREV+R3      4665.609     35  9401.218     9405.825     9554.105
137  mtREV+R4      4664.937     37  9403.874     9409.033     9565.497
138  mtREV+R5      Skipped 
139  mtREV+R6      Skipped 
140  mtREV+R7      Skipped 
141  mtREV+R8      Skipped 
142  mtREV+R9      Skipped 
143  mtREV+R10     Skipped 
144  mtREV+F       4753.332     50  9606.664     9616.251     9825.074
145  mtREV+F+I     4512.273     51  9126.546     9136.535     9349.324
146  mtREV+F+G4    4450.757     51  9003.515     9013.504     9226.293
147  mtREV+F+I+G4  4439.834     52  8983.667     8994.067     9210.813
148  mtREV+F+R2    4461.961     52  9027.922     9038.322     9255.068
149  mtREV+F+R3    4433.685     54  8975.370     8986.620     9211.252
150  mtREV+F+R4    4432.585     56  8977.171     8989.308     9221.789
151  mtREV+F+R5    Skipped 
152  mtREV+F+R6    Skipped 
153  mtREV+F+R7    Skipped 
154  mtREV+F+R8    Skipped 
155  mtREV+F+R9    Skipped 
156  mtREV+F+R10   Skipped 
157  rtREV         4766.088     31  9594.176     9597.777     9729.590
158  rtREV+I       4540.420     32  9144.840     9148.680     9284.622
159  rtREV+G4      4499.675     32  9063.350     9067.190     9203.132
160  rtREV+I+G4    4488.567     33  9043.133     9047.220     9187.283
161  rtREV+R2      4507.779     33  9081.558     9085.646     9225.709
162  rtREV+R3      4482.732     35  9035.463     9040.070     9188.350
163  rtREV+R4      4481.089     37  9036.178     9041.337     9197.801
164  rtREV+R5      Skipped 
165  rtREV+R6      Skipped 
166  rtREV+R7      Skipped 
167  rtREV+R8      Skipped 
168  rtREV+R9      Skipped 
169  rtREV+R10     Skipped 
170  rtREV+F       4704.444     50  9508.888     9518.474     9727.297
171  rtREV+F+I     4474.356     51  9050.713     9060.701     9273.490
172  rtREV+F+G4    4430.331     51  8962.662     8972.651     9185.440
173  rtREV+F+I+G4  4419.009     52  8942.019     8952.419     9169.165
174  rtREV+F+R2    4439.210     52  8982.420     8992.820     9209.566
175  rtREV+F+R3    4413.287     54  8934.574     8945.824     9170.456
176  rtREV+F+R4    4410.880     56  8933.760     8945.897     9178.379
177  rtREV+F+R5    Skipped 
178  rtREV+F+R6    Skipped 
179  rtREV+F+R7    Skipped 
180  rtREV+F+R8    Skipped 
181  rtREV+F+R9    Skipped 
182  rtREV+F+R10   Skipped 
183  mtART         5090.323     31  10242.647    10246.248    10378.061
184  mtART+I       4800.732     32  9665.464     9669.304     9805.246
185  mtART+G4      4675.392     32  9414.783     9418.623     9554.565
186  mtART+I+G4    4666.050     33  9398.101     9402.188     9542.251
187  mtART+R2      4696.544     33  9459.088     9463.175     9603.238
188  mtART+R3      4660.170     35  9390.340     9394.946     9543.226
189  mtART+R4      4656.157     37  9386.314     9391.474     9547.937
190  mtART+R5      Skipped 
191  mtART+R6      Skipped 
192  mtART+R7      Skipped 
193  mtART+R8      Skipped 
194  mtART+R9      Skipped 
195  mtART+R10     Skipped 
196  mtART+F       4836.481     50  9772.962     9782.548     9991.371
197  mtART+F+I     4556.302     51  9214.603     9224.592     9437.381
198  mtART+F+G4    4462.341     51  9026.681     9036.670     9249.459
199  mtART+F+I+G4  4450.625     52  9005.251     9015.651     9232.397
200  mtART+F+R2    4480.381     52  9064.762     9075.162     9291.907
201  mtART+F+R3    4444.121     54  8996.241     9007.491     9232.123
202  mtART+F+R4    4440.161     56  8992.323     9004.460     9236.941
203  mtART+F+R5    Skipped 
204  mtART+F+R6    Skipped 
205  mtART+F+R7    Skipped 
206  mtART+F+R8    Skipped 
207  mtART+F+R9    Skipped 
208  mtART+F+R10   Skipped 
209  mtZOA         4979.694     31  10021.389    10024.990    10156.803
210  mtZOA+I       4714.741     32  9493.481     9497.321     9633.263
211  mtZOA+G4      4613.563     32  9291.126     9294.966     9430.908
212  mtZOA+I+G4    4604.251     33  9274.503     9278.590     9418.653
213  mtZOA+R2      4630.257     33  9326.515     9330.602     9470.665
214  mtZOA+R3      4598.930     35  9267.859     9272.466     9420.746
215  mtZOA+R4      4597.030     37  9268.059     9273.219     9429.682
216  mtZOA+R5      Skipped 
217  mtZOA+R6      Skipped 
218  mtZOA+R7      Skipped 
219  mtZOA+R8      Skipped 
220  mtZOA+R9      Skipped 
221  mtZOA+R10     Skipped 
222  mtZOA+F       4771.307     50  9642.614     9652.200     9861.023
223  mtZOA+F+I     4511.853     51  9125.706     9135.695     9348.484
224  mtZOA+F+G4    4438.218     51  8978.435     8988.424     9201.213
225  mtZOA+F+I+G4  4427.563     52  8959.126     8969.526     9186.272
226  mtZOA+F+R2    4451.668     52  9007.337     9017.737     9234.482
227  mtZOA+F+R3    4422.162     54  8952.324     8963.574     9188.206
228  mtZOA+F+R4    4419.062     56  8950.125     8962.261     9194.743
229  mtZOA+F+R5    Skipped 
230  mtZOA+F+R6    Skipped 
231  mtZOA+F+R7    Skipped 
232  mtZOA+F+R8    Skipped 
233  mtZOA+F+R9    Skipped 
234  mtZOA+F+R10   Skipped 
235  VT            4727.674     31  9517.348     9520.949     9652.762
236  VT+I          4515.689     32  9095.378     9099.218     9235.160
237  VT+G4         4486.441     32  9036.882     9040.722     9176.664
238  VT+I+G4       4478.265     33  9022.530     9026.618     9166.681
239  VT+R2         4491.278     33  9048.556     9052.644     9192.706
240  VT+R3         4474.412     35  9018.825     9023.432     9171.711
241  VT+R4         4473.057     37  9020.113     9025.273     9181.736
242  VT+R5         Skipped 
243  VT+R6         Skipped 
244  VT+R7         Skipped 
245  VT+R8         Skipped 
246  VT+R9         Skipped 
247  VT+R10        Skipped 
248  VT+F          4702.591     50  9505.181     9514.768     9723.590
249  VT+F+I        4488.349     51  9078.699     9088.688     9301.476
250  VT+F+G4       4457.868     51  9017.736     9027.725     9240.514
251  VT+F+I+G4     4449.280     52  9002.560     9012.960     9229.706
252  VT+F+R2       4463.063     52  9030.126     9040.526     9257.272
253  VT+F+R3       4445.121     54  8998.243     9009.493     9234.125
254  VT+F+R4       4443.548     56  8999.096     9011.233     9243.715
255  VT+F+R5       Skipped 
256  VT+F+R6       Skipped 
257  VT+F+R7       Skipped 
258  VT+F+R8       Skipped 
259  VT+F+R9       Skipped 
260  VT+F+R10      Skipped 
261  LG            4711.225     31  9484.449     9488.050     9619.863
262  LG+I          4487.589     32  9039.178     9043.018     9178.960
263  LG+G4         4447.447     32  8958.893     8962.733     9098.675
264  LG+I+G4       4436.815     33  8939.630     8943.718     9083.780
265  LG+R2         4454.112     33  8974.224     8978.312     9118.374
266  LG+R3         4431.452     35  8932.905     8937.512     9085.791
267  LG+R4         4430.080     37  8934.160     8939.320     9095.783
268  LG+R5         Skipped 
269  LG+R6         Skipped 
270  LG+R7         Skipped 
271  LG+R8         Skipped 
272  LG+R9         Skipped 
273  LG+R10        Skipped 
274  LG+F          4687.124     50  9474.249     9483.835     9692.658
275  LG+F+I        4460.121     51  9022.241     9032.230     9245.019
276  LG+F+G4       4417.598     51  8937.195     8947.184     9159.973
277  LG+F+I+G4     4406.913     52  8917.825     8928.225     9144.971
278  LG+F+R2       4424.994     52  8953.988     8964.388     9181.134
279  LG+F+R3       4401.631     54  8911.262     8922.512     9147.144
280  LG+F+R4       4399.720     56  8911.440     8923.577     9156.059
281  LG+F+R5       Skipped 
282  LG+F+R6       Skipped 
283  LG+F+R7       Skipped 
284  LG+F+R8       Skipped 
285  LG+F+R9       Skipped 
286  LG+F+R10      Skipped 
287  DCMut         4780.708     31  9623.416     9627.016     9758.830
288  DCMut+I       4543.164     32  9150.329     9154.169     9290.111
289  DCMut+G4      4514.462     32  9092.924     9096.764     9232.706
290  DCMut+I+G4    4504.452     33  9074.905     9078.992     9219.055
291  DCMut+R2      4522.112     33  9110.224     9114.311     9254.374
292  DCMut+R3      4500.009     35  9070.018     9074.625     9222.905
293  DCMut+R4      4498.139     37  9070.277     9075.437     9231.900
294  DCMut+R5      Skipped 
295  DCMut+R6      Skipped 
296  DCMut+R7      Skipped 
297  DCMut+R8      Skipped 
298  DCMut+R9      Skipped 
299  DCMut+R10     Skipped 
300  DCMut+F       4745.847     50  9591.693     9601.280     9810.103
301  DCMut+F+I     4503.627     51  9109.255     9119.244     9332.032
302  DCMut+F+G4    4471.567     51  9045.134     9055.123     9267.912
303  DCMut+F+I+G4  4460.446     52  9024.892     9035.292     9252.038
304  DCMut+F+R2    4479.938     52  9063.876     9074.276     9291.021
305  DCMut+F+R3    4455.116     54  9018.231     9029.481     9254.113
306  DCMut+F+R4    4453.341     56  9018.682     9030.818     9263.300
307  DCMut+F+R5    Skipped 
308  DCMut+F+R6    Skipped 
309  DCMut+F+R7    Skipped 
310  DCMut+F+R8    Skipped 
311  DCMut+F+R9    Skipped 
312  DCMut+F+R10   Skipped 
313  PMB           4759.313     31  9580.626     9584.226     9716.040
314  PMB+I         4552.404     32  9168.808     9172.648     9308.590
315  PMB+G4        4523.067     32  9110.133     9113.973     9249.915
316  PMB+I+G4      4514.624     33  9095.247     9099.335     9239.398
317  PMB+R2        4527.824     33  9121.647     9125.735     9265.797
318  PMB+R3        4510.051     35  9090.103     9094.710     9242.989
319  PMB+R4        4509.001     37  9092.002     9097.161     9253.624
320  PMB+R5        Skipped 
321  PMB+R6        Skipped 
322  PMB+R7        Skipped 
323  PMB+R8        Skipped 
324  PMB+R9        Skipped 
325  PMB+R10       Skipped 
326  PMB+F         4718.008     50  9536.017     9545.603     9754.426
327  PMB+F+I       4509.233     51  9120.466     9130.455     9343.243
328  PMB+F+G4      4478.855     51  9059.710     9069.699     9282.488
329  PMB+F+I+G4    4469.710     52  9043.420     9053.820     9270.565
330  PMB+F+R2      4483.930     52  9071.859     9082.259     9299.005
331  PMB+F+R3      4464.247     54  9036.494     9047.744     9272.376
332  PMB+F+R4      4462.858     56  9037.715     9049.852     9282.334
333  PMB+F+R5      Skipped 
334  PMB+F+R6      Skipped 
335  PMB+F+R7      Skipped 
336  PMB+F+R8      Skipped 
337  PMB+F+R9      Skipped 
338  PMB+F+R10     Skipped 
339  HIVb          4885.128     31  9832.256     9835.857     9967.670
340  HIVb+I        4612.784     32  9289.568     9293.408     9429.350
341  HIVb+G4       4548.325     32  9160.650     9164.490     9300.432
342  HIVb+I+G4     4536.188     33  9138.377     9142.464     9282.527
343  HIVb+R2       4556.243     33  9178.486     9182.573     9322.636
344  HIVb+R3       4531.362     35  9132.724     9137.331     9285.610
345  HIVb+R4       4527.485     37  9128.971     9134.130     9290.594
346  HIVb+R5       Skipped 
347  HIVb+R6       Skipped 
348  HIVb+R7       Skipped 
349  HIVb+R8       Skipped 
350  HIVb+R9       Skipped 
351  HIVb+R10      Skipped 
352  HIVb+F        4852.189     50  9804.378     9813.964     10022.787
353  HIVb+F+I      4571.487     51  9244.974     9254.963     9467.752
354  HIVb+F+G4     4503.853     51  9109.706     9119.694     9332.483
355  HIVb+F+I+G4   4491.579     52  9087.158     9097.558     9314.304
356  HIVb+F+R2     4512.840     52  9129.679     9140.079     9356.825
357  HIVb+F+R3     4485.564     54  9079.129     9090.379     9315.011
358  HIVb+F+R4     4481.159     56  9074.317     9086.454     9318.936
359  HIVb+F+R5     Skipped 
360  HIVb+F+R6     Skipped 
361  HIVb+F+R7     Skipped 
362  HIVb+F+R8     Skipped 
363  HIVb+F+R9     Skipped 
364  HIVb+F+R10    Skipped 
365  HIVw          5040.298     31  10142.597    10146.198    10278.011
366  HIVw+I        4752.400     32  9568.800     9572.640     9708.582
367  HIVw+G4       4692.964     32  9449.928     9453.768     9589.710
368  HIVw+I+G4     4677.565     33  9421.130     9425.218     9565.281
369  HIVw+R2       4703.121     33  9472.242     9476.330     9616.393
370  HIVw+R3       4669.963     35  9409.925     9414.532     9562.812
371  HIVw+R4       4668.120     37  9410.240     9415.400     9571.863
372  HIVw+R5       Skipped 
373  HIVw+R6       Skipped 
374  HIVw+R7       Skipped 
375  HIVw+R8       Skipped 
376  HIVw+R9       Skipped 
377  HIVw+R10      Skipped 
378  HIVw+F        4976.690     50  10053.379    10062.966    10271.788
379  HIVw+F+I      4674.267     51  9450.534     9460.522     9673.311
380  HIVw+F+G4     4613.520     51  9329.039     9339.028     9551.817
381  HIVw+F+I+G4   4597.373     52  9298.746     9309.146     9525.892
382  HIVw+F+R2     4623.950     52  9351.900     9362.300     9579.045
383  HIVw+F+R3     4589.387     54  9286.773     9298.023     9522.655
384  HIVw+F+R4     4586.416     56  9284.832     9296.969     9529.450
385  HIVw+F+R5     Skipped 
386  HIVw+F+R6     Skipped 
387  HIVw+F+R7     Skipped 
388  HIVw+F+R8     Skipped 
389  HIVw+F+R9     Skipped 
390  HIVw+F+R10    Skipped 
391  JTTDCMut      4730.242     31  9522.484     9526.085     9657.898
392  JTTDCMut+I    4504.701     32  9073.403     9077.243     9213.185
393  JTTDCMut+G4   4469.090     32  9002.181     9006.021     9141.963
394  JTTDCMut+I+G4 4460.438     33  8986.876     8990.964     9131.027
395  JTTDCMut+R2   4474.547     33  9015.093     9019.181     9159.244
396  JTTDCMut+R3   4457.135     35  8984.270     8988.877     9137.156
397  JTTDCMut+R4   4454.674     37  8983.348     8988.507     9144.971
398  JTTDCMut+R5   Skipped 
399  JTTDCMut+R6   Skipped 
400  JTTDCMut+R7   Skipped 
401  JTTDCMut+R8   Skipped 
402  JTTDCMut+R9   Skipped 
403  JTTDCMut+R10  Skipped 
404  JTTDCMut+F    4713.092     50  9526.185     9535.771     9744.594
405  JTTDCMut+F+I  4482.033     51  9066.067     9076.055     9288.844
406  JTTDCMut+F+G4 4442.821     51  8987.642     8997.630     9210.419
407  JTTDCMut+F+I+G4 4433.892     52  8971.785     8982.185     9198.931
408  JTTDCMut+F+R2 4449.100     52  9002.200     9012.600     9229.346
409  JTTDCMut+F+R3 4430.430     54  8968.860     8980.110     9204.742
410  JTTDCMut+F+R4 4427.594     56  8967.187     8979.324     9211.806
411  JTTDCMut+F+R5 Skipped 
412  JTTDCMut+F+R6 Skipped 
413  JTTDCMut+F+R7 Skipped 
414  JTTDCMut+F+R8 Skipped 
415  JTTDCMut+F+R9 Skipped 
416  JTTDCMut+F+R10 Skipped 
417  FLU           4852.462     31  9766.925     9770.525     9902.338
418  FLU+I         4595.099     32  9254.198     9258.038     9393.980
419  FLU+G4        4537.773     32  9139.546     9143.386     9279.328
420  FLU+I+G4      4525.481     33  9116.961     9121.049     9261.111
421  FLU+R2        4545.438     33  9156.876     9160.964     9301.027
422  FLU+R3        4518.772     35  9107.544     9112.151     9260.430
423  FLU+R4        4517.333     37  9108.665     9113.825     9270.288
424  FLU+R5        Skipped 
425  FLU+R6        Skipped 
426  FLU+R7        Skipped 
427  FLU+R8        Skipped 
428  FLU+R9        Skipped 
429  FLU+R10       Skipped 
430  FLU+F         4820.415     50  9740.829     9750.416     9959.238
431  FLU+F+I       4556.429     51  9214.858     9224.847     9437.636
432  FLU+F+G4      4492.740     51  9087.479     9097.468     9310.257
433  FLU+F+I+G4    4479.772     52  9063.544     9073.944     9290.689
434  FLU+F+R2      4501.753     52  9107.506     9117.906     9334.651
435  FLU+F+R3      4472.413     54  9052.825     9064.075     9288.707
436  FLU+F+R4      4471.317     56  9054.633     9066.770     9299.252
437  FLU+F+R5      Skipped 
438  FLU+F+R6      Skipped 
439  FLU+F+R7      Skipped 
440  FLU+F+R8      Skipped 
441  FLU+F+R9      Skipped 
442  FLU+F+R10     Skipped 
443  Blosum62      4749.777     31  9561.553     9565.154     9696.967
444  Blosum62+I    4540.292     32  9144.585     9148.425     9284.367
445  Blosum62+G4   4510.597     32  9085.194     9089.034     9224.976
446  Blosum62+I+G4 4501.092     33  9068.184     9072.271     9212.334
447  Blosum62+R2   4516.312     33  9098.624     9102.711     9242.774
448  Blosum62+R3   4495.698     35  9061.396     9066.003     9214.283
449  Blosum62+R4   4495.372     37  9064.745     9069.904     9226.367
450  Blosum62+R5   Skipped 
451  Blosum62+R6   Skipped 
452  Blosum62+R7   Skipped 
453  Blosum62+R8   Skipped 
454  Blosum62+R9   Skipped 
455  Blosum62+R10  Skipped 
456  Blosum62+F    4723.543     50  9547.086     9556.672     9765.495
457  Blosum62+F+I  4513.172     51  9128.344     9138.332     9351.121
458  Blosum62+F+G4 4481.994     51  9065.988     9075.977     9288.766
459  Blosum62+F+I+G4 4471.950     52  9047.899     9058.299     9275.045
460  Blosum62+F+R2 4488.034     52  9080.067     9090.467     9307.213
461  Blosum62+F+R3 4465.977     54  9039.955     9051.205     9275.837
462  Blosum62+F+R4 4464.982     56  9041.964     9054.101     9286.582
463  Blosum62+F+R5 Skipped 
464  Blosum62+F+R6 Skipped 
465  Blosum62+F+R7 Skipped 
466  Blosum62+F+R8 Skipped 
467  Blosum62+F+R9 Skipped 
468  Blosum62+F+R10 Skipped 
Akaike Information Criterion:           LG+F+R3
Corrected Akaike Information Criterion: LG+F+R3
Bayesian Information Criterion:         LG+I+G4
Best-fit model: LG+I+G4 chosen according to BIC

All model information printed to alignment.nex.model
CPU time for ModelFinder: 45.510 seconds (0h:0m:45s)
Wall-clock time for ModelFinder: 46.491 seconds (0h:0m:46s)

NOTE: 2 MB RAM (0 GB) is required!
Estimate model parameters (epsilon = 0.100)
Thoroughly optimizing +I+G parameters from 10 start values...
Init pinv, alpha: 0.000, 1.000 / Estimate: 0.000, 0.261 / LogL: -4447.447
Init pinv, alpha: 0.071, 1.000 / Estimate: 0.321, 0.457 / LogL: -4437.679
Init pinv, alpha: 0.143, 1.000 / Estimate: 0.325, 0.461 / LogL: -4437.626
Init pinv, alpha: 0.214, 1.000 / Estimate: 0.325, 0.461 / LogL: -4437.626
Init pinv, alpha: 0.285, 1.000 / Estimate: 0.323, 0.459 / LogL: -4437.648
Init pinv, alpha: 0.356, 1.000 / Estimate: 0.369, 0.523 / LogL: -4437.051
Init pinv, alpha: 0.428, 1.000 / Estimate: 0.426, 0.636 / LogL: -4436.824
Init pinv, alpha: 0.499, 1.000 / Estimate: 0.463, 0.739 / LogL: -4437.096
Init pinv, alpha: 0.570, 1.000 / Estimate: 0.465, 0.746 / LogL: -4437.125
Init pinv, alpha: 0.642, 1.000 / Estimate: 0.466, 0.748 / LogL: -4437.133
Optimal pinv,alpha: 0.426, 0.636 / LogL: -4436.824

Parameters optimization took 2.539 sec
Computing ML distances based on estimated model parameters... 0.067 sec
Computing BIONJ tree...
0.005 seconds
Log-likelihood of BIONJ tree: -4446.205
--------------------------------------------------------------------
|             INITIALIZING CANDIDATE TREE SET                      |
--------------------------------------------------------------------
Generating 98 parsimony trees... 0.137 second
Computing log-likelihood of 98 initial trees ... 1.065 seconds
Current best score: -4436.824

Do NNI search on 20 best initial trees
Estimate model parameters (epsilon = 0.100)
BETTER TREE FOUND at iteration 1: -4436.822
Iteration 10 / LogL: -4436.826 / Time: 0h:0m:51s
Iteration 20 / LogL: -4437.866 / Time: 0h:0m:51s
Finish initializing candidate tree set (5)
Current best tree score: -4436.822 / CPU time: 2.693
Number of iterations: 20
--------------------------------------------------------------------
|               OPTIMIZING CANDIDATE TREE SET                      |
--------------------------------------------------------------------
Iteration 30 / LogL: -4436.840 / Time: 0h:0m:52s (0h:0m:15s left)
Iteration 40 / LogL: -4444.033 / Time: 0h:0m:53s (0h:0m:11s left)
Iteration 50 / LogL: -4437.867 / Time: 0h:0m:54s (0h:0m:8s left)
Iteration 60 / LogL: -4436.825 / Time: 0h:0m:55s (0h:0m:6s left)
Iteration 70 / LogL: -4437.884 / Time: 0h:0m:56s (0h:0m:4s left)
Iteration 80 / LogL: -4436.824 / Time: 0h:0m:57s (0h:0m:2s left)
Iteration 90 / LogL: -4436.825 / Time: 0h:0m:58s (0h:0m:1s left)
Iteration 100 / LogL: -4439.319 / Time: 0h:0m:59s (0h:0m:0s left)
TREE SEARCH COMPLETED AFTER 102 ITERATIONS / Time: 0h:0m:59s

--------------------------------------------------------------------
|                    FINALIZING TREE SEARCH                        |
--------------------------------------------------------------------
Performs final model parameters optimization
Estimate model parameters (epsilon = 0.010)
1. Initial log-likelihood: -4436.822
Optimal log-likelihood: -4436.821
Proportion of invariable sites: 0.425
Gamma shape alpha: 0.631
Parameters optimization took 1 rounds (0.021 sec)
BEST SCORE FOUND : -4436.821
Total tree length: 1.426

Total number of iterations: 102
CPU time used for tree search: 10.524 sec (0h:0m:10s)
Wall-clock time used for tree search: 10.554 sec (0h:0m:10s)
Total CPU time used: 58.692 sec (0h:0m:58s)
Total wall-clock time used: 59.720 sec (0h:0m:59s)

Analysis results written to: 
  IQ-TREE report:                alignment.nex.iqtree
  Maximum-likelihood tree:       alignment.nex.treefile
  Likelihood distances:          alignment.nex.mldist
  Screen log file:               alignment.nex.log

Date and Time: Wed Apr  4 12:20:02 2018
