IQ-TREE multicore version 1.6.2 for Mac OS X 64-bit built Mar  1 2018
Developed by Bui Quang Minh, Nguyen Lam Tung, Olga Chernomor,
Heiko Schmidt, Dominik Schrempf, Michael Woodhams.

Host:    Caitlins-MacBook-Pro.local (AVX2, FMA3, 8 GB RAM)
Command: /Applications/iqtree/bin/iqtree -s /Users/caitlin/Repositories/treelikeness/raw_data/Anderson_2013/alignment.nex -nt AUTO -redo
Seed:    448929 (Using SPRNG - Scalable Parallel Random Number Generator)
Time:    Wed Mar 14 09:51:35 2018
Kernel:  AVX+FMA - auto-detect threads (4 CPU cores detected)

Reading alignment file /Users/caitlin/Repositories/treelikeness/raw_data/Anderson_2013/alignment.nex ... Nexus format detected
Skipping unknown block (SETS)...
Alignment has 145 sequences with 3037 columns, 1040 distinct patterns
643 parsimony-informative, 434 singleton sites, 1960 constant sites
                                  Gap/Ambiguity  Composition  p-value
   1  10CH                               61.11%    passed     94.80%
   2  12CH                               60.06%    passed     98.54%
   3  13CH                               63.22%    passed     99.77%
   4  1CH                                59.63%    passed     97.71%
   5  4CH                                60.29%    passed     98.39%
   6  6CH                                59.89%    passed     98.80%
   7  72_VN018                           60.32%    passed     90.76%
   8  73_VN019                           60.32%    passed     93.73%
   9  75_VN021                           60.36%    passed     91.79%
  10  76_VN022                           60.32%    passed     86.71%
  11  78_VN024                           60.32%    passed     89.78%
  12  79_VN025                           60.45%    passed     91.17%
  13  7CH                                59.80%    passed     97.27%
  14  82_VN028                           60.03%    passed     94.63%
  15  84_VN113                           60.39%    passed     97.06%
  16  86_VN115                           60.62%    passed     56.95%
  17  89_VN118                           60.52%    passed     96.93%
  18  8CH                                62.10%    passed     94.93%
  19  91_VN120                           60.45%    passed     94.78%
  20  92_VN121                           60.39%    passed     97.56%
  21  9CH                                61.97%    passed     97.51%
  22  Afrololigo_mercatoris_FEA          62.56%    passed     68.63%
  23  Alloteuthis_africana_312327        63.62%    passed     23.29%
  24  Alloteuthis_africana_312328        63.06%    passed     22.45%
  25  Alloteuthis_africana_312329        66.81%    passed     26.59%
  26  Alloteuthis_africana_312330        64.18%    passed     32.92%
  27  Alloteuthis_africana_312331        62.63%    passed     30.00%
  28  Alloteuthis_africana_312333        63.52%    passed     24.34%
  29  Alloteuthis_africana_312334        64.60%    passed     35.97%
  30  Alloteuthis_africana_312335        63.98%    passed     33.77%
  31  Alloteuthis_africana_312336        62.79%    passed     29.31%
  32  Alloteuthis_media_312337           65.95%    passed     41.17%
  33  Alloteuthis_media_312340           62.89%    passed     35.83%
  34  Alloteuthis_media_312342           61.11%    passed     43.61%
  35  Alloteuthis_media_312344           62.86%    passed     35.38%
  36  Alloteuthis_media_312346           64.04%    passed     46.51%
  37  Alloteuthis_media_312348           64.27%    passed     49.80%
  38  Alloteuthis_media_312349           64.64%    passed     31.81%
  39  Alloteuthis_media_312350           63.71%    passed     41.77%
  40  Alloteuthis_media_312355           65.53%    passed     33.00%
  41  Alloteuthis_media_312359           62.30%    passed     53.91%
  42  Alloteuthis_media_312361           61.11%    passed     36.09%
  43  Alloteuthis_subulata_312364        62.23%    passed     53.59%
  44  Alloteuthis_subulata_312365        64.24%    passed     53.14%
  45  Alloteuthis_subulata_312366        61.05%    passed     48.00%
  46  Alloteuthis_subulata_FEA1          65.03%    passed     17.16%
  47  BO6                                59.57%    passed     96.01%
  48  BO7                                60.29%    passed     96.21%
  49  Doryteuthis_gahi_FEA1              61.57%    passed     75.65%
  50  Doryteuthis_opalescens_2001_MB_1    7.11%    passed     98.00%
  51  Doryteuthis_opalescens_FEAa        68.46%    passed     70.47%
  52  Doryteuthis_pealeii_FEA1           64.90%    passed     44.41%
  53  Doryteuthis_pleii_FEA1             63.68%    passed     31.64%
  54  DUM032                             59.14%    passed     89.68%
  55  Loligo_bleekeri_CG                  7.70%    passed     63.64%
  56  Loligo_forbesii_FEA                61.34%    passed     77.37%
  57  Loligo_formosana_Lind              62.00%    passed     47.21%
  58  Loligo_reynaudii_FEA               65.95%    passed     98.84%
  59  Loligo_vulgaris_FEA                65.43%    passed     82.79%
  60  Loliolus_beka_LB_1                 60.82%    passed     96.97%
  61  Loliolus_beka_LB_10                60.82%    passed     94.37%
  62  Loliolus_beka_LB_12                62.43%    passed     98.99%
  63  Loliolus_beka_LB_2                 60.85%    passed     97.32%
  64  Loliolus_beka_LB_3                 61.48%    passed     98.78%
  65  Loliolus_beka_LB_4                 60.82%    passed     93.54%
  66  Loliolus_japonica_FEA              65.10%    passed     87.72%
  67  Loliolus_japonica_LJ_1             61.54%    passed     99.31%
  68  Loliolus_sp__JMS_2004_Strug        68.82%    passed     51.08%
  69  Loliolus_uyii_LU_1                 61.61%    passed     93.76%
  70  Loliolus_uyii_LU_2                 60.88%    passed     95.92%
  71  Lolliguncula_brevis_FEA            67.67%    passed     76.59%
  72  Lolliguncula_diomedeae_Lind        62.30%    passed     97.19%
  73  Photololigo_sp__JMS_2004           63.06%    passed     99.89%
  74  RAJ040_01                          59.17%    passed     86.62%
  75  RAJ040_02                          58.97%    passed     95.60%
  76  RAJ040_03                          59.14%    passed     88.64%
  77  RAJ040_04                          59.10%    passed     86.40%
  78  RAJ040_05                          59.43%    passed     92.02%
  79  RAJ040_06                          59.37%    passed     92.72%
  80  RAJ040_08                          59.47%    passed     91.27%
  81  RAJ040_09                          59.37%    passed     90.21%
  82  RAJ040_11                          59.43%    passed     90.62%
  83  RAJ040_12                          59.47%    passed     91.57%
  84  RAJ040_13                          59.47%    passed     88.96%
  85  RAJ040_19                          59.50%    passed     90.85%
  86  Sepioteuthis_australis_FEAb        69.15%    passed     39.50%
  87  Sepioteuthis_lessoniana_1          64.87%    passed     34.77%
  88  Sepioteuthis_lessoniana_ha13       65.10%    passed     77.85%
  89  Sepioteuthis_lessoniana_ha16       65.13%    passed     34.48%
  90  Sepioteuthis_lessoniana_ha17       65.13%    passed     30.04%
  91  Sepioteuthis_lessoniana_ha18       65.13%    passed     39.10%
  92  Sepioteuthis_lessoniana_ha19       65.13%    passed     28.59%
  93  Sepioteuthis_lessoniana_ha20       65.13%    passed     34.53%
  94  Sepioteuthis_lessoniana_ha21       65.10%    passed     59.27%
  95  Sepioteuthis_lessoniana_ha22       65.10%    passed     65.44%
  96  Sepioteuthis_lessoniana_ha23       65.10%    passed     65.48%
  97  Sepioteuthis_lessoniana_ha24       65.10%    passed     54.10%
  98  Sepioteuthis_lessoniana_ha25       65.10%    passed     54.10%
  99  Sepioteuthis_lessoniana_ha26       65.10%    passed     59.43%
 100  Sepioteuthis_lessoniana_ha27       65.10%    passed     60.30%
 101  Sepioteuthis_lessoniana_ha28       65.10%    passed     64.64%
 102  Sepioteuthis_lessoniana_ha29       65.10%    passed     48.90%
 103  Sepioteuthis_lessoniana_ha4        65.06%    passed     81.56%
 104  Sepioteuthis_lessoniana_ha5        65.06%    passed     79.68%
 105  Sepioteuthis_lessoniana_ha6        65.06%    passed     79.72%
 106  Sepioteuthis_lessoniana_ha7        65.06%    passed     76.93%
 107  Sepioteuthis_lessoniana_ha8        65.06%    passed     73.76%
 108  Sepioteuthis_lessoniana_NC_007      8.10%    passed     54.14%
 109  Sepioteuthis_lessoniana_SL_1       62.53%    passed     42.95%
 110  Sepioteuthis_lessoniana_SL_2       61.80%    passed     43.77%
 111  Sepioteuthis_lessoniana_SL_3       62.53%    passed     42.45%
 112  Sepioteuthis_sepioidea_FEA         67.04%    passed     90.96%
 113  SUM001_01                          59.43%    passed     93.58%
 114  SUM001_03                          59.47%    passed     96.57%
 115  SUM001_08                          59.37%    passed     93.02%
 116  SUM001_13                          59.47%    passed     95.55%
 117  SUM001_15                          59.40%    passed     88.37%
 118  SUM001_16                          59.50%    passed     92.03%
 119  SUM001_17                          59.37%    passed     91.46%
 120  SUM001_20                          59.40%    passed     90.86%
 121  Uroteuthis_chinensis_FEA           66.45%    passed     47.83%
 122  Uroteuthis_chinensis_HKA           64.14%    passed     47.80%
 123  Uroteuthis_chinensis_HKB           64.14%    passed     52.82%
 124  Uroteuthis_chinensis_UC_1          60.59%    passed     53.19%
 125  Uroteuthis_chinensis_Xia02         64.14%    passed     57.87%
 126  Uroteuthis_duvauceli_1M            63.91%    passed     98.13%
 127  Uroteuthis_duvauceli_CC6           63.98%    passed     96.53%
 128  Uroteuthis_duvauceli_FEAa          65.79%    passed     95.83%
 129  Uroteuthis_duvauceli_UD_1          60.72%    passed     95.78%
 130  Uroteuthis_duvauceli_UD_2          60.78%    passed     95.97%
 131  Uroteuthis_duvauceli_UD_4          60.78%    passed     95.97%
 132  Uroteuthis_duvauceli_UD_7          61.34%    passed     96.47%
 133  Uroteuthis_duvauceli_UD_8          61.84%    passed     98.56%
 134  Uroteuthis_eduiis_A_Pankey          5.00%    passed     15.20%
 135  Uroteuthis_eduiis_B_Pankey          8.10%    passed     10.22%
 136  Uroteuthis_eduiis_C_Pankey          7.31%    passed     22.57%
 137  Uroteuthis_edulis_budo_CG           5.27%    passed     10.64%
 138  Uroteuthis_edulis_D_Pankey          4.77%    passed     31.19%
 139  Uroteuthis_edulis_kensaki_CG        6.62%    passed     17.46%
 140  Uroteuthis_edulis_NC_017746         5.27%    passed     10.00%
 141  Uroteuthis_edulis_Jp01             63.94%    passed     95.13%
 142  Uroteuthis_etheridgei_FEA          66.68%    passed     87.24%
 143  Uroteuthis_noctiluca_FEA           66.94%    passed     88.31%
 144  Uroteuthis_noctiluca_Nish          61.24%    passed     86.19%
 145  Uroteuthis_sibogae_US_3            61.44%    passed     71.00%
WARNING: 135 sequences contain more than 50% gaps/ambiguity
****  TOTAL                              58.71%  0 sequences failed composition chi2 test (p-value<5%; df=3)

NOTE: Restoring information from model checkpoint file /Users/caitlin/Repositories/treelikeness/raw_data/Anderson_2013/alignment.nex.model.gz

CHECKPOINT: Initial tree restored
NOTE: ModelFinder requires 49 MB RAM!
ModelFinder will test 286 DNA models (sample size: 3037) ...
 No. Model         -LnL         df  AIC          AICc         BIC
  1  JC            20865.508    287 42305.015    42365.150    44032.361
  2  JC+I          19398.367    288 39372.734    39433.310    41106.098
  3  JC+G4         19157.663    288 38891.326    38951.902    40624.690
  4  JC+I+G4       19144.990    289 38867.980    38928.999    40607.362
  5  JC+R2         19186.037    289 38950.074    39011.093    40689.457
  6  JC+R3         19135.791    291 38853.582    38915.492    40605.002
  7  JC+R4         19135.445    293 38856.891    38919.700    40620.348
 14  F81+F         20653.117    290 41886.234    41947.698    43631.636
 15  F81+F+I       19074.075    291 38730.150    38792.060    40481.570
 16  F81+F+G4      18817.192    291 38216.384    38278.294    39967.804
 17  F81+F+I+G4    18802.388    292 38188.776    38251.134    39946.214
 18  F81+F+R2      18846.093    292 38276.186    38338.545    40033.625
 19  F81+F+R3      18793.685    294 38175.371    38238.631    39944.847
 20  F81+F+R4      18793.045    296 38178.089    38242.259    39959.602
 27  K2P           20442.905    288 41461.810    41522.387    43195.174
 28  K2P+I         18947.619    289 38473.238    38534.257    40212.620
 29  K2P+G4        18688.979    289 37955.957    38016.976    39695.340
 30  K2P+I+G4      18671.593    290 37923.187    37984.651    39668.588
 31  K2P+R2        18722.516    290 38025.032    38086.496    39770.433
 32  K2P+R3        18664.496    292 37912.993    37975.352    39670.432
 33  K2P+R4        18663.865    294 37915.731    37978.991    39685.206
 40  HKY+F         20082.612    291 40747.225    40809.135    42498.645
 41  HKY+F+I       18367.034    292 37318.067    37380.426    39075.506
 42  HKY+F+G4      18079.318    292 36742.635    36804.994    38500.074
 43  HKY+F+I+G4    18048.220    293 36682.440    36745.249    38445.898
 44  HKY+F+R2      18112.534    293 36811.067    36873.876    38574.524
 45  HKY+F+R3      18046.534    295 36683.068    36746.782    38458.563
 46  HKY+F+R4      18036.164    297 36666.327    36730.954    38453.859
 47  HKY+F+R5      18034.451    299 36666.903    36732.449    38466.472
 53  TNe           20416.818    289 41411.635    41472.655    43151.018
 54  TNe+I         18927.703    290 38435.406    38496.870    40180.808
 55  TNe+G4        18669.810    290 37919.621    37981.085    39665.022
 56  TNe+I+G4      18651.295    291 37884.589    37946.500    39636.009
 57  TNe+R2        18705.570    291 37993.140    38055.051    39744.560
 58  TNe+R3        18645.613    293 37877.227    37940.035    39640.684
 59  TNe+R4        18644.015    295 37878.031    37941.745    39653.525
 66  TN+F          20048.424    292 40680.848    40743.207    42438.287
 67  TN+F+I        18345.113    293 37276.226    37339.034    39039.683
 68  TN+F+G4       18066.400    293 36718.799    36781.608    38482.256
 69  TN+F+I+G4     18028.198    294 36644.396    36707.657    38413.872
 70  TN+F+R2       18101.374    294 36790.748    36854.009    38560.224
 71  TN+F+R3       18030.009    296 36652.019    36716.188    38433.532
 72  TN+F+R4       18015.995    298 36627.991    36693.076    38421.541
 73  TN+F+R5       18014.754    300 36629.508    36695.516    38435.095
 79  K3P           20313.472    289 41204.944    41265.963    42944.326
 80  K3P+I         18807.214    290 38194.428    38255.892    39939.829
 81  K3P+G4        18555.422    290 37690.845    37752.309    39436.246
 82  K3P+I+G4      18539.587    291 37661.175    37723.085    39412.595
 83  K3P+R2        18588.191    291 37758.383    37820.293    39509.803
 84  K3P+R3        18532.142    293 37650.284    37713.093    39413.741
 85  K3P+R4        18532.079    295 37654.157    37717.871    39429.652
 92  K3Pu+F        20025.480    292 40634.960    40697.318    42392.398
 93  K3Pu+F+I      18335.051    293 37256.102    37318.910    39019.559
 94  K3Pu+F+G4     18052.856    293 36691.713    36754.521    38455.170
 95  K3Pu+F+I+G4   18025.920    294 36639.840    36703.100    38409.316
 96  K3Pu+F+R2     18086.605    294 36761.211    36824.471    38530.686
 97  K3Pu+F+R3     18023.216    296 36638.433    36702.602    38419.946
 98  K3Pu+F+R4     18014.198    298 36624.396    36689.481    38417.946
 99  K3Pu+F+R5     18012.692    300 36625.385    36691.394    38430.972
105  TPM2+F        19984.832    292 40553.664    40616.023    42311.103
106  TPM2+F+I      18332.924    293 37251.849    37314.657    39015.306
107  TPM2+F+G4     18055.336    293 36696.672    36759.481    38460.129
108  TPM2+F+I+G4   18028.626    294 36645.251    36708.511    38414.727
109  TPM2+F+R2     18087.880    294 36763.760    36827.021    38533.236
110  TPM2+F+R3     18025.545    296 36643.090    36707.259    38424.603
111  TPM2+F+R4     18016.137    298 36628.273    36693.359    38421.824
112  TPM2+F+R5     18014.591    300 36629.183    36695.191    38434.770
118  TPM2u+F       19984.835    292 40553.669    40616.028    42311.108
119  TPM2u+F+I     18332.923    293 37251.846    37314.655    39015.304
120  TPM2u+F+G4    18055.337    293 36696.674    36759.483    38460.131
121  TPM2u+F+I+G4  18028.613    294 36645.226    36708.487    38414.702
122  TPM2u+F+R2    18087.881    294 36763.761    36827.021    38533.237
123  TPM2u+F+R3    18025.515    296 36643.029    36707.199    38424.542
124  TPM2u+F+R4    18016.045    298 36628.091    36693.176    38421.641
125  TPM2u+F+R5    18014.556    300 36629.112    36695.121    38434.700
131  TPM3+F        20044.541    292 40673.081    40735.440    42430.520
132  TPM3+F+I      18346.396    293 37278.791    37341.600    39042.249
133  TPM3+F+G4     18055.654    293 36697.309    36760.117    38460.766
134  TPM3+F+I+G4   18027.900    294 36643.799    36707.060    38413.275
135  TPM3+F+R2     18090.752    294 36769.504    36832.764    38538.979
136  TPM3+F+R3     18024.708    296 36641.416    36705.585    38422.929
137  TPM3+F+R4     18017.143    298 36630.285    36695.371    38423.836
144  TPM3u+F       20044.541    292 40673.081    40735.440    42430.520
145  TPM3u+F+I     18346.385    293 37278.769    37341.578    39042.226
146  TPM3u+F+G4    18055.653    293 36697.306    36760.115    38460.764
147  TPM3u+F+I+G4  18027.899    294 36643.798    36707.059    38413.274
148  TPM3u+F+R2    18090.746    294 36769.492    36832.752    38538.968
149  TPM3u+F+R3    18024.716    296 36641.432    36705.601    38422.945
150  TPM3u+F+R4    18017.105    298 36630.210    36695.295    38423.760
157  TIMe          20287.441    290 41154.882    41216.345    42900.283
158  TIMe+I        18787.452    291 38156.903    38218.814    39908.323
159  TIMe+G4       18536.652    291 37655.304    37717.215    39406.724
160  TIMe+I+G4     18519.564    292 37623.127    37685.486    39380.566
161  TIMe+R2       18571.382    292 37726.765    37789.123    39484.203
162  TIMe+R3       18513.020    294 37614.041    37677.301    39383.517
163  TIMe+R4       18512.047    296 37616.094    37680.264    39397.608
170  TIM+F         19991.269    293 40568.538    40631.346    42331.995
171  TIM+F+I       18312.809    294 37213.619    37276.879    38983.095
172  TIM+F+G4      18040.010    294 36668.020    36731.281    38437.496
173  TIM+F+I+G4    18006.927    295 36603.854    36667.568    38379.349
174  TIM+F+R2      18075.232    295 36740.464    36804.178    38515.959
175  TIM+F+R3      18008.247    297 36610.494    36675.121    38398.026
176  TIM+F+R4      17994.493    299 36586.985    36652.531    38386.554
177  TIM+F+R5      17993.742    301 36589.483    36655.956    38401.089
183  TIM2e         20227.498    290 41034.995    41096.459    42780.397
184  TIM2e+I       18813.617    291 38209.234    38271.144    39960.654
185  TIM2e+G4      18561.562    291 37705.123    37767.033    39456.543
186  TIM2e+I+G4    18543.947    292 37671.894    37734.253    39429.333
187  TIM2e+R2      18595.844    292 37775.687    37838.046    39533.126
188  TIM2e+R3      18537.255    294 37662.511    37725.771    39431.987
189  TIM2e+R4      18536.700    296 37665.400    37729.569    39446.913
196  TIM2+F        19952.194    293 40490.387    40553.196    42253.844
197  TIM2+F+I      18310.052    294 37208.104    37271.364    38977.580
198  TIM2+F+G4     18041.670    294 36671.339    36734.599    38440.815
199  TIM2+F+I+G4   18008.519    295 36607.038    36670.752    38382.533
200  TIM2+F+R2     18075.825    295 36741.650    36805.364    38517.144
201  TIM2+F+R3     18009.457    297 36612.913    36677.540    38400.445
202  TIM2+F+R4     17994.888    299 36587.777    36653.323    38387.346
203  TIM2+F+R5     17994.425    301 36590.851    36657.324    38402.457
209  TIM3e         20281.391    290 41142.782    41204.246    42888.183
210  TIM3e+I       18832.928    291 38247.855    38309.766    39999.275
211  TIM3e+G4      18552.928    291 37687.856    37749.766    39439.276
212  TIM3e+I+G4    18531.450    292 37646.900    37709.259    39404.339
213  TIM3e+R2      18598.930    292 37781.860    37844.218    39539.298
214  TIM3e+R3      18527.003    294 37642.006    37705.266    39411.482
215  TIM3e+R4      18523.898    296 37639.797    37703.966    39421.310
222  TIM3+F        20009.840    293 40605.680    40668.489    42369.138
223  TIM3+F+I      18324.702    294 37237.404    37300.664    39006.879
224  TIM3+F+G4     18043.515    294 36675.029    36738.290    38444.505
225  TIM3+F+I+G4   18011.124    295 36612.247    36675.961    38387.742
226  TIM3+F+R2     18079.783    295 36749.566    36813.280    38525.061
227  TIM3+F+R3     18011.556    297 36617.111    36681.738    38404.643
228  TIM3+F+R4     17998.550    299 36595.100    36660.647    38394.669
229  TIM3+F+R5     17998.293    301 36598.587    36665.060    38410.193
235  TVMe          20103.966    291 40789.931    40851.842    42541.351
236  TVMe+I        18709.405    292 38002.811    38065.169    39760.249
237  TVMe+G4       18441.051    292 37466.101    37528.460    39223.540
238  TVMe+I+G4     18421.790    293 37429.581    37492.389    39193.038
239  TVMe+R2       18481.182    293 37548.364    37611.173    39311.821
240  TVMe+R3       18415.835    295 37421.670    37485.384    39197.165
241  TVMe+R4       18414.453    297 37422.906    37487.533    39210.438
248  TVM+F         19946.751    294 40481.502    40544.762    42250.978
249  TVM+F+I       18310.995    295 37211.991    37275.705    38987.485
250  TVM+F+G4      18030.508    295 36651.016    36714.730    38426.511
251  TVM+F+I+G4    18007.104    296 36606.208    36670.378    38387.722
252  TVM+F+R2      18065.022    296 36722.044    36786.214    38503.558
253  TVM+F+R3      18002.438    298 36600.876    36665.961    38394.426
254  TVM+F+R4      17994.489    300 36588.979    36654.988    38394.567
261  SYM           20078.760    292 40741.519    40803.878    42498.958
262  SYM+I         18688.783    293 37963.566    38026.374    39727.023
263  SYM+G4        18420.195    293 37426.389    37489.198    39189.846
264  SYM+I+G4      18401.069    294 37390.138    37453.399    39159.614
265  SYM+R2        18462.328    294 37512.656    37575.916    39282.131
266  SYM+R3        18395.690    296 37383.380    37447.550    39164.894
267  SYM+R4        18393.263    298 37382.526    37447.612    39176.076
274  GTR+F         19913.533    295 40417.067    40480.781    42192.561
275  GTR+F+I       18288.360    296 37168.720    37232.889    38950.233
276  GTR+F+G4      18017.669    296 36627.338    36691.507    38408.851
277  GTR+F+I+G4    17989.902    297 36573.804    36638.431    38361.336
278  GTR+F+R2      18053.202    297 36700.404    36765.031    38487.936
279  GTR+F+R3      17989.118    299 36576.237    36641.783    38375.806
280  GTR+F+R4      17976.857    301 36555.714    36622.187    38367.320
281  GTR+F+R5      17976.661    303 36559.322    36626.729    38382.965
Akaike Information Criterion:           GTR+F+R4
Corrected Akaike Information Criterion: GTR+F+R4
Bayesian Information Criterion:         GTR+F+I+G4
Best-fit model: GTR+F+I+G4 chosen according to BIC

All model information printed to /Users/caitlin/Repositories/treelikeness/raw_data/Anderson_2013/alignment.nex.model.gz
CPU time for ModelFinder: 0.443 seconds (0h:0m:0s)
Wall-clock time for ModelFinder: 0.818 seconds (0h:0m:0s)

NOTE: 19 MB RAM (0 GB) is required!
Measuring multi-threading efficiency up to 4 CPU cores
Increase to 10 rounds for branch lengths
8 trees examined
Threads: 1 / Time: 4.627 sec / Speedup: 1.000 / Efficiency: 100% / LogL: -47493
Threads: 2 / Time: 6.707 sec / Speedup: 0.690 / Efficiency: 34% / LogL: -47493
BEST NUMBER OF THREADS: 1

Estimate model parameters (epsilon = 0.100)
Thoroughly optimizing +I+G parameters from 10 start values...
Init pinv, alpha: 0.000, 1.000 / Estimate: 0.000, 0.233 / LogL: -18017.677
Init pinv, alpha: 0.072, 1.000 / Estimate: 0.076, 0.270 / LogL: -18015.993
Init pinv, alpha: 0.143, 1.000 / Estimate: 0.154, 0.321 / LogL: -18014.197
Init pinv, alpha: 0.215, 1.000 / Estimate: 0.473, 0.983 / LogL: -17989.826
Init pinv, alpha: 0.287, 1.000 / Estimate: 0.472, 0.977 / LogL: -17989.864
Init pinv, alpha: 0.359, 1.000 / Estimate: 0.472, 0.978 / LogL: -17989.875
Init pinv, alpha: 0.430, 1.000 / Estimate: 0.472, 0.978 / LogL: -17989.884
Init pinv, alpha: 0.502, 1.000 / Estimate: 0.491, 1.074 / LogL: -17989.850
Init pinv, alpha: 0.574, 1.000 / Estimate: 0.491, 1.072 / LogL: -17989.885
Init pinv, alpha: 0.645, 1.000 / Estimate: 0.491, 1.072 / LogL: -17989.900
Optimal pinv,alpha: 0.473, 0.983 / LogL: -17989.826

Parameters optimization took 69.537 sec
Computing ML distances based on estimated model parameters... 0.634 sec
Computing BIONJ tree...
0.037 seconds
Log-likelihood of BIONJ tree: -18014.813
--------------------------------------------------------------------
|             INITIALIZING CANDIDATE TREE SET                      |
--------------------------------------------------------------------
Generating 98 parsimony trees... 4.607 second
Computing log-likelihood of 98 initial trees ... 12.928 seconds
Current best score: -17980.914

Do NNI search on 20 best initial trees
Estimate model parameters (epsilon = 0.100)
BETTER TREE FOUND at iteration 1: -17968.733
Estimate model parameters (epsilon = 0.100)
BETTER TREE FOUND at iteration 2: -17966.827
Estimate model parameters (epsilon = 0.100)
BETTER TREE FOUND at iteration 3: -17942.741
Estimate model parameters (epsilon = 0.100)
BETTER TREE FOUND at iteration 4: -17942.117
Estimate model parameters (epsilon = 0.100)
BETTER TREE FOUND at iteration 7: -17941.654
Iteration 10 / LogL: -17971.297 / Time: 0h:2m:4s
Estimate model parameters (epsilon = 0.100)
BETTER TREE FOUND at iteration 11: -17941.567
Estimate model parameters (epsilon = 0.100)
BETTER TREE FOUND at iteration 12: -17940.356
Estimate model parameters (epsilon = 0.100)
BETTER TREE FOUND at iteration 13: -17939.517
Iteration 20 / LogL: -17974.552 / Time: 0h:2m:25s
Finish initializing candidate tree set (20)
Current best tree score: -17939.517 / CPU time: 61.935
Number of iterations: 20
--------------------------------------------------------------------
|               OPTIMIZING CANDIDATE TREE SET                      |
--------------------------------------------------------------------
Estimate model parameters (epsilon = 0.100)
BETTER TREE FOUND at iteration 24: -17939.497
Estimate model parameters (epsilon = 0.100)
BETTER TREE FOUND at iteration 27: -17938.959
Estimate model parameters (epsilon = 0.100)
BETTER TREE FOUND at iteration 29: -17938.937
Iteration 30 / LogL: -17949.302 / Time: 0h:2m:47s (0h:9m:30s left)
Iteration 40 / LogL: -17946.423 / Time: 0h:3m:10s (0h:7m:13s left)
Iteration 50 / LogL: -17938.943 / Time: 0h:3m:34s (0h:5m:44s left)
BETTER TREE FOUND at iteration 59: -17938.936
Iteration 60 / LogL: -17942.063 / Time: 0h:3m:55s (0h:6m:33s left)
Iteration 70 / LogL: -17971.053 / Time: 0h:4m:16s (0h:5m:30s left)
Iteration 80 / LogL: -17983.390 / Time: 0h:4m:37s (0h:4m:36s left)
Iteration 90 / LogL: -17944.102 / Time: 0h:4m:57s (0h:3m:50s left)
Iteration 100 / LogL: -17938.940 / Time: 0h:5m:19s (0h:3m:10s left)
Iteration 110 / LogL: -17967.239 / Time: 0h:5m:53s (0h:2m:38s left)
Iteration 120 / LogL: -17965.464 / Time: 0h:6m:31s (0h:2m:7s left)
Iteration 130 / LogL: -17942.064 / Time: 0h:7m:1s (0h:1m:34s left)
Estimate model parameters (epsilon = 0.100)
BETTER TREE FOUND at iteration 137: -17938.210
Iteration 140 / LogL: -17939.569 / Time: 0h:7m:33s (0h:5m:15s left)
Iteration 150 / LogL: -17942.388 / Time: 0h:8m:1s (0h:4m:40s left)
Iteration 160 / LogL: -17964.626 / Time: 0h:8m:32s (0h:4m:7s left)
Iteration 170 / LogL: -17945.043 / Time: 0h:9m:3s (0h:3m:35s left)
Estimate model parameters (epsilon = 0.100)
BETTER TREE FOUND at iteration 173: -17938.183
Iteration 180 / LogL: -17954.249 / Time: 0h:9m:31s (0h:4m:56s left)
Iteration 190 / LogL: -17939.120 / Time: 0h:9m:54s (0h:4m:20s left)
Estimate model parameters (epsilon = 0.100)
BETTER TREE FOUND at iteration 196: -17937.956
Iteration 200 / LogL: -17938.769 / Time: 0h:10m:19s (0h:4m:58s left)
Iteration 210 / LogL: -17938.196 / Time: 0h:10m:42s (0h:4m:24s left)
Iteration 220 / LogL: -17938.219 / Time: 0h:11m:8s (0h:3m:51s left)
Estimate model parameters (epsilon = 0.100)
BETTER TREE FOUND at iteration 224: -17937.935
BETTER TREE FOUND at iteration 230: -17937.930
Iteration 230 / LogL: -17937.930 / Time: 0h:11m:32s (0h:5m:2s left)
Iteration 240 / LogL: -17943.243 / Time: 0h:11m:58s (0h:4m:30s left)
BETTER TREE FOUND at iteration 249: -17937.929
Iteration 250 / LogL: -17938.191 / Time: 0h:12m:22s (0h:4m:54s left)
Iteration 260 / LogL: -17938.209 / Time: 0h:12m:54s (0h:4m:25s left)
Iteration 270 / LogL: -17942.907 / Time: 0h:13m:21s (0h:3m:55s left)
Iteration 280 / LogL: -17940.269 / Time: 0h:13m:43s (0h:3m:23s left)
Iteration 290 / LogL: -17948.837 / Time: 0h:14m:6s (0h:2m:52s left)
Iteration 300 / LogL: -17943.530 / Time: 0h:14m:32s (0h:2m:22s left)
Iteration 310 / LogL: -17941.072 / Time: 0h:14m:58s (0h:1m:53s left)
Iteration 320 / LogL: -17970.224 / Time: 0h:15m:22s (0h:1m:23s left)
Iteration 330 / LogL: -17966.413 / Time: 0h:15m:46s (0h:0m:54s left)
Iteration 340 / LogL: -17962.471 / Time: 0h:16m:11s (0h:0m:25s left)
Iteration 350 / LogL: -17942.093 / Time: 0h:16m:37s (0h:0m:-3s left)
TREE SEARCH COMPLETED AFTER 350 ITERATIONS / Time: 0h:16m:37s

--------------------------------------------------------------------
|                    FINALIZING TREE SEARCH                        |
--------------------------------------------------------------------
Performs final model parameters optimization
Estimate model parameters (epsilon = 0.010)
1. Initial log-likelihood: -17937.929
Optimal log-likelihood: -17937.928
Rate parameters:  A-C: 0.92418  A-G: 5.98325  A-T: 1.96840  C-G: 0.57648  C-T: 9.19921  G-T: 1.00000
Base frequencies:  A: 0.309  C: 0.150  G: 0.168  T: 0.373
Proportion of invariable sites: 0.479
Gamma shape alpha: 1.004
Parameters optimization took 1 rounds (0.356 sec)
BEST SCORE FOUND : -17937.928
Total tree length: 3.633

Total number of iterations: 350
CPU time used for tree search: 637.841 sec (0h:10m:37s)
Wall-clock time used for tree search: 913.705 sec (0h:15m:13s)
Total CPU time used: 699.111 sec (0h:11m:39s)
Total wall-clock time used: 997.407 sec (0h:16m:37s)

Analysis results written to: 
  IQ-TREE report:                /Users/caitlin/Repositories/treelikeness/raw_data/Anderson_2013/alignment.nex.iqtree
  Maximum-likelihood tree:       /Users/caitlin/Repositories/treelikeness/raw_data/Anderson_2013/alignment.nex.treefile
  Likelihood distances:          /Users/caitlin/Repositories/treelikeness/raw_data/Anderson_2013/alignment.nex.mldist
  Screen log file:               /Users/caitlin/Repositories/treelikeness/raw_data/Anderson_2013/alignment.nex.log

Date and Time: Wed Mar 14 10:08:13 2018
