IQ-TREE multicore version 1.6.2 for Mac OS X 64-bit built Mar  1 2018
Developed by Bui Quang Minh, Nguyen Lam Tung, Olga Chernomor,
Heiko Schmidt, Dominik Schrempf, Michael Woodhams.

Host:    Caitlins-MacBook-Pro.local (AVX2, FMA3, 8 GB RAM)
Command: /Applications/iqtree/bin/iqtree -s /Users/caitlin/Repositories/treelikeness/raw_data/Becker_2016/alignment.nex -nt AUTO -redo
Seed:    962093 (Using SPRNG - Scalable Parallel Random Number Generator)
Time:    Tue Mar 13 15:43:43 2018
Kernel:  AVX+FMA - auto-detect threads (4 CPU cores detected)

Reading alignment file /Users/caitlin/Repositories/treelikeness/raw_data/Becker_2016/alignment.nex ... Nexus format detected
Skipping unknown block (SETS)...
Alignment has 170 sequences with 217 columns, 217 distinct patterns
210 parsimony-informative, 5 singleton sites, 2 constant sites
                                                           Gap/Ambiguity  Composition  p-value
   1  Hbf_nitratireducens_HR_WP_006673285                          5.99%    passed      5.65%
   2  Htg_limicola_HR_WP_008010693                                 5.99%    passed      9.80%
   3  Nrr_sulfidifaciens_HR_WP_008161963                           5.99%    passed      5.93%
   4  Nln_innermongolicus_HR_WP_007257863                          5.99%    failed      1.10%
   5  Nab_magadii_HR_YP_003480703_ID_to_WP_004215218               5.99%    passed      5.23%
   6  Nab_magadii_DSM_3394_HR_YP_003480703_ID_to_WP_004215218      5.99%    passed      5.23%
   7  Nmn_pharaonis_HR_YP_325981_ID_to_WP_011322048                6.45%    passed     65.39%
   8  Har_japonica_HR_WP_004591497_Long                            5.99%    passed     95.75%
   9  Har_californiae_HR_EMA26931                                  5.99%    passed     98.04%
  10  Har_sinaiiensis_HR_EMA15794                                  5.99%    passed     98.04%
  11  Har_marismortui_HR_YP_136278_NID_to_WP_011223771             5.99%    passed     98.04%
  12  Hrr_coriense_HR_WP_006114277_Long                            5.99%    passed     98.59%
  13  Hrr_hochstenium_HR_WP_008581782_Long                         5.99%    passed     99.02%
  14  Hrr_tebenquichense_HR_WP_006629827_Long                      5.99%    passed     98.52%
  15  Hrr_californiensis_HR_WP_008440504_Long                      5.99%    passed     99.40%
  16  Hrr_arcis_HR_EMA71501_Long                                   5.99%    passed     99.45%
  17  Hrr_distributum_HR_ELZ50319_Long                             5.99%    passed     99.45%
  18  Hrr_distributum_JCM_10118_HR_ELZ53619_Long                   5.99%    passed     99.45%
  19  Hrr_terrestre_HR_ELZ34618_Long                               5.99%    passed     99.45%
  20  Hrr_litoreum_HR_WP_008365852_Long                            5.99%    passed     99.52%
  21  Hrr_lipolyticum_HR_WP_008004705                              5.99%    passed     84.18%
  22  Nrr_bangense_HR_WP_006064478                                 5.99%    passed     34.01%
  23  Nrr_tibetense_HR_WP_006091816                                5.99%    passed     62.17%
  24  Htg_thermotolerans_HR_WP_006649569                           5.99%    passed     88.10%
  25  Nnm_pellirubrum_DSM_15624_HR_WP_006179856                    5.99%    passed     93.83%
  26  Nnm_gari_HR_WP_008453746                                     5.99%    passed     99.05%
  27  Nnm_pallidum_HR_WP_006185564                                 5.99%    passed     99.89%
  28  Hqr_walsbyi_HR_WP_011572272                                  5.99%    passed     87.12%
  29  Hrr_coriense_SR1_WP_006114333                                6.91%    failed      3.51%
  30  Hrr_hochstenium_SR1_WP_008581695                             6.91%    passed     10.91%
  31  Hrr_tebenquichense_SR1_WP_006629764                          6.91%    passed     11.48%
  32  Hbt_NRC1_SR1_NP_280434                                       6.91%    failed      3.80%
  33  Hbt_R1_SR1_YP_001689548                                      6.91%    failed      3.80%
  34  Har_vallismortis_SR1_WP_004518499                            6.91%    passed     68.32%
  35  Har_californiae_SR1_WP_007189143                             6.91%    passed     68.04%
  36  Har_marismortui_SR1_YP_137680                                6.91%    passed     57.56%
  37  Har_sinaiiensis_SR1_EMA12918                                 6.45%    passed     57.71%
  38  Hqr_walsbyi_MR_WP_011570314                                  5.99%    failed      0.76%
  39  Har_sinaiiensis_BR1_EMA15575                                 6.45%    passed     49.40%
  40  Hbt_NRC1_SR2_WP_010903286                                    8.29%    passed     14.84%
  41  Hbt_salinarum_R1_SR2_YP_001689625                            8.29%    passed     14.84%
  42  Hrr_aidingense_SR2_WP_008002089                              6.91%    passed     39.55%
  43  Hrr_hochstenium_SR2_WP_008582753                             6.45%    passed     28.49%
  44  Hrr_tebenquichense_SR2_WP_006629303                          6.45%    passed     36.41%
  45  Hrr_kocurii_SR2_WP_008848674                                 5.99%    passed     77.40%
  46  Hrr_californiensis_SR2_ELZ41168                              5.99%    passed     75.86%
  47  Hrr_lacusprofundi_SR2_WP_012659335                           5.99%    passed     51.73%
  48  Hrr_saccharovorum_SR2_WP_004048711                           5.99%    passed     52.89%
  49  Hrr_lipolyticum_SR2_WP_008005519                             5.99%    passed     69.38%
  50  Hrr_arcis_SR2_WP_007995347                                   5.99%    passed     78.57%
  51  Hrr_distributum_SR2_ELZ46470                                 5.99%    passed     79.76%
  52  Hrr_distributum_JCM_10118_SR2_ELZ50539                       5.99%    passed     79.76%
  53  Hrr_litoreum_SR2_EMA61060                                    5.99%    passed     79.76%
  54  Hrr_terrestre_SR2_WP_007345769                               5.99%    passed     79.76%
  55  Halopiger_xanaduensis_SR2_WP_013879956                       6.91%    passed     88.43%
  56  Hbf_lacisalsi_SR2_WP_007141431                               6.91%    passed     99.16%
  57  Nbt_gregoryi_SR2_WP_005578216                                6.45%    passed     81.80%
  58  Har_marismortui_SR2_WP_011222779                             6.91%    passed     91.21%
  59  Har_sinaiiensis_SR2_WP_004963461                             6.91%    passed     92.31%
  60  Har_californiae_SR2_WP_007188217                             7.37%    passed     97.53%
  61  Har_vallismortis_SR2_WP_004518751                            6.91%    passed     97.12%
  62  Har_amylolytica_SR2_WP_008310445                             7.37%    passed     99.72%
  63  Har_japonica_SR2_WP_004593602                                6.91%    passed     99.46%
  64  Har_argentinensis_SR2_WP_005535672                           6.91%    passed     92.60%
  65  Hsx_carlsbadense_SR2_WP_006883576                            7.83%    passed     94.61%
  66  Hrd_utahensis_SR2_WP_012795512                               6.91%    passed     54.26%
  67  Har_sinaiiensis_SR3_EMA13797                                 9.22%    passed     52.44%
  68  Har_marismortui_ATCC_43049_SR3_YP_135281                     9.22%    passed     52.44%
  69  Har_californiae_SR3_WP_007189876                             9.22%    passed     60.90%
  70  Nbt_gregoryi_DSM_3393_HR_ZP_08966307_NID_WP_00558078         4.61%    passed      5.81%
  71  Nrr_bangense_JCM_10635_HR_WP_006066256                       4.61%    passed     11.14%
  72  Hbt_NRC1_HR_NP_279315                                        4.61%    passed     86.65%
  73  Hbt_salinarum_R1_HR_YP_001688407                             4.61%    passed     86.65%
  74  Nnm_altunense_JCM_12890_HR_WP_007108985                      4.61%    passed     98.91%
  75  Hsx_carlsbadense_JCM_11222_HR_WP_006885839_Not_ID_Long       4.61%    passed     96.67%
  76  Hmc_mukohataei_DSM_12286_HR_WP_015762030                     4.61%    passed     96.96%
  77  Har_vallismortis_HR_WP_004517017_Long                        4.61%    passed     88.85%
  78  Har_amylolytica_HR_WP_008312723                              4.61%    passed     96.20%
  79  Har_argentinensis_HR_WP_005537982_Long                       4.61%    passed     97.62%
  80  Hbf_lacisalsi_JCM_12983_HR_WP_007142221_Long_Cap             4.61%    passed     65.88%
  81  Hbf_nitratireducens_JCM_10879_HR_WP_006674079_Long           4.61%    passed     11.97%
  82  Hrr_lacusprofundi_ATCC_49239_HR_WP_012659809                 4.61%    passed     97.69%
  83  Hrr_aidingense_JCM_13560_HR_WP_007998119_Long                4.61%    passed     68.60%
  84  Hrr_kocurii_JCM_14978_HR_WP_008849132_Long                   4.61%    passed     75.40%
  85  Hfx_mucosum_BR2_WP_008320464                                 5.53%    passed     34.57%
  86  Hbf_lacisalsi_JCM_12983_BR2B_WP_007140203_Long               5.53%    passed     86.67%
  87  Hbf_lacisalsi_JCM_12983_BR2A_AAU04564                        5.53%    passed     80.73%
  88  Nrr_bangense_JCM_10635_BR2_WP_006066255                      5.53%    passed     42.34%
  89  Nrr_sulfidifaciens_JCM_14089_BR2_WP_008161965_Not_ID_Long    5.53%    passed     55.81%
  90  Htg_limicola_JCM_13563_BR2_WP_008010692_Long                 5.53%    passed     65.33%
  91  Nnm_gari_JCM_14663_BR2_ELY80010_Long                         5.53%    passed     51.99%
  92  Nnm_pallidum_DSM_3751_BR2_ELY76010_Long                      5.53%    passed     60.53%
  93  Nnm_altunense_JCM_12890_BR2_AFB77278                         5.53%    passed     58.66%
  94  Htg_thermotolerans_DSM_11522_BR2_WP_006648025                9.22%    passed     86.52%
  95  Nnm_pellirubrum_JCM_15624_BR2_WP_015298686_Long              5.53%    passed     71.37%
  96  Hrd_utahensis_DSM_12940_BR2_WP_012795379                     3.69%    passed     48.40%
  97  Hmc_mukohataei_DSM_12286_BR2_WP_015762250                    3.69%    passed     96.10%
  98  Har_amylolytica_BR2_WP_008311100_Long                        3.69%    passed     98.77%
  99  Har_californiae_BR2_EMA17694_Long                            3.69%    passed     97.80%
 100  Har_marismortui_ATCC_43049_BR2_WP_011224644                  3.69%    passed     97.80%
 101  Har_sinaiiensis_BR2_EMA12126_Long                            3.69%    passed     97.80%
 102  Har_vallismortis_BR2_P94854                                  3.69%    passed     95.75%
 103  Har_argentinensis_BR2_Q57101_Not_ID                          3.69%    passed     92.80%
 104  Har_japonica_BR2_BAA81816                                    3.69%    passed     93.37%
 105  Hsx_carlsbadense_JCM_11222_BR2_WP_006882607_Long             3.69%    failed      2.32%
 106  Hrr_kocurii_JCM_14978_BR2_WP_008848850_Long                  3.69%    passed     46.96%
 107  Hbt_NRC1_BR1_NP_280292                                       5.99%    passed     50.25%
 108  Hbt_salinarum_R1_BR1_YP_001689404                            5.99%    passed     50.25%
 109  Hrr_arcis_JCM_13916_BR1_EMA71651_Long                        5.99%    passed     84.62%
 110  Hrr_distributum_JCM_9100_BR1_ELZ50506_Long                   5.99%    passed     84.62%
 111  Hrr_distributum_JCM_10118_BR1_ELZ53652_Long                  5.99%    passed     84.62%
 112  Hrr_litoreum_JCM_13561_BR1_EMA62121_Long                     5.99%    passed     84.62%
 113  Hrr_terrestre_JCM_10247_BR1_ELZ28944_Long                    5.99%    passed     84.62%
 114  Hrr_californiensis_DSM_19288_BR1_ELZ48240_Long               5.99%    passed     90.86%
 115  Hrr_coriense_DSM_10284_BR1_WP_006114308_Long                 5.99%    passed     98.17%
 116  Hrr_hochstenium_ATCC_700873_BR1_WP_008581732_Long            5.99%    passed     76.12%
 117  Hrr_tebenquichense_DSM_14210_BR1_WP_006629789_Long           5.99%    passed     76.12%
 118  Har_marismortui_ATCC_43049_BR1_YP_136594                     5.99%    passed     55.46%
 119  Har_vallismortis_BR1_EMA11418                                5.99%    passed     55.46%
 120  Hqt_walsbyi_DSM_16790_BR1_YP_656801                          5.99%    passed     62.22%
 121  Hmc_mukohataei_DSM_12286_SR2_WP_015763628                    7.37%    passed     83.48%
 122  Nmn_pharaonis_DSM_2160_SR2_WP_011324120                      7.83%    passed     90.19%
 123  Natronomonas_pharaonis_01721_WP_011323279                   10.14%    passed     83.86%
 124  Halorubrum_coriense_01107_plus219_P_WP_006111971             8.29%    passed     33.90%
 125  Halorubrum_saccharovorum_00960_WP_004048984_Not_ID           8.29%    failed      0.66%
 126  Halorubrum_coriense_03339_plus231_P_WP_006111715             8.29%    failed      2.18%
 127  Halorubrum_californiensis_02976_WP_008445107_Not_ID          8.29%    passed      8.92%
 128  Halorubrum_kocurii_01925_WP_008848787                        8.29%    passed     21.83%
 129  Halorubrum_hochstenium_00760_WP_008582397_Long_NotID         8.29%    passed     11.20%
 130  Halorubrum_tebenquichense_02501_WP_006629493                 8.29%    passed     15.75%
 131  Halorubrum_litoreum_01500_WP_008366300_Not_ID                8.29%    passed     13.97%
 132  Halorubrum_arcis_01084_WP_007995059                          8.29%    failed      3.18%
 133  Halorubrum_distributum_JCM_10118_00162_ELZ53552              8.29%    failed      3.43%
 134  Halorubrum_terrestre_01585_ELZ37149                          8.29%    failed      3.43%
 135  Halorubrum_distributum_00779_ELZ45759_Not_ID                 8.29%    failed      4.26%
 136  Natronomonas_pharaonis_02796_WP_011324348                    8.29%    passed     67.39%
 137  Haloarcula_amylolytica_03402_WP_008311295                    9.22%    passed     24.62%
 138  Halomicrobium_mukohataei_01233_WP_015762059                  8.29%    failed      0.07%
 139  Haloterrigena_salina_02042_WP_008893402                      7.37%    passed     86.38%
 140  Haloterrigena_turkmenica_05181_WP_012944772                  7.37%    passed     46.70%
 141  Natronobacterium_gregoryi_03090_WP_005581268                 7.37%    passed     41.71%
 142  Halobiforma_lacisalsi_03905_WP_007140008_Not_ID              8.76%    passed     27.43%
 143  Natronolimnobius_innermongolicus_02525_WP_007260224          9.22%    passed     83.38%
 144  Halopiger_xanaduensis_00469_WP_013878690                     8.76%    passed     93.02%
 145  Natrialba_asiatica_03033_WP_006111021                        9.68%    passed     96.67%
 146  Natrialba_aegyptia_01253_WP_006665423                        9.68%    passed     96.20%
 147  Natrialba_taiwanensis_02917_WP_006827094                     9.68%    passed     68.83%
 148  Natrialba_magadii_01873_WP_004215682                         9.22%    passed     97.84%
 149  Natrialba_magadii_DSM_3394_00584_WP_004215682                9.22%    passed     97.84%
 150  Natrialba_chahannoensis_03083_WP_006166452                   9.22%    passed     73.05%
 151  Natrialba_hulunbeirensis_00969_WP_006653176_Not_ID           9.22%    passed     70.14%
 152  Natronomonas_pharaonis_01046_WP_011322603                    7.37%    passed     74.65%
 153  Halobiforma_lacisalsi_01310_WP_007141795                     7.37%    passed     19.75%
 154  Halobiforma_nitratireducens_02930_WP_006672198               7.37%    failed      0.41%
 155  Natrialba_hulunbeirensis_01634_WP_006653777                  7.37%    passed     14.75%
 156  Natrialba_magadii_03053_WP_004267173                         7.37%    passed     25.80%
 157  Natrialba_magadii_DSM_3394_01354_WP_004267173                7.37%    passed     25.80%
 158  Natronobacterium_gregoryi_01746_WP_005575895                 7.37%    passed     48.51%
 159  Halobiforma_lacisalsi_03860_WP_007139967                     8.29%    passed     64.17%
 160  Halobiforma_nitratireducens_00188_WP_006673389               7.37%    passed     76.40%
 161  Natrialba_aegyptia_00533_WP_006664762_Long                   7.37%    passed     61.93%
 162  Natrialba_asiatica_02338_WP_006110312                        7.37%    passed     54.54%
 163  Natrialba_taiwanensis_02234_WP_006826484                     7.37%    passed     71.03%
 164  Natrialba_chahannoensis_01006_WP_006169622                   7.37%    passed     49.78%
 165  Natrialba_hulunbeirensis_01636_WP_006653779                  7.37%    passed     23.71%
 166  Natrialba_magadii_03055_WP_004267171                         7.37%    passed     72.63%
 167  Natrialba_magadii_DSM_3394_01352_WP_004267171                7.37%    passed     72.63%
 168  Natronobacterium_gregoryi_00695_WP_015233632                 7.37%    passed     89.61%
 169  Halobiforma_nitratireducens_01681_WP_006673299               7.37%    passed     47.14%
 170  Natronobacterium_gregoryi_00694_WP_005579638                 7.37%    passed      7.40%
****  TOTAL                                                        6.56%  14 sequences failed composition chi2 test (p-value<5%; df=19)
NOTE: Nab_magadii_DSM_3394_HR_YP_003480703_ID_to_WP_004215218 is identical to Nab_magadii_HR_YP_003480703_ID_to_WP_004215218 but kept for subsequent analysis
NOTE: Har_sinaiiensis_HR_EMA15794 is identical to Har_californiae_HR_EMA26931 but kept for subsequent analysis
NOTE: Hrr_distributum_HR_ELZ50319_Long is identical to Hrr_arcis_HR_EMA71501_Long but kept for subsequent analysis
NOTE: Hbt_R1_SR1_YP_001689548 is identical to Hbt_NRC1_SR1_NP_280434 but kept for subsequent analysis
NOTE: Hbt_salinarum_R1_SR2_YP_001689625 is identical to Hbt_NRC1_SR2_WP_010903286 but kept for subsequent analysis
NOTE: Hrr_distributum_JCM_10118_SR2_ELZ50539 is identical to Hrr_distributum_SR2_ELZ46470 but kept for subsequent analysis
NOTE: Har_marismortui_ATCC_43049_SR3_YP_135281 is identical to Har_sinaiiensis_SR3_EMA13797 but kept for subsequent analysis
NOTE: Hbt_salinarum_R1_HR_YP_001688407 is identical to Hbt_NRC1_HR_NP_279315 but kept for subsequent analysis
NOTE: Har_marismortui_ATCC_43049_BR2_WP_011224644 is identical to Har_californiae_BR2_EMA17694_Long but kept for subsequent analysis
NOTE: Hbt_salinarum_R1_BR1_YP_001689404 is identical to Hbt_NRC1_BR1_NP_280292 but kept for subsequent analysis
NOTE: Hrr_distributum_JCM_9100_BR1_ELZ50506_Long is identical to Hrr_arcis_JCM_13916_BR1_EMA71651_Long but kept for subsequent analysis
NOTE: Hrr_tebenquichense_DSM_14210_BR1_WP_006629789_Long is identical to Hrr_hochstenium_ATCC_700873_BR1_WP_008581732_Long but kept for subsequent analysis
NOTE: Har_vallismortis_BR1_EMA11418 is identical to Har_marismortui_ATCC_43049_BR1_YP_136594 but kept for subsequent analysis
NOTE: Halorubrum_terrestre_01585_ELZ37149 is identical to Halorubrum_distributum_JCM_10118_00162_ELZ53552 but kept for subsequent analysis
NOTE: Natrialba_magadii_DSM_3394_00584_WP_004215682 is identical to Natrialba_magadii_01873_WP_004215682 but kept for subsequent analysis
NOTE: Natrialba_magadii_DSM_3394_01354_WP_004267173 is identical to Natrialba_magadii_03053_WP_004267173 but kept for subsequent analysis
NOTE: Natrialba_magadii_DSM_3394_01352_WP_004267171 is identical to Natrialba_magadii_03055_WP_004267171 but kept for subsequent analysis
NOTE: 9 identical sequences (see below) will be ignored for subsequent analysis
NOTE: Har_marismortui_HR_YP_136278_NID_to_WP_011223771 (identical to Har_californiae_HR_EMA26931) is ignored but added at the end
NOTE: Hrr_distributum_JCM_10118_HR_ELZ53619_Long (identical to Hrr_arcis_HR_EMA71501_Long) is ignored but added at the end
NOTE: Hrr_terrestre_HR_ELZ34618_Long (identical to Hrr_arcis_HR_EMA71501_Long) is ignored but added at the end
NOTE: Hrr_litoreum_SR2_EMA61060 (identical to Hrr_distributum_SR2_ELZ46470) is ignored but added at the end
NOTE: Hrr_terrestre_SR2_WP_007345769 (identical to Hrr_distributum_SR2_ELZ46470) is ignored but added at the end
NOTE: Har_sinaiiensis_BR2_EMA12126_Long (identical to Har_californiae_BR2_EMA17694_Long) is ignored but added at the end
NOTE: Hrr_distributum_JCM_10118_BR1_ELZ53652_Long (identical to Hrr_arcis_JCM_13916_BR1_EMA71651_Long) is ignored but added at the end
NOTE: Hrr_litoreum_JCM_13561_BR1_EMA62121_Long (identical to Hrr_arcis_JCM_13916_BR1_EMA71651_Long) is ignored but added at the end
NOTE: Hrr_terrestre_JCM_10247_BR1_ELZ28944_Long (identical to Hrr_arcis_JCM_13916_BR1_EMA71651_Long) is ignored but added at the end

For your convenience alignment with unique sequences printed to /Users/caitlin/Repositories/treelikeness/raw_data/Becker_2016/alignment.nex.uniqueseq.phy

NOTE: Restoring information from model checkpoint file /Users/caitlin/Repositories/treelikeness/raw_data/Becker_2016/alignment.nex.model.gz

CHECKPOINT: Initial tree restored
NOTE: ModelFinder requires 59 MB RAM!
ModelFinder will test 546 protein models (sample size: 217) ...
 No. Model         -LnL         df  AIC          AICc         BIC
  1  Dayhoff       24067.316    319 48772.632    252932.632   49850.819
  2  Dayhoff+I     24067.304    320 48774.608    254214.608   49856.175
  3  Dayhoff+G4    23688.199    320 48016.397    253456.397   49097.964
  4  Dayhoff+I+G4  23688.196    321 48018.392    254742.392   49103.339
  5  Dayhoff+R2    23737.369    321 48116.738    254840.738   49201.685
  6  Dayhoff+R3    23693.886    323 48033.772    257337.772   49125.479
  7  Dayhoff+R4    23676.627    325 48003.253    259903.253   49101.720
  8  Dayhoff+R5    23676.614    327 48007.227    262519.227   49112.454
 14  Dayhoff+F     23426.211    338 47528.422    276692.422   48670.827
 15  Dayhoff+F+I   23426.209    339 47530.418    278050.418   48676.204
 16  Dayhoff+F+G4  22981.613    339 46641.227    277161.227   47787.012
 17  Dayhoff+F+I+G4 22981.611    340 46643.222    278523.222   47792.388
 18  Dayhoff+F+R2  23053.132    340 46786.264    278666.264   47935.429
 19  Dayhoff+F+R3  22987.516    342 46659.032    281271.032   47814.957
 20  Dayhoff+F+R4  22975.366    344 46638.731    283998.731   47801.416
 21  Dayhoff+F+R5  22973.435    346 46638.870    286762.870   47808.314
 27  mtMAM         26061.419    319 52760.839    256920.839   53839.026
 28  mtMAM+I       26061.414    320 52762.828    258202.828   53844.395
 29  mtMAM+G4      25122.781    320 50885.563    256325.563   51967.130
 30  mtMAM+I+G4    25122.767    321 50887.534    257611.534   51972.481
 31  mtMAM+R2      25314.319    321 51270.637    257994.637   52355.584
 32  mtMAM+R3      25141.132    323 50928.263    260232.263   52019.970
 33  mtMAM+R4      25084.487    325 50818.974    262718.974   51917.441
 34  mtMAM+R5      25066.454    327 50786.908    265298.908   51892.134
 35  mtMAM+R6      25060.426    329 50778.852    267918.852   51890.838
 36  mtMAM+R7      25059.869    331 50781.737    270565.737   51900.483
 40  mtMAM+F       24934.583    338 50545.166    279709.166   51687.572
 41  mtMAM+F+I     24934.581    339 50547.163    281067.163   51692.948
 42  mtMAM+F+G4    23932.378    339 48542.757    279062.757   49688.542
 43  mtMAM+F+I+G4  23932.357    340 48544.713    280424.713   49693.879
 44  mtMAM+F+R2    24150.507    340 48981.014    280861.014   50130.179
 45  mtMAM+F+R3    23967.151    342 48618.302    283230.302   49774.227
 46  mtMAM+F+R4    23904.914    344 48497.829    285857.829   49660.513
 47  mtMAM+F+R5    23887.086    346 48466.171    288590.171   49635.616
 48  mtMAM+F+R6    23882.238    348 48460.477    291364.477   49636.681
 53  JTT           23875.118    319 48388.236    252548.236   49466.423
 54  JTT+I         23875.117    320 48390.234    253830.234   49471.801
 55  JTT+G4        23527.732    320 47695.464    253135.464   48777.031
 56  JTT+I+G4      23527.754    321 47697.508    254421.508   48782.455
 57  JTT+R2        23584.724    321 47811.447    254535.447   48896.394
 58  JTT+R3        23530.250    323 47706.501    257010.501   48798.208
 59  JTT+R4        23515.387    325 47680.773    259580.773   48779.240
 60  JTT+R5        23514.486    327 47682.972    262194.972   48788.198
 66  JTT+F         23373.107    338 47422.214    276586.214   48564.620
 67  JTT+F+I       23373.097    339 47424.195    277944.195   48569.980
 68  JTT+F+G4      22947.063    339 46572.125    277092.125   47717.911
 69  JTT+F+I+G4    22947.055    340 46574.111    278454.111   47723.276
 70  JTT+F+R2      23023.042    340 46726.083    278606.083   47875.248
 71  JTT+F+R3      22953.711    342 46591.422    281203.422   47747.347
 72  JTT+F+R4      22935.872    344 46559.743    283919.743   47722.428
 73  JTT+F+R5      22934.430    346 46560.861    286684.861   47730.305
 79  WAG           23835.944    319 48309.887    252469.887   49388.075
 80  WAG+I         23835.937    320 48311.874    253751.874   49393.441
 81  WAG+G4        23491.050    320 47622.100    253062.100   48703.667
 82  WAG+I+G4      23491.047    321 47624.095    254348.095   48709.042
 83  WAG+R2        23540.682    321 47723.364    254447.364   48808.311
 84  WAG+R3        23493.461    323 47632.923    256936.923   48724.629
 85  WAG+R4        23480.089    325 47610.177    259510.177   48708.644
 86  WAG+R5        23478.646    327 47611.291    262123.291   48716.518
 92  WAG+F         23301.181    338 47278.362    276442.362   48420.767
 93  WAG+F+I       23301.179    339 47280.358    277800.358   48426.143
 94  WAG+F+G4      22876.801    339 46431.602    276951.602   47577.388
 95  WAG+F+I+G4    22876.800    340 46433.600    278313.600   47582.765
 96  WAG+F+R2      22952.773    340 46585.547    278465.547   47734.712
 97  WAG+F+R3      22879.958    342 46443.916    281055.916   47599.841
 98  WAG+F+R4      22869.721    344 46427.443    283787.443   47590.128
 99  WAG+F+R5      22865.556    346 46423.113    286547.113   47592.557
105  cpREV         23943.886    319 48525.771    252685.771   49603.959
106  cpREV+I       23943.882    320 48527.765    253967.765   49609.332
107  cpREV+G4      23566.115    320 47772.231    253212.231   48853.798
108  cpREV+I+G4    23566.112    321 47774.223    254498.223   48859.170
109  cpREV+R2      23628.503    321 47899.007    254623.007   48983.954
110  cpREV+R3      23569.903    323 47785.805    257089.805   48877.512
111  cpREV+R4      23558.450    325 47766.901    259666.901   48865.368
112  cpREV+R5      23556.604    327 47767.207    262279.207   48872.434
118  cpREV+F       23324.101    338 47324.201    276488.201   48466.607
119  cpREV+F+I     23324.098    339 47326.196    277846.196   48471.981
120  cpREV+F+G4    22885.908    339 46449.816    276969.816   47595.601
121  cpREV+F+I+G4  22885.905    340 46451.811    278331.811   47600.976
122  cpREV+F+R2    22952.768    340 46585.535    278465.535   47734.700
123  cpREV+F+R3    22888.636    342 46461.271    281073.271   47617.196
124  cpREV+F+R4    22885.204    344 46458.408    283818.408   47621.093
131  mtREV         25159.516    319 50957.032    255117.032   52035.219
132  mtREV+I       25159.513    320 50959.027    256399.027   52040.594
133  mtREV+G4      24491.886    320 49623.771    255063.771   50705.338
134  mtREV+I+G4    24491.899    321 49625.798    256349.798   50710.745
135  mtREV+R2      24622.018    321 49886.037    256610.037   50970.984
136  mtREV+R3      24518.773    323 49683.546    258987.546   50775.253
137  mtREV+R4      24471.142    325 49592.284    261492.284   50690.751
138  mtREV+R5      24463.828    327 49581.655    264093.655   50686.881
139  mtREV+R6      24458.268    329 49574.537    266714.537   50686.523
140  mtREV+R7      24458.257    331 49578.514    269362.514   50697.260
144  mtREV+F       24056.996    338 48789.992    277953.992   49932.397
145  mtREV+F+I     24056.993    339 48791.986    279311.986   49937.771
146  mtREV+F+G4    23323.565    339 47325.129    277845.129   48470.915
147  mtREV+F+I+G4  23323.592    340 47327.184    279207.184   48476.349
148  mtREV+F+R2    23472.420    340 47624.840    279504.840   48774.005
149  mtREV+F+R3    23354.418    342 47392.836    282004.836   48548.761
150  mtREV+F+R4    23304.927    344 47297.854    284657.854   48460.539
151  mtREV+F+R5    23296.763    346 47285.525    287409.525   48454.970
152  mtREV+F+R6    23292.095    348 47280.191    290184.191   48456.395
157  rtREV         24256.679    319 49151.358    253311.358   50229.545
158  rtREV+I       24256.678    320 49153.355    254593.355   50234.922
159  rtREV+G4      23855.168    320 48350.336    253790.336   49431.903
160  rtREV+I+G4    23855.155    321 48352.310    255076.310   49437.257
161  rtREV+R2      23921.649    321 48485.297    255209.297   49570.244
162  rtREV+R3      23858.490    323 48362.980    257666.980   49454.687
163  rtREV+R4      23847.175    325 48344.350    260244.350   49442.817
164  rtREV+R5      23842.615    327 48339.230    262851.230   49444.456
170  rtREV+F       23583.798    338 47843.595    277007.595   48986.001
171  rtREV+F+I     23583.791    339 47845.582    278365.582   48991.367
172  rtREV+F+G4    23034.855    339 46747.710    277267.710   47893.495
173  rtREV+F+I+G4  23034.833    340 46749.666    278629.666   47898.831
174  rtREV+F+R2    23136.399    340 46952.798    278832.798   48101.963
175  rtREV+F+R3    23046.576    342 46777.151    281389.151   47933.076
176  rtREV+F+R4    23025.765    344 46739.530    284099.530   47902.215
177  rtREV+F+R5    23017.415    346 46726.829    286850.829   47896.274
178  rtREV+F+R6    23016.938    348 46729.877    289633.877   47906.081
183  mtART         25680.893    319 51999.787    256159.787   53077.974
184  mtART+I       25680.891    320 52001.781    257441.781   53083.349
185  mtART+G4      24752.796    320 50145.592    255585.592   51227.159
186  mtART+I+G4    24752.795    321 50147.590    256871.590   51232.537
187  mtART+R2      24940.775    321 50523.550    257247.550   51608.497
188  mtART+R3      24771.816    323 50189.633    259493.633   51281.340
189  mtART+R4      24710.190    325 50070.380    261970.380   51168.847
190  mtART+R5      24690.247    327 50034.493    264546.493   51139.720
191  mtART+R6      24688.041    329 50034.082    267174.082   51146.068
196  mtART+F       24685.988    338 50047.975    279211.975   51190.380
197  mtART+F+I     24685.984    339 50049.969    280569.969   51195.754
198  mtART+F+G4    23702.717    339 48083.433    278603.433   49229.218
199  mtART+F+I+G4  23702.710    340 48085.421    279965.421   49234.586
200  mtART+F+R2    23904.716    340 48489.432    280369.432   49638.597
201  mtART+F+R3    23726.425    342 48136.850    282748.850   49292.775
202  mtART+F+R4    23662.222    344 48012.444    285372.444   49175.129
203  mtART+F+R5    23649.346    346 47990.693    288114.693   49160.137
204  mtART+F+R6    23637.253    348 47970.506    290874.506   49146.710
205  mtART+F+R7    23637.254    350 47974.509    293674.509   49157.473
209  mtZOA         24518.929    319 49675.857    253835.857   50754.044
210  mtZOA+I       24518.928    320 49677.857    255117.857   50759.424
211  mtZOA+G4      23820.623    320 48281.247    253721.247   49362.814
212  mtZOA+I+G4    23820.617    321 48283.234    255007.234   49368.182
213  mtZOA+R2      23957.578    321 48557.157    255281.157   49642.104
214  mtZOA+R3      23836.057    323 48318.113    257622.113   49409.820
215  mtZOA+R4      23790.519    325 48231.039    260131.039   49329.505
216  mtZOA+R5      23778.643    327 48211.285    262723.285   49316.512
217  mtZOA+R6      23778.624    329 48215.249    265355.249   49327.235
222  mtZOA+F       23965.352    338 48606.704    277770.704   49749.109
223  mtZOA+F+I     23965.351    339 48608.702    279128.702   49754.487
224  mtZOA+F+G4    23211.987    339 47101.974    277621.974   48247.760
225  mtZOA+F+I+G4  23211.974    340 47103.948    278983.948   48253.114
226  mtZOA+F+R2    23364.904    340 47409.807    279289.807   48558.972
227  mtZOA+F+R3    23232.834    342 47149.667    281761.667   48305.592
228  mtZOA+F+R4    23183.375    344 47054.749    284414.749   48217.434
229  mtZOA+F+R5    23173.097    346 47038.193    287162.193   48207.638
230  mtZOA+F+R6    23172.649    348 47041.299    289945.299   48217.503
235  VT            23840.014    319 48318.027    252478.027   49396.214
236  VT+I          23840.006    320 48320.012    253760.012   49401.579
237  VT+G4         23524.828    320 47689.655    253129.655   48771.223
238  VT+I+G4       23524.834    321 47691.668    254415.668   48776.615
239  VT+R2         23575.021    321 47792.041    254516.041   48876.989
240  VT+R3         23523.616    323 47693.232    256997.232   48784.939
241  VT+R4         23513.800    325 47677.601    259577.601   48776.067
242  VT+R5         23513.404    327 47680.808    262192.808   48786.035
248  VT+F          23289.862    338 47255.725    276419.725   48398.130
249  VT+F+I        23289.852    339 47257.705    277777.705   48403.490
250  VT+F+G4       22901.080    339 46480.161    277000.161   47625.946
251  VT+F+I+G4     22901.079    340 46482.157    278362.157   47631.322
252  VT+F+R2       22972.201    340 46624.403    278504.403   47773.568
253  VT+F+R3       22902.672    342 46489.344    281101.344   47645.269
254  VT+F+R4       22890.915    344 46469.830    283829.830   47632.514
255  VT+F+R5       22889.805    346 46471.611    286595.611   47641.055
261  LG            23820.191    319 48278.383    252438.383   49356.570
262  LG+I          23820.188    320 48280.377    253720.377   49361.944
263  LG+G4         23427.480    320 47494.959    252934.959   48576.526
264  LG+I+G4       23427.471    321 47496.941    254220.941   48581.888
265  LG+R2         23494.542    321 47631.085    254355.085   48716.032
266  LG+R3         23431.710    323 47509.420    256813.420   48601.127
267  LG+R4         23415.149    325 47480.298    259380.298   48578.764
268  LG+R5         23412.301    327 47478.603    261990.603   48583.829
274  LG+F          23363.765    338 47403.529    276567.529   48545.934
275  LG+F+I        23363.757    339 47405.515    277925.515   48551.300
276  LG+F+G4       22848.973    339 46375.947    276895.947   47521.732
277  LG+F+I+G4     22848.967    340 46377.933    278257.933   47527.099
278  LG+F+R2       22949.308    340 46578.617    278458.617   47727.782
279  LG+F+R3       22860.223    342 46404.447    281016.447   47560.371
280  LG+F+R4       22835.181    344 46358.363    283718.363   47521.047
281  LG+F+R5       22831.371    346 46354.742    286478.742   47524.187
287  DCMut         24069.513    319 48777.025    252937.025   49855.213
288  DCMut+I       24069.508    320 48779.015    254219.015   49860.582
289  DCMut+G4      23690.624    320 48021.247    253461.247   49102.815
290  DCMut+I+G4    23690.621    321 48023.242    254747.242   49108.189
291  DCMut+R2      23739.936    321 48121.872    254845.872   49206.820
292  DCMut+R3      23696.446    323 48038.892    257342.892   49130.599
293  DCMut+R4      23678.963    325 48007.927    259907.927   49106.393
294  DCMut+R5      23677.089    327 48008.178    262520.178   49113.404
300  DCMut+F       23429.656    338 47535.313    276699.313   48677.718
301  DCMut+F+I     23429.654    339 47537.308    278057.308   48683.094
302  DCMut+F+G4    22984.117    339 46646.234    277166.234   47792.019
303  DCMut+F+I+G4  22984.115    340 46648.230    278528.230   47797.395
304  DCMut+F+R2    23056.177    340 46792.354    278672.354   47941.519
305  DCMut+F+R3    22990.129    342 46664.258    281276.258   47820.183
306  DCMut+F+R4    22977.815    344 46643.630    284003.630   47806.315
307  DCMut+F+R5    22975.611    346 46643.222    286767.222   47812.666
313  PMB           23903.996    319 48445.992    252605.992   49524.179
314  PMB+I         23903.995    320 48447.989    253887.989   49529.556
315  PMB+G4        23566.241    320 47772.483    253212.483   48854.050
316  PMB+I+G4      23566.241    321 47774.482    254498.482   48859.429
317  PMB+R2        23626.167    321 47894.334    254618.334   48979.281
318  PMB+R3        23564.761    323 47775.522    257079.522   48867.229
319  PMB+R4        23557.118    325 47764.236    259664.236   48862.703
320  PMB+R5        23552.796    327 47759.592    262271.592   48864.819
326  PMB+F         23483.254    338 47642.509    276806.509   48784.914
327  PMB+F+I       23483.246    339 47644.492    278164.492   48790.278
328  PMB+F+G4      23063.330    339 46804.661    277324.661   47950.446
329  PMB+F+I+G4    23063.328    340 46806.656    278686.656   47955.821
330  PMB+F+R2      23145.205    340 46970.410    278850.410   48119.575
331  PMB+F+R3      23064.341    342 46812.683    281424.683   47968.608
332  PMB+F+R4      23053.189    344 46794.378    284154.378   47957.062
333  PMB+F+R5      23047.764    346 46787.529    286911.529   47956.973
334  PMB+F+R6      23047.764    348 46791.527    289695.527   47967.732
339  HIVb          24702.421    319 50042.841    254202.841   51121.028
340  HIVb+I        24702.412    320 50044.824    255484.824   51126.391
341  HIVb+G4       24213.648    320 49067.296    254507.296   50148.863
342  HIVb+I+G4     24213.639    321 49069.279    255793.279   50154.226
343  HIVb+R2       24305.990    321 49253.981    255977.981   50338.928
344  HIVb+R3       24227.418    323 49100.836    258404.836   50192.542
345  HIVb+R4       24200.866    325 49051.731    260951.731   50150.198
346  HIVb+R5       24199.032    327 49052.064    263564.064   50157.290
352  HIVb+F        24119.016    338 48914.033    278078.033   50056.438
353  HIVb+F+I      24119.007    339 48916.014    279436.014   50061.799
354  HIVb+F+G4     23534.904    339 47747.808    278267.807   48893.593
355  HIVb+F+I+G4   23534.891    340 47749.782    279629.782   48898.947
356  HIVb+F+R2     23647.163    340 47974.325    279854.325   49123.490
357  HIVb+F+R3     23550.299    342 47784.599    282396.599   48940.523
358  HIVb+F+R4     23522.288    344 47732.575    285092.575   48895.260
359  HIVb+F+R5     23519.272    346 47730.544    287854.544   48899.988
365  HIVw          25847.279    319 52332.559    256492.559   53410.746
366  HIVw+I        25847.275    320 52334.550    257774.550   53416.117
367  HIVw+G4       25391.712    320 51423.425    256863.425   52504.992
368  HIVw+I+G4     25391.708    321 51425.417    258149.417   52510.364
369  HIVw+R2       25474.122    321 51590.244    258314.244   52675.191
370  HIVw+R3       25405.433    323 51456.866    260760.866   52548.573
371  HIVw+R4       25371.632    325 51393.263    263293.263   52491.730
372  HIVw+R5       25365.960    327 51385.919    265897.919   52491.146
373  HIVw+R6       25365.837    329 51389.675    268529.675   52501.661
378  HIVw+F        24626.097    338 49928.194    279092.194   51070.599
379  HIVw+F+I      24626.083    339 49930.166    280450.166   51075.951
380  HIVw+F+G4     24103.534    339 48885.067    279405.067   50030.852
381  HIVw+F+I+G4   24103.522    340 48887.044    280767.044   50036.209
382  HIVw+F+R2     24190.086    340 49060.172    280940.172   50209.337
383  HIVw+F+R3     24117.996    342 48919.992    283531.992   50075.917
384  HIVw+F+R4     24089.563    344 48867.127    286227.127   50029.811
385  HIVw+F+R5     24088.900    346 48869.801    288993.801   50039.245
391  JTTDCMut      23880.774    319 48399.547    252559.547   49477.734
392  JTTDCMut+I    23880.772    320 48401.544    253841.544   49483.111
393  JTTDCMut+G4   23534.055    320 47708.109    253148.109   48789.677
394  JTTDCMut+I+G4 23534.049    321 47710.098    254434.098   48795.045
395  JTTDCMut+R2   23590.849    321 47823.697    254547.697   48908.644
396  JTTDCMut+R3   23536.107    323 47718.213    257022.213   48809.920
397  JTTDCMut+R4   23521.761    325 47693.521    259593.521   48791.988
398  JTTDCMut+R5   23520.654    327 47695.308    262207.308   48800.534
404  JTTDCMut+F    23372.982    338 47421.965    276585.965   48564.370
405  JTTDCMut+F+I  23372.973    339 47423.946    277943.946   48569.731
406  JTTDCMut+F+G4 22948.415    339 46574.831    277094.831   47720.616
407  JTTDCMut+F+I+G4 22948.409    340 46576.818    278456.818   47725.983
408  JTTDCMut+F+R2 23023.740    340 46727.481    278607.481   47876.646
409  JTTDCMut+F+R3 22954.744    342 46593.487    281205.487   47749.412
410  JTTDCMut+F+R4 22937.540    344 46563.079    283923.079   47725.764
411  JTTDCMut+F+R5 22935.916    346 46563.832    286687.832   47733.277
417  FLU           24696.314    319 50030.628    254190.628   51108.815
418  FLU+I         24696.311    320 50032.623    255472.623   51114.190
419  FLU+G4        24228.677    320 49097.354    254537.354   50178.921
420  FLU+I+G4      24228.671    321 49099.342    255823.342   50184.289
421  FLU+R2        24309.649    321 49261.299    255985.299   50346.246
422  FLU+R3        24238.313    323 49122.625    258426.625   50214.332
423  FLU+R4        24215.721    325 49081.441    260981.441   50179.908
424  FLU+R5        24211.731    327 49077.463    263589.463   50182.689
430  FLU+F         23876.017    338 48428.035    277592.035   49570.440
431  FLU+F+I       23876.009    339 48430.019    278950.019   49575.804
432  FLU+F+G4      23279.440    339 47236.879    277756.879   48382.664
433  FLU+F+I+G4    23279.450    340 47238.901    279118.901   48388.066
434  FLU+F+R2      23387.153    340 47454.306    279334.306   48603.471
435  FLU+F+R3      23293.474    342 47270.949    281882.949   48426.874
436  FLU+F+R4      23269.822    344 47227.644    284587.644   48390.329
437  FLU+F+R5      23264.184    346 47220.369    287344.369   48389.813
438  FLU+F+R6      23264.178    348 47224.355    290128.355   48400.560
443  Blosum62      23950.248    319 48538.497    252698.497   49616.684
444  Blosum62+I    23950.244    320 48540.487    253980.487   49622.054
445  Blosum62+G4   23615.905    320 47871.811    253311.811   48953.378
446  Blosum62+I+G4 23615.904    321 47873.809    254597.809   48958.756
447  Blosum62+R2   23669.689    321 47981.378    254705.378   49066.325
448  Blosum62+R3   23615.195    323 47876.390    257180.390   48968.097
449  Blosum62+R4   23607.220    325 47864.440    259764.440   48962.907
450  Blosum62+R5   23603.410    327 47860.820    262372.820   48966.046
456  Blosum62+F    23468.059    338 47612.119    276776.119   48754.524
457  Blosum62+F+I  23468.051    339 47614.101    278134.101   48759.886
458  Blosum62+F+G4 23053.924    339 46785.849    277305.849   47931.634
459  Blosum62+F+I+G4 23053.922    340 46787.844    278667.844   47937.009
460  Blosum62+F+R2 23131.284    340 46942.568    278822.568   48091.733
461  Blosum62+F+R3 23055.892    342 46795.785    281407.785   47951.710
462  Blosum62+F+R4 23044.174    344 46776.348    284136.348   47939.033
463  Blosum62+F+R5 23038.815    346 46769.630    286893.630   47939.074
469  mtMet         24933.250    319 50504.500    254664.500   51582.688
470  mtMet+I       24933.242    320 50506.484    255946.484   51588.051
471  mtMet+G4      24341.520    320 49323.040    254763.040   50404.607
472  mtMet+I+G4    24341.518    321 49325.036    256049.036   50409.983
473  mtMet+R2      24464.525    321 49571.049    256295.049   50655.996
474  mtMet+R3      24357.537    323 49361.075    258665.075   50452.781
475  mtMet+R4      24320.768    325 49291.537    261191.537   50390.003
476  mtMet+R5      24315.717    327 49285.434    263797.434   50390.660
482  mtMet+F       23845.689    338 48367.378    277531.378   49509.784
483  mtMet+F+I     23845.688    339 48369.377    278889.377   49515.162
484  mtMet+F+G4    23174.380    339 47026.760    277546.760   48172.545
485  mtMet+F+I+G4  23174.380    340 47028.760    278908.760   48177.925
486  mtMet+F+R2    23308.798    340 47297.596    279177.596   48446.762
487  mtMet+F+R3    23198.255    342 47080.509    281692.509   48236.434
488  mtMet+F+R4    23155.016    344 46998.032    284358.032   48160.717
489  mtMet+F+R5    23150.978    346 46993.957    287117.957   48163.401
495  mtVer         25196.468    319 51030.936    255190.936   52109.124
496  mtVer+I       25196.463    320 51032.927    256472.927   52114.494
497  mtVer+G4      24504.430    320 49648.859    255088.859   50730.426
498  mtVer+I+G4    24504.427    321 49650.855    256374.855   50735.802
499  mtVer+R2      24645.949    321 49933.899    256657.899   51018.846
500  mtVer+R3      24523.625    323 49693.251    258997.251   50784.958
501  mtVer+R4      24481.538    325 49613.076    261513.076   50711.542
502  mtVer+R5      24478.432    327 49610.864    264122.864   50716.091
508  mtVer+F       24105.668    338 48887.335    278051.335   50029.741
509  mtVer+F+I     24105.627    339 48889.255    279409.255   50035.040
510  mtVer+F+G4    23390.882    339 47459.764    277979.764   48605.549
511  mtVer+F+I+G4  23390.879    340 47461.759    279341.759   48610.924
512  mtVer+F+R2    23538.143    340 47756.285    279636.285   48905.450
513  mtVer+F+R3    23419.646    342 47523.291    282135.291   48679.216
514  mtVer+F+R4    23374.185    344 47436.370    284796.370   48599.054
515  mtVer+F+R5    23369.267    346 47430.533    287554.533   48599.978
521  mtInv         24944.231    319 50526.462    254686.462   51604.649
522  mtInv+I       24944.230    320 50528.461    255968.461   51610.028
523  mtInv+G4      24432.909    320 49505.819    254945.819   50587.386
524  mtInv+I+G4    24432.909    321 49507.819    256231.819   50592.766
525  mtInv+R2      24538.681    321 49719.362    256443.362   50804.309
526  mtInv+R3      24448.870    323 49543.740    258847.739   50635.446
527  mtInv+R4      24415.888    325 49481.776    261381.776   50580.243
528  mtInv+R5      24411.715    327 49477.431    263989.431   50582.657
534  mtInv+F       23516.343    338 47708.686    276872.686   48851.091
535  mtInv+F+I     23516.342    339 47710.685    278230.685   48856.470
536  mtInv+F+G4    22949.559    339 46577.119    277097.119   47722.904
537  mtInv+F+I+G4  22949.551    340 46579.102    278459.102   47728.267
538  mtInv+F+R2    23059.718    340 46799.436    278679.436   47948.601
539  mtInv+F+R3    22967.427    342 46618.854    281230.854   47774.779
540  mtInv+F+R4    22932.398    344 46552.796    283912.796   47715.481
541  mtInv+F+R5    22929.340    346 46550.680    286674.680   47720.124
Akaike Information Criterion:           LG+F+R5
Corrected Akaike Information Criterion: LG
Bayesian Information Criterion:         LG+F+R4
Best-fit model: LG+F+R4 chosen according to BIC

All model information printed to /Users/caitlin/Repositories/treelikeness/raw_data/Becker_2016/alignment.nex.model.gz
CPU time for ModelFinder: 0.371 seconds (0h:0m:0s)
Wall-clock time for ModelFinder: 0.380 seconds (0h:0m:0s)

NOTE: 23 MB RAM (0 GB) is required!
Measuring multi-threading efficiency up to 4 CPU cores
Increase to 10 rounds for branch lengths
7 trees examined
Threads: 1 / Time: 4.229 sec / Speedup: 1.000 / Efficiency: 100% / LogL: -59039
Threads: 2 / Time: 2.588 sec / Speedup: 1.634 / Efficiency: 82% / LogL: -59039
Threads: 3 / Time: 3.019 sec / Speedup: 1.401 / Efficiency: 47% / LogL: -59039
BEST NUMBER OF THREADS: 2

Estimate model parameters (epsilon = 0.100)
1. Initial log-likelihood: -22894.375
2. Current log-likelihood: -22846.915
3. Current log-likelihood: -22839.480
4. Current log-likelihood: -22836.097
5. Current log-likelihood: -22835.316
6. Current log-likelihood: -22835.210
Optimal log-likelihood: -22835.179
Site proportion and rates:  (0.190,0.286) (0.413,0.693) (0.303,1.353) (0.095,2.635)
Parameters optimization took 6 rounds (2.654 sec)
Computing ML distances based on estimated model parameters... 9.036 sec
WARNING: Some pairwise ML distances are too long (saturated)
Computing BIONJ tree...
0.016 seconds
Log-likelihood of BIONJ tree: -23079.233
--------------------------------------------------------------------
|             INITIALIZING CANDIDATE TREE SET                      |
--------------------------------------------------------------------
Generating 98 parsimony trees... 3.636 second
Computing log-likelihood of 98 initial trees ... 8.052 seconds
Current best score: -22811.691

Do NNI search on 20 best initial trees
Estimate model parameters (epsilon = 0.100)
BETTER TREE FOUND at iteration 1: -22767.130
Estimate model parameters (epsilon = 0.100)
BETTER TREE FOUND at iteration 2: -22765.298
Estimate model parameters (epsilon = 0.100)
BETTER TREE FOUND at iteration 4: -22764.583
Iteration 10 / LogL: -22770.623 / Time: 0h:0m:36s
Estimate model parameters (epsilon = 0.100)
BETTER TREE FOUND at iteration 15: -22764.441
Estimate model parameters (epsilon = 0.100)
BETTER TREE FOUND at iteration 20: -22764.246
Iteration 20 / LogL: -22764.246 / Time: 0h:0m:42s
Finish initializing candidate tree set (20)
Current best tree score: -22764.246 / CPU time: 24.910
Number of iterations: 20
--------------------------------------------------------------------
|               OPTIMIZING CANDIDATE TREE SET                      |
--------------------------------------------------------------------
Estimate model parameters (epsilon = 0.100)
BETTER TREE FOUND at iteration 21: -22764.022
Estimate model parameters (epsilon = 0.100)
BETTER TREE FOUND at iteration 22: -22762.018
Estimate model parameters (epsilon = 0.100)
BETTER TREE FOUND at iteration 25: -22755.250
Iteration 30 / LogL: -22794.574 / Time: 0h:0m:56s (0h:3m:3s left)
Estimate model parameters (epsilon = 0.100)
BETTER TREE FOUND at iteration 40: -22754.209
Iteration 40 / LogL: -22754.209 / Time: 0h:1m:8s (0h:2m:53s left)
Iteration 50 / LogL: -22812.609 / Time: 0h:1m:18s (0h:2m:23s left)
Estimate model parameters (epsilon = 0.100)
BETTER TREE FOUND at iteration 55: -22752.280
Iteration 60 / LogL: -22784.047 / Time: 0h:1m:28s (0h:2m:21s left)
Iteration 70 / LogL: -22770.350 / Time: 0h:1m:38s (0h:2m:0s left)
Iteration 80 / LogL: -22786.269 / Time: 0h:1m:47s (0h:1m:42s left)
Estimate model parameters (epsilon = 0.100)
BETTER TREE FOUND at iteration 88: -22752.206
Iteration 90 / LogL: -22756.303 / Time: 0h:1m:58s (0h:2m:9s left)
Iteration 100 / LogL: -22752.207 / Time: 0h:2m:7s (0h:1m:53s left)
Iteration 110 / LogL: -22752.761 / Time: 0h:2m:17s (0h:1m:38s left)
Iteration 120 / LogL: -22753.524 / Time: 0h:2m:28s (0h:1m:24s left)
Iteration 130 / LogL: -22786.612 / Time: 0h:2m:39s (0h:1m:11s left)
Iteration 140 / LogL: -22752.207 / Time: 0h:2m:49s (0h:0m:58s left)
Iteration 150 / LogL: -22788.144 / Time: 0h:3m:0s (0h:0m:45s left)
Iteration 160 / LogL: -22756.574 / Time: 0h:3m:11s (0h:0m:33s left)
Iteration 170 / LogL: -22752.447 / Time: 0h:3m:22s (0h:0m:21s left)
Iteration 180 / LogL: -22752.458 / Time: 0h:3m:33s (0h:0m:9s left)
TREE SEARCH COMPLETED AFTER 189 ITERATIONS / Time: 0h:3m:42s

--------------------------------------------------------------------
|                    FINALIZING TREE SEARCH                        |
--------------------------------------------------------------------
Performs final model parameters optimization
Estimate model parameters (epsilon = 0.010)
1. Initial log-likelihood: -22752.206
Optimal log-likelihood: -22752.206
Site proportion and rates:  (0.179,0.269) (0.413,0.678) (0.308,1.325) (0.100,2.633)
Parameters optimization took 1 rounds (0.166 sec)
BEST SCORE FOUND : -22752.206
Total tree length: 41.676

Total number of iterations: 189
CPU time used for tree search: 399.058 sec (0h:6m:39s)
Wall-clock time used for tree search: 204.709 sec (0h:3m:24s)
Total CPU time used: 433.030 sec (0h:7m:13s)
Total wall-clock time used: 222.974 sec (0h:3m:42s)

Analysis results written to: 
  IQ-TREE report:                /Users/caitlin/Repositories/treelikeness/raw_data/Becker_2016/alignment.nex.iqtree
  Maximum-likelihood tree:       /Users/caitlin/Repositories/treelikeness/raw_data/Becker_2016/alignment.nex.treefile
  Likelihood distances:          /Users/caitlin/Repositories/treelikeness/raw_data/Becker_2016/alignment.nex.mldist
  Screen log file:               /Users/caitlin/Repositories/treelikeness/raw_data/Becker_2016/alignment.nex.log

Date and Time: Tue Mar 13 15:47:27 2018
