IQ-TREE multicore version 1.6.2 for Mac OS X 64-bit built Mar  1 2018
Developed by Bui Quang Minh, Nguyen Lam Tung, Olga Chernomor,
Heiko Schmidt, Dominik Schrempf, Michael Woodhams.

Host:    Caitlins-MacBook-Pro.local (AVX2, FMA3, 8 GB RAM)
Command: /Applications/iqtree/bin/iqtree -s /Users/caitlin/Repositories/treelikeness/raw_data/Nguyen_2016a/alignment.nex -nt AUTO -redo
Seed:    693551 (Using SPRNG - Scalable Parallel Random Number Generator)
Time:    Wed Mar 21 14:17:09 2018
Kernel:  AVX+FMA - auto-detect threads (4 CPU cores detected)

Reading alignment file /Users/caitlin/Repositories/treelikeness/raw_data/Nguyen_2016a/alignment.nex ... Nexus format detected
Skipping unknown block (SETS)...
Alignment has 17 sequences with 688 columns, 213 distinct patterns
100 parsimony-informative, 71 singleton sites, 517 constant sites
WARNING: Some sequence names are changed as follows:
A. pisum -> A._pisum
D. melanogaster -> D._melanogaster
T. castaneum -> T._castaneum
B. mori -> B._mori
C. quinquefasciatus -> C._quinquefasciatus
N. vitrepennis -> N._vitrepennis
B. terrestris -> B._terrestris
B. impatiens -> B._impatiens
A. mellifera -> A._mellifera
A. florea -> A._florea
H. saltator -> H._saltator
C. floridanus -> C._floridanus
L. humile -> L._humile
P. barbatus -> P._barbatus
S. invicta -> S._invicta
A. echinatior -> A._echinatior
A. cephalotes -> A._cephalotes

                     Gap/Ambiguity  Composition  p-value
   1  A._pisum               4.22%    passed    100.00%
   2  D._melanogaster        4.65%    passed    100.00%
   3  T._castaneum          17.01%    passed     98.39%
   4  B._mori                4.80%    passed     99.99%
   5  C._quinquefasciatus    4.51%    passed    100.00%
   6  N._vitrepennis         4.22%    passed    100.00%
   7  B._terrestris          4.80%    passed    100.00%
   8  B._impatiens           4.51%    passed    100.00%
   9  A._mellifera           4.36%    passed    100.00%
  10  A._florea              0.58%    passed    100.00%
  11  H._saltator            4.65%    passed    100.00%
  12  C._floridanus          4.65%    passed    100.00%
  13  L._humile              4.65%    passed    100.00%
  14  P._barbatus            4.65%    passed    100.00%
  15  S._invicta             4.65%    passed    100.00%
  16  A._echinatior          4.65%    passed    100.00%
  17  A._cephalotes          4.65%    passed    100.00%
****  TOTAL                  5.07%  0 sequences failed composition chi2 test (p-value<5%; df=19)
NOTE: A._cephalotes is identical to A._echinatior but kept for subsequent analysis


Create initial parsimony tree by phylogenetic likelihood library (PLL)... 0.001 seconds
NOTE: ModelFinder requires 6 MB RAM!
ModelFinder will test 546 protein models (sample size: 688) ...
 No. Model         -LnL         df  AIC          AICc         BIC
Measuring multi-threading efficiency up to 4 CPU cores
Increase to 10 rounds for branch lengths
476 trees examined
Threads: 1 / Time: 4.015 sec / Speedup: 1.000 / Efficiency: 100% / LogL: -5443
Threads: 2 / Time: 2.536 sec / Speedup: 1.583 / Efficiency: 79% / LogL: -5443
Threads: 3 / Time: 2.862 sec / Speedup: 1.403 / Efficiency: 47% / LogL: -5443
BEST NUMBER OF THREADS: 2

  1  Dayhoff       4605.147     31  9272.294     9275.319     9412.842
  2  Dayhoff+I     4367.143     32  8798.285     8801.510     8943.367
  3  Dayhoff+G4    4342.415     32  8748.831     8752.055     8893.912
  4  Dayhoff+I+G4  4313.388     33  8692.775     8696.207     8842.390
  5  Dayhoff+R2    4332.604     33  8731.208     8734.639     8880.823
  6  Dayhoff+R3    4292.655     35  8655.310     8659.175     8813.993
  7  Dayhoff+R4    4287.055     37  8648.110     8652.436     8815.860
 14  Dayhoff+F     4571.261     50  9242.523     9250.529     9469.212
 15  Dayhoff+F+I   4333.439     51  8768.879     8777.218     9000.102
 16  Dayhoff+F+G4  4305.424     51  8712.848     8721.188     8944.072
 17  Dayhoff+F+I+G4 4275.267     52  8654.534     8663.214     8890.291
 18  Dayhoff+F+R2  4295.187     52  8694.373     8703.053     8930.130
 19  Dayhoff+F+R3  4252.707     54  8613.413     8622.797     8858.238
 20  Dayhoff+F+R4  4247.006     56  8606.012     8616.129     8859.904
 27  mtMAM         5066.768     31  10195.536    10198.561    10336.084
 28  mtMAM+I       4722.285     32  9508.570     9511.795     9653.652
 29  mtMAM+G4      4615.113     32  9294.226     9297.451     9439.308
 30  mtMAM+I+G4    4584.870     33  9235.740     9239.172     9385.355
 31  mtMAM+R2      4615.587     33  9297.173     9300.604     9446.788
 32  mtMAM+R3      4578.666     35  9227.332     9231.197     9386.015
 33  mtMAM+R4      4576.545     37  9227.089     9231.416     9394.840
 40  mtMAM+F       4761.359     50  9622.719     9630.725     9849.408
 41  mtMAM+F+I     4432.441     51  8966.882     8975.222     9198.105
 42  mtMAM+F+G4    4359.884     51  8821.768     8830.108     9052.991
 43  mtMAM+F+I+G4  4323.458     52  8750.916     8759.596     8986.673
 44  mtMAM+F+R2    4355.109     52  8814.218     8822.898     9049.975
 45  mtMAM+F+R3    4312.987     54  8733.974     8743.358     8978.799
 46  mtMAM+F+R4    4308.464     56  8728.929     8739.046     8982.821
 53  JTT           4575.929     31  9213.858     9216.882     9354.405
 54  JTT+I         4331.868     32  8727.736     8730.961     8872.817
 55  JTT+G4        4308.799     32  8681.597     8684.822     8826.679
 56  JTT+I+G4      4284.488     33  8634.976     8638.407     8784.591
 57  JTT+R2        4297.176     33  8660.351     8663.783     8809.966
 58  JTT+R3        4269.973     35  8609.946     8613.811     8768.628
 59  JTT+R4        4266.944     37  8607.887     8612.213     8775.637
 66  JTT+F         4552.378     50  9204.756     9212.763     9431.446
 67  JTT+F+I       4309.979     51  8721.957     8730.297     8953.180
 68  JTT+F+G4      4285.823     51  8673.647     8681.986     8904.870
 69  JTT+F+I+G4    4260.553     52  8625.106     8633.786     8860.863
 70  JTT+F+R2      4275.096     52  8654.193     8662.873     8889.950
 71  JTT+F+R3      4243.541     54  8595.081     8604.465     8839.906
 72  JTT+F+R4      4240.808     56  8593.615     8603.733     8847.508
 79  WAG           4571.370     31  9204.741     9207.765     9345.288
 80  WAG+I         4337.197     32  8738.395     8741.619     8883.476
 81  WAG+G4        4315.486     32  8694.973     8698.197     8840.054
 82  WAG+I+G4      4291.888     33  8649.776     8653.207     8799.391
 83  WAG+R2        4304.429     33  8674.858     8678.289     8824.473
 84  WAG+R3        4274.929     35  8619.858     8623.723     8778.541
 85  WAG+R4        4272.801     37  8619.602     8623.929     8787.353
 92  WAG+F         4558.604     50  9217.209     9225.215     9443.898
 93  WAG+F+I       4324.419     51  8750.838     8759.178     8982.061
 94  WAG+F+G4      4301.363     51  8704.726     8713.066     8935.950
 95  WAG+F+I+G4    4277.166     52  8658.331     8667.011     8894.088
 96  WAG+F+R2      4290.613     52  8685.226     8693.907     8920.983
 97  WAG+F+R3      4258.766     54  8625.532     8634.916     8870.357
 98  WAG+F+R4      4256.434     56  8624.868     8634.985     8878.760
105  cpREV         4635.094     31  9332.189     9335.213     9472.736
106  cpREV+I       4392.589     32  8849.178     8852.402     8994.259
107  cpREV+G4      4364.774     32  8793.548     8796.772     8938.629
108  cpREV+I+G4    4340.331     33  8746.662     8750.093     8896.277
109  cpREV+R2      4354.018     33  8774.035     8777.467     8923.650
110  cpREV+R3      4325.644     35  8721.289     8725.154     8879.971
111  cpREV+R4      4324.276     37  8722.552     8726.878     8890.302
118  cpREV+F       4595.137     50  9290.273     9298.280     9516.963
119  cpREV+F+I     4350.832     51  8803.665     8812.004     9034.888
120  cpREV+F+G4    4320.727     51  8743.454     8751.793     8974.677
121  cpREV+F+I+G4  4292.687     52  8689.374     8698.054     8925.131
122  cpREV+F+R2    4310.192     52  8724.383     8733.064     8960.140
123  cpREV+F+R3    4275.007     54  8658.014     8667.398     8902.838
124  cpREV+F+R4    4272.792     56  8657.583     8667.701     8911.476
131  mtREV         4927.291     31  9916.583     9919.607     10057.130
132  mtREV+I       4638.080     32  9340.160     9343.384     9485.241
133  mtREV+G4      4579.652     32  9223.303     9226.528     9368.384
134  mtREV+I+G4    4551.676     33  9169.351     9172.782     9318.966
135  mtREV+R2      4570.909     33  9207.819     9211.250     9357.434
136  mtREV+R3      4545.610     35  9161.220     9165.085     9319.902
137  mtREV+R4      4541.587     37  9157.173     9161.499     9324.923
144  mtREV+F       4643.802     50  9387.604     9395.611     9614.294
145  mtREV+F+I     4368.782     51  8839.564     8847.904     9070.788
146  mtREV+F+G4    4326.084     51  8754.168     8762.508     8985.391
147  mtREV+F+I+G4  4294.377     52  8692.754     8701.434     8928.511
148  mtREV+F+R2    4314.841     52  8733.683     8742.363     8969.440
149  mtREV+F+R3    4282.245     54  8672.490     8681.874     8917.314
150  mtREV+F+R4    4277.523     56  8667.046     8677.163     8920.938
157  rtREV         4628.927     31  9319.853     9322.878     9460.401
158  rtREV+I       4380.784     32  8825.568     8828.792     8970.649
159  rtREV+G4      4351.925     32  8767.849     8771.074     8912.930
160  rtREV+I+G4    4326.756     33  8719.512     8722.943     8869.127
161  rtREV+R2      4341.442     33  8748.883     8752.314     8898.498
162  rtREV+R3      4317.055     35  8704.110     8707.975     8862.793
163  rtREV+R4      4313.627     37  8701.253     8705.579     8869.003
170  rtREV+F       4564.924     50  9229.849     9237.855     9456.538
171  rtREV+F+I     4317.725     51  8737.450     8745.789     8968.673
172  rtREV+F+G4    4289.802     51  8681.604     8689.943     8912.827
173  rtREV+F+I+G4  4262.655     52  8629.310     8637.990     8865.067
174  rtREV+F+R2    4279.305     52  8662.610     8671.291     8898.367
175  rtREV+F+R3    4251.414     54  8610.829     8620.212     8855.653
176  rtREV+F+R4    4247.566     56  8607.132     8617.249     8861.024
183  mtART         4981.322     31  10024.645    10027.669    10165.192
184  mtART+I       4642.487     32  9348.973     9352.197     9494.054
185  mtART+G4      4554.948     32  9173.895     9177.120     9318.976
186  mtART+I+G4    4526.385     33  9118.769     9122.201     9268.385
187  mtART+R2      4553.423     33  9172.846     9176.277     9322.461
188  mtART+R3      4521.416     35  9112.832     9116.697     9271.515
189  mtART+R4      4519.156     37  9112.311     9116.637     9280.061
196  mtART+F       4676.360     50  9452.720     9460.726     9679.409
197  mtART+F+I     4367.690     51  8837.379     8845.719     9068.603
198  mtART+F+G4    4302.788     51  8707.577     8715.916     8938.800
199  mtART+F+I+G4  4266.469     52  8636.938     8645.618     8872.695
200  mtART+F+R2    4294.590     52  8693.181     8701.861     8928.938
201  mtART+F+R3    4256.230     54  8620.460     8629.844     8865.285
202  mtART+F+R4    4254.148     56  8620.295     8630.412     8874.187
209  mtZOA         4869.791     31  9801.583     9804.607     9942.130
210  mtZOA+I       4570.906     32  9205.813     9209.037     9350.894
211  mtZOA+G4      4505.630     32  9075.259     9078.483     9220.340
212  mtZOA+I+G4    4477.421     33  9020.843     9024.274     9170.458
213  mtZOA+R2      4501.771     33  9069.543     9072.974     9219.158
214  mtZOA+R3      4471.739     35  9013.478     9017.343     9172.161
215  mtZOA+R4      4469.660     37  9013.320     9017.646     9181.070
222  mtZOA+F       4604.904     50  9309.807     9317.813     9536.497
223  mtZOA+F+I     4332.365     51  8766.731     8775.070     8997.954
224  mtZOA+F+G4    4289.013     51  8680.026     8688.365     8911.249
225  mtZOA+F+I+G4  4255.708     52  8615.416     8624.097     8851.173
226  mtZOA+F+R2    4279.367     52  8662.735     8671.415     8898.492
227  mtZOA+F+R3    4243.587     54  8595.174     8604.557     8839.998
228  mtZOA+F+R4    4240.616     56  8593.232     8603.350     8847.125
235  VT            4569.820     31  9201.639     9204.664     9342.187
236  VT+I          4337.185     32  8738.370     8741.595     8883.452
237  VT+G4         4318.078     32  8700.155     8703.380     8845.236
238  VT+I+G4       4297.575     33  8661.150     8664.582     8810.765
239  VT+R2         4307.540     33  8681.080     8684.512     8830.695
240  VT+R3         4285.751     35  8641.502     8645.367     8800.185
241  VT+R4         4283.991     37  8641.983     8646.309     8809.733
248  VT+F          4548.108     50  9196.217     9204.223     9422.906
249  VT+F+I        4317.103     51  8736.207     8744.546     8967.430
250  VT+F+G4       4297.580     51  8697.160     8705.499     8928.383
251  VT+F+I+G4     4276.330     52  8656.660     8665.340     8892.417
252  VT+F+R2       4287.395     52  8678.789     8687.470     8914.546
253  VT+F+R3       4263.138     54  8634.277     8643.661     8879.101
254  VT+F+R4       4261.310     56  8634.621     8644.738     8888.513
261  LG            4573.526     31  9209.053     9212.077     9349.600
262  LG+I          4326.325     32  8716.650     8719.874     8861.731
263  LG+G4         4298.959     32  8661.918     8665.143     8807.000
264  LG+I+G4       4274.562     33  8615.124     8618.555     8764.739
265  LG+R2         4286.835     33  8639.671     8643.102     8789.286
266  LG+R3         4263.507     35  8597.014     8600.879     8755.696
267  LG+R4         4260.908     37  8595.817     8600.143     8763.567
274  LG+F          4549.808     50  9199.616     9207.622     9426.305
275  LG+F+I        4306.083     51  8714.166     8722.506     8945.390
276  LG+F+G4       4279.336     51  8660.672     8669.011     8891.895
277  LG+F+I+G4     4254.522     52  8613.043     8621.723     8848.800
278  LG+F+R2       4268.105     52  8640.210     8648.891     8875.967
279  LG+F+R3       4242.317     54  8592.635     8602.019     8837.459
280  LG+F+R4       4239.286     56  8590.573     8600.690     8844.465
287  DCMut         4605.137     31  9272.273     9275.297     9412.820
288  DCMut+I       4367.109     32  8798.219     8801.443     8943.300
289  DCMut+G4      4342.672     32  8749.345     8752.569     8894.426
290  DCMut+I+G4    4313.434     33  8692.869     8696.300     8842.484
291  DCMut+R2      4333.109     33  8732.219     8735.650     8881.834
292  DCMut+R3      4292.998     35  8655.995     8659.860     8814.678
293  DCMut+R4      4287.636     37  8649.271     8653.597     8817.021
300  DCMut+F       4571.064     50  9242.128     9250.134     9468.817
301  DCMut+F+I     4333.239     51  8768.478     8776.818     8999.701
302  DCMut+F+G4    4305.560     51  8713.120     8721.460     8944.343
303  DCMut+F+I+G4  4275.303     52  8654.606     8663.287     8890.363
304  DCMut+F+R2    4295.573     52  8695.147     8703.827     8930.904
305  DCMut+F+R3    4252.966     54  8613.932     8623.316     8858.757
306  DCMut+F+R4    4247.381     56  8606.761     8616.878     8860.653
313  PMB           4623.282     31  9308.564     9311.588     9449.111
314  PMB+I         4390.426     32  8844.851     8848.075     8989.932
315  PMB+G4        4370.013     32  8804.025     8807.250     8949.106
316  PMB+I+G4      4349.152     33  8764.304     8767.735     8913.919
317  PMB+R2        4358.874     33  8783.747     8787.179     8933.362
318  PMB+R3        4338.517     35  8747.035     8750.900     8905.717
319  PMB+R4        4336.931     37  8747.861     8752.188     8915.612
326  PMB+F         4574.488     50  9248.975     9256.981     9475.665
327  PMB+F+I       4342.999     51  8787.999     8796.338     9019.222
328  PMB+F+G4      4322.346     51  8746.692     8755.032     8977.916
329  PMB+F+I+G4    4300.286     52  8704.572     8713.252     8940.329
330  PMB+F+R2      4311.129     52  8726.258     8734.938     8962.015
331  PMB+F+R3      4287.892     54  8683.783     8693.167     8928.608
332  PMB+F+R4      4286.041     56  8684.081     8694.199     8937.974
339  HIVb          4783.316     31  9628.632     9631.656     9769.179
340  HIVb+I        4467.355     32  8998.710     9001.934     9143.791
341  HIVb+G4       4425.608     32  8915.217     8918.441     9060.298
342  HIVb+I+G4     4392.529     33  8851.058     8854.489     9000.673
343  HIVb+R2       4412.888     33  8891.777     8895.208     9041.392
344  HIVb+R3       4377.881     35  8825.763     8829.628     8984.445
345  HIVb+R4       4374.838     37  8823.675     8828.002     8991.426
352  HIVb+F        4729.285     50  9558.570     9566.577     9785.260
353  HIVb+F+I      4413.241     51  8928.482     8936.822     9159.705
354  HIVb+F+G4     4372.468     51  8846.936     8855.276     9078.160
355  HIVb+F+I+G4   4337.257     52  8778.513     8787.194     9014.270
356  HIVb+F+R2     4360.680     52  8825.360     8834.041     9061.117
357  HIVb+F+R3     4321.265     54  8750.530     8759.913     8995.354
358  HIVb+F+R4     4315.853     56  8743.706     8753.823     8997.598
365  HIVw          4914.455     31  9890.910     9893.934     10031.457
366  HIVw+I        4615.080     32  9294.160     9297.385     9439.241
367  HIVw+G4       4569.198     32  9202.397     9205.621     9347.478
368  HIVw+I+G4     4540.571     33  9147.143     9150.574     9296.758
369  HIVw+R2       4556.551     33  9179.101     9182.533     9328.716
370  HIVw+R3       4508.596     35  9087.193     9091.058     9245.875
371  HIVw+R4       4508.597     37  9091.194     9095.520     9258.944
378  HIVw+F        4813.044     50  9726.089     9734.095     9952.778
379  HIVw+F+I      4500.306     51  9102.611     9110.951     9333.835
380  HIVw+F+G4     4458.234     51  9018.468     9026.808     9249.692
381  HIVw+F+I+G4   4424.682     52  8953.364     8962.044     9189.121
382  HIVw+F+R2     4446.580     52  8997.159     9005.839     9232.916
383  HIVw+F+R3     4394.163     54  8896.325     8905.709     9141.150
384  HIVw+F+R4     4394.162     56  8900.324     8910.441     9154.216
391  JTTDCMut      4576.445     31  9214.891     9217.915     9355.438
392  JTTDCMut+I    4333.275     32  8730.550     8733.775     8875.632
393  JTTDCMut+G4   4310.056     32  8684.112     8687.337     8829.193
394  JTTDCMut+I+G4 4285.296     33  8636.592     8640.023     8786.207
395  JTTDCMut+R2   4298.363     33  8662.725     8666.157     8812.340
396  JTTDCMut+R3   4270.541     35  8611.083     8614.948     8769.765
397  JTTDCMut+R4   4270.535     37  8615.071     8619.397     8782.821
404  JTTDCMut+F    4553.228     50  9206.457     9214.463     9433.146
405  JTTDCMut+F+I  4311.320     51  8724.641     8732.980     8955.864
406  JTTDCMut+F+G4 4286.933     51  8675.866     8684.205     8907.089
407  JTTDCMut+F+I+G4 4261.226     52  8626.452     8635.133     8862.209
408  JTTDCMut+F+R2 4276.149     52  8656.298     8664.979     8892.055
409  JTTDCMut+F+R3 4244.089     54  8596.178     8605.562     8841.003
410  JTTDCMut+F+R4 4244.088     56  8600.177     8610.294     8854.069
417  FLU           4723.843     31  9509.687     9512.711     9650.234
418  FLU+I         4453.712     32  8971.425     8974.649     9116.506
419  FLU+G4        4412.988     32  8889.976     8893.201     9035.058
420  FLU+I+G4      4386.833     33  8839.666     8843.098     8989.281
421  FLU+R2        4399.916     33  8865.831     8869.262     9015.446
422  FLU+R3        4360.749     35  8791.498     8795.363     8950.180
423  FLU+R4        4360.749     37  8795.497     8799.824     8963.248
430  FLU+F         4668.818     50  9437.635     9445.642     9664.325
431  FLU+F+I       4391.531     51  8885.061     8893.401     9116.284
432  FLU+F+G4      4350.140     51  8802.280     8810.619     9033.503
433  FLU+F+I+G4    4320.960     52  8745.920     8754.600     8981.677
434  FLU+F+R2      4338.168     52  8780.335     8789.016     9016.092
435  FLU+F+R3      4295.075     54  8698.151     8707.535     8942.976
436  FLU+F+R4      4295.075     56  8702.151     8712.268     8956.043
443  Blosum62      4610.470     31  9282.941     9285.965     9423.488
444  Blosum62+I    4380.355     32  8824.710     8827.935     8969.792
445  Blosum62+G4   4359.181     32  8782.362     8785.587     8927.444
446  Blosum62+I+G4 4338.790     33  8743.580     8747.011     8893.195
447  Blosum62+R2   4348.480     33  8762.960     8766.391     8912.575
448  Blosum62+R3   4327.812     35  8725.624     8729.489     8884.307
449  Blosum62+R4   4327.809     37  8729.617     8733.944     8897.368
456  Blosum62+F    4575.428     50  9250.856     9258.862     9477.545
457  Blosum62+F+I  4347.029     51  8796.057     8804.397     9027.280
458  Blosum62+F+G4 4325.897     51  8753.794     8762.134     8985.018
459  Blosum62+F+I+G4 4304.313     52  8712.626     8721.306     8948.383
460  Blosum62+F+R2 4315.074     52  8734.147     8742.828     8969.904
461  Blosum62+F+R3 4291.828     54  8691.656     8701.040     8936.481
462  Blosum62+F+R4 4291.826     56  8695.652     8705.769     8949.544
469  mtMet         4903.569     31  9869.138     9872.163     10009.686
470  mtMet+I       4620.120     32  9304.240     9307.464     9449.321
471  mtMet+G4      4570.936     32  9205.873     9209.097     9350.954
472  mtMet+I+G4    4545.833     33  9157.665     9161.096     9307.280
473  mtMet+R2      4564.348     33  9194.695     9198.126     9344.310
474  mtMet+R3      4540.096     35  9150.192     9154.058     9308.875
475  mtMet+R4      4540.077     37  9154.154     9158.480     9321.904
482  mtMet+F       4601.854     50  9303.708     9311.714     9530.397
483  mtMet+F+I     4334.406     51  8770.811     8779.151     9002.035
484  mtMet+F+G4    4297.848     51  8697.697     8706.036     8928.920
485  mtMet+F+I+G4  4266.903     52  8637.806     8646.487     8873.563
486  mtMet+F+R2    4289.610     52  8683.221     8691.901     8918.978
487  mtMet+F+R3    4254.241     54  8616.481     8625.865     8861.306
488  mtMet+F+R4    4254.236     56  8620.471     8630.589     8874.364
495  mtVer         4969.945     31  10001.890    10004.914    10142.437
496  mtVer+I       4677.847     32  9419.693     9422.918     9564.775
497  mtVer+G4      4612.656     32  9289.312     9292.537     9434.393
498  mtVer+I+G4    4582.019     33  9230.038     9233.469     9379.653
499  mtVer+R2      4606.710     33  9279.421     9282.852     9429.036
500  mtVer+R3      4573.752     35  9217.503     9221.368     9376.186
501  mtVer+R4      4573.738     37  9221.477     9225.803     9389.227
508  mtVer+F       4675.504     50  9451.008     9459.014     9677.698
509  mtVer+F+I     4393.513     51  8889.025     8897.365     9120.249
510  mtVer+F+G4    4347.205     51  8796.411     8804.750     9027.634
511  mtVer+F+I+G4  4311.940     52  8727.880     8736.560     8963.637
512  mtVer+F+R2    4338.454     52  8780.907     8789.587     9016.664
513  mtVer+F+R3    4296.121     54  8700.241     8709.625     8945.066
514  mtVer+F+R4    4296.119     56  8704.239     8714.356     8958.131
521  mtInv         4922.969     31  9907.937     9910.962     10048.485
522  mtInv+I       4647.029     32  9358.059     9361.283     9503.140
523  mtInv+G4      4607.734     32  9279.467     9282.692     9424.549
524  mtInv+I+G4    4584.541     33  9235.082     9238.513     9384.697
525  mtInv+R2      4599.718     33  9265.436     9268.867     9415.051
526  mtInv+R3      4579.814     35  9229.629     9233.494     9388.312
527  mtInv+R4      4579.810     37  9233.620     9237.946     9401.370
534  mtInv+F       4567.013     50  9234.026     9242.032     9460.716
535  mtInv+F+I     4313.437     51  8728.874     8737.213     8960.097
536  mtInv+F+G4    4281.746     51  8665.493     8673.832     8896.716
537  mtInv+F+I+G4  4252.205     52  8608.410     8617.090     8844.167
538  mtInv+F+R2    4272.069     52  8648.137     8656.817     8883.894
539  mtInv+F+R3    4239.664     54  8587.329     8596.712     8832.153
540  mtInv+F+R4    4239.658     56  8591.317     8601.434     8845.209
Akaike Information Criterion:           mtInv+F+R3
Corrected Akaike Information Criterion: mtInv+F+R3
Bayesian Information Criterion:         LG+R3
Best-fit model: LG+R3 chosen according to BIC

All model information printed to /Users/caitlin/Repositories/treelikeness/raw_data/Nguyen_2016a/alignment.nex.model.gz
CPU time for ModelFinder: 53.521 seconds (0h:0m:53s)
Wall-clock time for ModelFinder: 27.114 seconds (0h:0m:27s)

NOTE: 1 MB RAM (0 GB) is required!
Measuring multi-threading efficiency up to 4 CPU cores
Increase to 10 rounds for branch lengths
173 trees examined
Threads: 1 / Time: 4.000 sec / Speedup: 1.000 / Efficiency: 100% / LogL: -5104
Threads: 2 / Time: 2.394 sec / Speedup: 1.671 / Efficiency: 84% / LogL: -5104
Threads: 3 / Time: 2.846 sec / Speedup: 1.406 / Efficiency: 47% / LogL: -5104
BEST NUMBER OF THREADS: 2

Estimate model parameters (epsilon = 0.100)
1. Initial log-likelihood: -4435.709
2. Current log-likelihood: -4295.140
3. Current log-likelihood: -4284.131
4. Current log-likelihood: -4280.867
5. Current log-likelihood: -4277.936
6. Current log-likelihood: -4274.685
7. Current log-likelihood: -4271.008
8. Current log-likelihood: -4267.999
9. Current log-likelihood: -4266.665
10. Current log-likelihood: -4266.256
11. Current log-likelihood: -4266.156
Optimal log-likelihood: -4266.100
Site proportion and rates:  (0.667,0.005) (0.270,1.377) (0.063,9.939)
Parameters optimization took 11 rounds (0.528 sec)
Computing ML distances based on estimated model parameters... 0.106 sec
Computing BIONJ tree...
0.001 seconds
Log-likelihood of BIONJ tree: -4263.269
--------------------------------------------------------------------
|             INITIALIZING CANDIDATE TREE SET                      |
--------------------------------------------------------------------
Generating 98 parsimony trees... 0.139 second
Computing log-likelihood of 97 initial trees ... 0.516 seconds
Current best score: -4259.905

Do NNI search on 20 best initial trees
Estimate model parameters (epsilon = 0.100)
BETTER TREE FOUND at iteration 1: -4259.544
Iteration 10 / LogL: -4259.580 / Time: 0h:0m:37s
Iteration 20 / LogL: -4259.648 / Time: 0h:0m:38s
Finish initializing candidate tree set (5)
Current best tree score: -4259.544 / CPU time: 1.280
Number of iterations: 20
--------------------------------------------------------------------
|               OPTIMIZING CANDIDATE TREE SET                      |
--------------------------------------------------------------------
Iteration 30 / LogL: -4266.841 / Time: 0h:0m:38s (0h:0m:28s left)
Iteration 40 / LogL: -4259.841 / Time: 0h:0m:39s (0h:0m:18s left)
Iteration 50 / LogL: -4259.775 / Time: 0h:0m:39s (0h:0m:12s left)
Iteration 60 / LogL: -4259.771 / Time: 0h:0m:39s (0h:0m:8s left)
Iteration 70 / LogL: -4259.770 / Time: 0h:0m:40s (0h:0m:5s left)
Iteration 80 / LogL: -4262.027 / Time: 0h:0m:40s (0h:0m:3s left)
Iteration 90 / LogL: -4261.064 / Time: 0h:0m:40s (0h:0m:1s left)
Iteration 100 / LogL: -4259.846 / Time: 0h:0m:41s (0h:0m:0s left)
TREE SEARCH COMPLETED AFTER 102 ITERATIONS / Time: 0h:0m:41s

--------------------------------------------------------------------
|                    FINALIZING TREE SEARCH                        |
--------------------------------------------------------------------
Performs final model parameters optimization
Estimate model parameters (epsilon = 0.010)
1. Initial log-likelihood: -4259.544
2. Current log-likelihood: -4259.460
3. Current log-likelihood: -4259.362
4. Current log-likelihood: -4259.248
5. Current log-likelihood: -4259.118
6. Current log-likelihood: -4258.973
7. Current log-likelihood: -4258.802
8. Current log-likelihood: -4258.618
9. Current log-likelihood: -4258.421
10. Current log-likelihood: -4258.216
11. Current log-likelihood: -4258.008
12. Current log-likelihood: -4257.792
13. Current log-likelihood: -4257.586
14. Current log-likelihood: -4257.399
15. Current log-likelihood: -4257.239
16. Current log-likelihood: -4257.111
17. Current log-likelihood: -4257.023
18. Current log-likelihood: -4256.960
19. Current log-likelihood: -4256.924
20. Current log-likelihood: -4256.898
21. Current log-likelihood: -4256.881
22. Current log-likelihood: -4256.869
Optimal log-likelihood: -4256.860
Site proportion and rates:  (0.790,0.087) (0.176,2.484) (0.034,14.488)
Parameters optimization took 22 rounds (0.769 sec)
BEST SCORE FOUND : -4256.860
Total tree length: 1.042

Total number of iterations: 102
CPU time used for tree search: 8.883 sec (0h:0m:8s)
Wall-clock time used for tree search: 4.469 sec (0h:0m:4s)
Total CPU time used: 82.984 sec (0h:1m:22s)
Total wall-clock time used: 42.202 sec (0h:0m:42s)

Analysis results written to: 
  IQ-TREE report:                /Users/caitlin/Repositories/treelikeness/raw_data/Nguyen_2016a/alignment.nex.iqtree
  Maximum-likelihood tree:       /Users/caitlin/Repositories/treelikeness/raw_data/Nguyen_2016a/alignment.nex.treefile
  Likelihood distances:          /Users/caitlin/Repositories/treelikeness/raw_data/Nguyen_2016a/alignment.nex.mldist
  Screen log file:               /Users/caitlin/Repositories/treelikeness/raw_data/Nguyen_2016a/alignment.nex.log

Date and Time: Wed Mar 21 14:17:51 2018
