IQ-TREE multicore version 1.5.5 for Mac OS X 64-bit built Feb  4 2018
Copyright (c) 2011-2017 by Bui Quang Minh, Nguyen Lam Tung,
Olga Chernomor, Heiko Schmidt, and Arndt von Haeseler.

Host:    rsb0001342.uds.anu.edu.au (AVX2, FMA3, 16 GB RAM)
Command: iqtree -s alignment.nex -nt AUTO -redo
Seed:    164504 (Using SPRNG - Scalable Parallel Random Number Generator)
Time:    Wed Apr  4 12:21:47 2018
Kernel:  AVX+FMA - auto-detect threads (4 CPU cores detected)

Reading alignment file alignment.nex ... Nexus format detected
Skipping unknown block (SETS)...
Alignment has 17 sequences with 704 columns and 384 patterns (165 informative sites, 373 constant sites)
WARNING: Some sequence names are changed as follows:
C. quinquefasciatus -> C._quinquefasciatus
D. melanogaster -> D._melanogaster
B. mori -> B._mori
A. cepahlotes -> A._cepahlotes
A. echinatior -> A._echinatior
L. humile -> L._humile
C. floridanus -> C._floridanus
P. barbatus -> P._barbatus
H. saltator -> H._saltator
A. florea -> A._florea
A. mellifera -> A._mellifera
B. impatiens -> B._impatiens
B. terrestris -> B._terrestris
N. vitrepennis -> N._vitrepennis
S. invicta -> S._invicta
T. castaneum -> T._castaneum
A. pisum -> A._pisum

                     Gap/Ambiguity  Composition  p-value
   1  C._quinquefasciatus    4.40%    passed     99.42%
   2  D._melanogaster        2.56%    passed     95.76%
   3  B._mori                1.99%    passed     99.68%
   4  A._cepahlotes          8.95%    passed    100.00%
   5  A._echinatior         14.91%    passed    100.00%
   6  L._humile              2.56%    passed    100.00%
   7  C._floridanus          6.39%    passed    100.00%
   8  P._barbatus            5.68%    passed    100.00%
   9  H._saltator            2.70%    passed    100.00%
  10  A._florea              2.41%    passed    100.00%
  11  A._mellifera           2.41%    passed    100.00%
  12  B._impatiens           2.41%    passed    100.00%
  13  B._terrestris          2.56%    passed    100.00%
  14  N._vitrepennis         2.41%    passed     99.96%
  15  S._invicta            18.32%    passed     86.17%
  16  T._castaneum           1.99%    passed     99.79%
  17  A._pisum               3.41%    passed     99.76%
****  TOTAL                  5.06%  0 sequences failed composition chi2 test (p-value<5%; df=19)

Create initial parsimony tree by phylogenetic likelihood library (PLL)... 0.001 seconds

NOTE: ModelFinder requires 10 MB RAM!
ModelFinder will test 468 protein models (sample size: 704) ...
 No. Model         -LnL         df  AIC          AICc         BIC
Measuring multi-threading efficiency up to 4 CPU cores
Increase to 10 rounds for branch lengths
332 trees examined
Threads: 1 / Time: 4.006 sec / Speedup: 1.000 / Efficiency: 100% / LogL: -7764
Threads: 2 / Time: 5.735 sec / Speedup: 0.699 / Efficiency: 35% / LogL: -7764
BEST NUMBER OF THREADS: 1

  1  Dayhoff       6768.063     31  13598.126    13601.078    13739.386
  2  Dayhoff+I     6504.446     32  13072.893    13076.040    13218.710
  3  Dayhoff+G4    6420.309     32  12904.618    12907.765    13050.435
  4  Dayhoff+I+G4  6417.793     33  12901.586    12904.935    13051.960
  5  Dayhoff+R2    6426.662     33  12919.323    12922.672    13069.697
  6  Dayhoff+R3    6408.131     35  12886.262    12890.035    13045.749
  7  Dayhoff+R4    6407.146     37  12888.291    12892.514    13056.892
  8  Dayhoff+R5    Skipped 
  9  Dayhoff+R6    Skipped 
 10  Dayhoff+R7    Skipped 
 11  Dayhoff+R8    Skipped 
 12  Dayhoff+R9    Skipped 
 13  Dayhoff+R10   Skipped 
 14  Dayhoff+F     6745.233     50  13590.466    13598.277    13818.305
 15  Dayhoff+F+I   6476.499     51  13054.997    13063.132    13287.393
 16  Dayhoff+F+G4  6382.076     51  12866.152    12874.287    13098.548
 17  Dayhoff+F+I+G4 6379.270     52  12862.539    12871.006    13099.492
 18  Dayhoff+F+R2  6389.251     52  12882.503    12890.970    13119.455
 19  Dayhoff+F+R3  6367.816     54  12843.633    12852.785    13089.699
 20  Dayhoff+F+R4  6366.347     56  12844.693    12854.561    13099.873
 21  Dayhoff+F+R5  Skipped 
 22  Dayhoff+F+R6  Skipped 
 23  Dayhoff+F+R7  Skipped 
 24  Dayhoff+F+R8  Skipped 
 25  Dayhoff+F+R9  Skipped 
 26  Dayhoff+F+R10 Skipped 
 27  mtMAM         7377.714     31  14817.428    14820.380    14958.688
 28  mtMAM+I       7029.547     32  14123.094    14126.241    14268.910
 29  mtMAM+G4      6775.189     32  13614.378    13617.526    13760.195
 30  mtMAM+I+G4    6775.020     33  13616.040    13619.389    13766.413
 31  mtMAM+R2      6795.055     33  13656.111    13659.460    13806.484
 32  mtMAM+R3      6773.286     35  13616.573    13620.345    13776.060
 33  mtMAM+R4      6760.720     37  13595.441    13599.663    13764.042
 34  mtMAM+R5      6760.721     39  13599.441    13604.140    13777.156
 35  mtMAM+R6      Skipped 
 36  mtMAM+R7      Skipped 
 37  mtMAM+R8      Skipped 
 38  mtMAM+R9      Skipped 
 39  mtMAM+R10     Skipped 
 40  mtMAM+F       6984.948     50  14069.896    14077.706    14297.735
 41  mtMAM+F+I     6642.355     51  13386.710    13394.845    13619.106
 42  mtMAM+F+G4    6457.423     51  13016.845    13024.980    13249.241
 43  mtMAM+F+I+G4  6454.700     52  13013.399    13021.866    13250.352
 44  mtMAM+F+R2    6473.766     52  13051.533    13060.000    13288.485
 45  mtMAM+F+R3    6444.190     54  12996.381    13005.533    13242.447
 46  mtMAM+F+R4    6439.831     56  12991.662    13001.530    13246.842
 47  mtMAM+F+R5    Skipped 
 48  mtMAM+F+R6    Skipped 
 49  mtMAM+F+R7    Skipped 
 50  mtMAM+F+R8    Skipped 
 51  mtMAM+F+R9    Skipped 
 52  mtMAM+F+R10   Skipped 
 53  JTT           6693.622     31  13449.244    13452.196    13590.504
 54  JTT+I         6442.729     32  12949.457    12952.605    13095.274
 55  JTT+G4        6354.033     32  12772.066    12775.214    12917.883
 56  JTT+I+G4      6352.539     33  12771.077    12774.427    12921.451
 57  JTT+R2        6356.754     33  12779.508    12782.857    12929.881
 58  JTT+R3        6343.902     35  12757.804    12761.576    12917.291
 59  JTT+R4        6343.377     37  12760.753    12764.976    12929.354
 60  JTT+R5        Skipped 
 61  JTT+R6        Skipped 
 62  JTT+R7        Skipped 
 63  JTT+R8        Skipped 
 64  JTT+R9        Skipped 
 65  JTT+R10       Skipped 
 66  JTT+F         6667.481     50  13434.962    13442.773    13662.801
 67  JTT+F+I       6412.544     51  12927.089    12935.224    13159.485
 68  JTT+F+G4      6319.587     51  12741.173    12749.308    12973.569
 69  JTT+F+I+G4    6317.738     52  12739.476    12747.943    12976.428
 70  JTT+F+R2      6323.099     52  12750.198    12758.665    12987.150
 71  JTT+F+R3      6306.795     54  12721.591    12730.743    12967.657
 72  JTT+F+R4      6306.163     56  12724.325    12734.192    12979.505
 73  JTT+F+R5      Skipped 
 74  JTT+F+R6      Skipped 
 75  JTT+F+R7      Skipped 
 76  JTT+F+R8      Skipped 
 77  JTT+F+R9      Skipped 
 78  JTT+F+R10     Skipped 
 79  WAG           6696.518     31  13455.037    13457.989    13596.297
 80  WAG+I         6456.923     32  12977.846    12980.994    13123.663
 81  WAG+G4        6376.823     32  12817.646    12820.793    12963.463
 82  WAG+I+G4      6375.070     33  12816.140    12819.490    12966.514
 83  WAG+R2        6380.335     33  12826.670    12830.019    12977.044
 84  WAG+R3        6364.601     35  12799.201    12802.974    12958.689
 85  WAG+R4        6364.350     37  12802.700    12806.922    12971.301
 86  WAG+R5        Skipped 
 87  WAG+R6        Skipped 
 88  WAG+R7        Skipped 
 89  WAG+R8        Skipped 
 90  WAG+R9        Skipped 
 91  WAG+R10       Skipped 
 92  WAG+F         6687.579     50  13475.158    13482.968    13702.996
 93  WAG+F+I       6444.729     51  12991.458    12999.592    13223.853
 94  WAG+F+G4      6358.994     51  12819.989    12828.124    13052.384
 95  WAG+F+I+G4    6356.836     52  12817.671    12826.138    13054.624
 96  WAG+F+R2      6363.121     52  12830.242    12838.709    13067.194
 97  WAG+F+R3      6344.022     54  12796.043    12805.196    13042.109
 98  WAG+F+R4      6343.574     56  12799.148    12809.015    13054.327
 99  WAG+F+R5      Skipped 
100  WAG+F+R6      Skipped 
101  WAG+F+R7      Skipped 
102  WAG+F+R8      Skipped 
103  WAG+F+R9      Skipped 
104  WAG+F+R10     Skipped 
105  cpREV         6764.250     31  13590.499    13593.451    13731.759
106  cpREV+I       6518.305     32  13100.610    13103.757    13246.427
107  cpREV+G4      6416.012     32  12896.023    12899.171    13041.840
108  cpREV+I+G4    6414.075     33  12894.149    12897.499    13044.523
109  cpREV+R2      6420.710     33  12907.419    12910.768    13057.793
110  cpREV+R3      6404.897     35  12879.793    12883.566    13039.280
111  cpREV+R4      6404.422     37  12882.844    12887.066    13051.445
112  cpREV+R5      Skipped 
113  cpREV+R6      Skipped 
114  cpREV+R7      Skipped 
115  cpREV+R8      Skipped 
116  cpREV+R9      Skipped 
117  cpREV+R10     Skipped 
118  cpREV+F       6743.959     50  13587.917    13595.728    13815.756
119  cpREV+F+I     6486.403     51  13074.806    13082.941    13307.202
120  cpREV+F+G4    6380.442     51  12862.885    12871.020    13095.281
121  cpREV+F+I+G4  6376.878     52  12857.756    12866.223    13094.709
122  cpREV+F+R2    6387.956     52  12879.911    12888.378    13116.864
123  cpREV+F+R3    6363.974     54  12835.948    12845.100    13082.014
124  cpREV+F+R4    6363.443     56  12838.886    12848.753    13094.066
125  cpREV+F+R5    Skipped 
126  cpREV+F+R6    Skipped 
127  cpREV+F+R7    Skipped 
128  cpREV+F+R8    Skipped 
129  cpREV+F+R9    Skipped 
130  cpREV+F+R10   Skipped 
131  mtREV         7128.121     31  14318.242    14321.194    14459.502
132  mtREV+I       6841.764     32  13747.529    13750.676    13893.346
133  mtREV+G4      6695.382     32  13454.765    13457.913    13600.582
134  mtREV+I+G4    6694.264     33  13454.528    13457.878    13604.902
135  mtREV+R2      6708.179     33  13482.359    13485.708    13632.733
136  mtREV+R3      6689.550     35  13449.099    13452.872    13608.587
137  mtREV+R4      6687.630     37  13449.260    13453.482    13617.861
138  mtREV+R5      Skipped 
139  mtREV+R6      Skipped 
140  mtREV+R7      Skipped 
141  mtREV+R8      Skipped 
142  mtREV+R9      Skipped 
143  mtREV+R10     Skipped 
144  mtREV+F       6793.716     50  13687.433    13695.243    13915.271
145  mtREV+F+I     6508.424     51  13118.848    13126.983    13351.244
146  mtREV+F+G4    6392.280     51  12886.560    12894.695    13118.955
147  mtREV+F+I+G4  6388.769     52  12881.538    12890.005    13118.490
148  mtREV+F+R2    6402.348     52  12908.696    12917.163    13145.648
149  mtREV+F+R3    6378.575     54  12865.150    12874.303    13111.216
150  mtREV+F+R4    6377.862     56  12867.725    12877.592    13122.904
151  mtREV+F+R5    Skipped 
152  mtREV+F+R6    Skipped 
153  mtREV+F+R7    Skipped 
154  mtREV+F+R8    Skipped 
155  mtREV+F+R9    Skipped 
156  mtREV+F+R10   Skipped 
157  rtREV         6713.382     31  13488.764    13491.717    13630.025
158  rtREV+I       6473.101     32  13010.203    13013.350    13156.020
159  rtREV+G4      6381.473     32  12826.947    12830.094    12972.763
160  rtREV+I+G4    6380.368     33  12826.737    12830.086    12977.110
161  rtREV+R2      6385.029     33  12836.057    12839.406    12986.431
162  rtREV+R3      6373.856     35  12817.712    12821.484    12977.199
163  rtREV+R4      6373.581     37  12821.163    12825.385    12989.763
164  rtREV+R5      Skipped 
165  rtREV+R6      Skipped 
166  rtREV+R7      Skipped 
167  rtREV+R8      Skipped 
168  rtREV+R9      Skipped 
169  rtREV+R10     Skipped 
170  rtREV+F       6649.403     50  13398.806    13406.616    13626.645
171  rtREV+F+I     6401.416     51  12904.832    12912.967    13137.228
172  rtREV+F+G4    6310.921     51  12723.842    12731.977    12956.237
173  rtREV+F+I+G4  6308.931     52  12721.862    12730.329    12958.815
174  rtREV+F+R2    6315.210     52  12734.420    12742.887    12971.373
175  rtREV+F+R3    6299.379     54  12706.758    12715.910    12952.824
176  rtREV+F+R4    6298.952     56  12709.905    12719.772    12965.085
177  rtREV+F+R5    Skipped 
178  rtREV+F+R6    Skipped 
179  rtREV+F+R7    Skipped 
180  rtREV+F+R8    Skipped 
181  rtREV+F+R9    Skipped 
182  rtREV+F+R10   Skipped 
183  mtART         7245.832     31  14553.663    14556.616    14694.923
184  mtART+I       6909.069     32  13882.138    13885.285    14027.955
185  mtART+G4      6689.843     32  13443.687    13446.834    13589.504
186  mtART+I+G4    6690.024     33  13446.047    13449.396    13596.421
187  mtART+R2      6703.995     33  13473.990    13477.340    13624.364
188  mtART+R3      6691.057     35  13452.114    13455.887    13611.602
189  mtART+R4      6677.855     37  13429.709    13433.931    13598.310
190  mtART+R5      6677.883     39  13433.767    13438.466    13611.481
191  mtART+R6      Skipped 
192  mtART+R7      Skipped 
193  mtART+R8      Skipped 
194  mtART+R9      Skipped 
195  mtART+R10     Skipped 
196  mtART+F       6869.921     50  13839.842    13847.652    14067.681
197  mtART+F+I     6555.547     51  13213.095    13221.230    13445.491
198  mtART+F+G4    6402.353     51  12906.706    12914.841    13139.102
199  mtART+F+I+G4  6399.300     52  12902.600    12911.067    13139.552
200  mtART+F+R2    6414.911     52  12933.822    12942.288    13170.774
201  mtART+F+R3    6389.718     54  12887.437    12896.589    13133.503
202  mtART+F+R4    6383.860     56  12879.719    12889.586    13134.899
203  mtART+F+R5    Skipped 
204  mtART+F+R6    Skipped 
205  mtART+F+R7    Skipped 
206  mtART+F+R8    Skipped 
207  mtART+F+R9    Skipped 
208  mtART+F+R10   Skipped 
209  mtZOA         7081.815     31  14225.629    14228.581    14366.889
210  mtZOA+I       6781.592     32  13627.183    13630.331    13773.000
211  mtZOA+G4      6606.480     32  13276.959    13280.107    13422.776
212  mtZOA+I+G4    6606.393     33  13278.787    13282.136    13429.160
213  mtZOA+R2      6617.344     33  13300.688    13304.037    13451.061
214  mtZOA+R3      6602.334     35  13274.667    13278.439    13434.154
215  mtZOA+R4      6596.330     37  13266.661    13270.883    13435.262
216  mtZOA+R5      Skipped 
217  mtZOA+R6      Skipped 
218  mtZOA+R7      Skipped 
219  mtZOA+R8      Skipped 
220  mtZOA+R9      Skipped 
221  mtZOA+R10     Skipped 
222  mtZOA+F       6773.357     50  13646.713    13654.523    13874.552
223  mtZOA+F+I     6488.439     51  13078.878    13087.013    13311.274
224  mtZOA+F+G4    6366.010     51  12834.020    12842.155    13066.416
225  mtZOA+F+I+G4  6363.412     52  12830.824    12839.291    13067.777
226  mtZOA+F+R2    6373.965     52  12851.930    12860.397    13088.883
227  mtZOA+F+R3    6350.795     54  12809.589    12818.742    13055.655
228  mtZOA+F+R4    6347.419     56  12806.837    12816.704    13062.017
229  mtZOA+F+R5    Skipped 
230  mtZOA+F+R6    Skipped 
231  mtZOA+F+R7    Skipped 
232  mtZOA+F+R8    Skipped 
233  mtZOA+F+R9    Skipped 
234  mtZOA+F+R10   Skipped 
235  VT            6703.619     31  13469.238    13472.190    13610.498
236  VT+I          6469.000     32  13001.999    13005.147    13147.816
237  VT+G4         6390.169     32  12844.337    12847.485    12990.154
238  VT+I+G4       6388.891     33  12843.783    12847.132    12994.157
239  VT+R2         6392.278     33  12850.556    12853.905    13000.930
240  VT+R3         6381.900     35  12833.801    12837.573    12993.288
241  VT+R4         6381.451     37  12836.902    12841.124    13005.502
242  VT+R5         Skipped 
243  VT+R6         Skipped 
244  VT+R7         Skipped 
245  VT+R8         Skipped 
246  VT+R9         Skipped 
247  VT+R10        Skipped 
248  VT+F          6682.923     50  13465.846    13473.657    13693.685
249  VT+F+I        6445.460     51  12992.921    13001.056    13225.317
250  VT+F+G4       6366.276     51  12834.552    12842.687    13066.947
251  VT+F+I+G4     6364.723     52  12833.446    12841.913    13070.399
252  VT+F+R2       6368.942     52  12841.885    12850.352    13078.837
253  VT+F+R3       6356.185     54  12820.370    12829.523    13066.436
254  VT+F+R4       6355.558     56  12823.116    12832.983    13078.296
255  VT+F+R5       Skipped 
256  VT+F+R6       Skipped 
257  VT+F+R7       Skipped 
258  VT+F+R8       Skipped 
259  VT+F+R9       Skipped 
260  VT+F+R10      Skipped 
261  LG            6672.588     31  13407.177    13410.129    13548.437
262  LG+I          6427.160     32  12918.321    12921.468    13064.138
263  LG+G4         6334.050     32  12732.100    12735.247    12877.917
264  LG+I+G4       6332.552     33  12731.104    12734.453    12881.477
265  LG+R2         6337.217     33  12740.434    12743.783    12890.807
266  LG+R3         6322.885     35  12715.771    12719.543    12875.258
267  LG+R4         6322.241     37  12718.482    12722.704    12887.083
268  LG+R5         Skipped 
269  LG+R6         Skipped 
270  LG+R7         Skipped 
271  LG+R8         Skipped 
272  LG+R9         Skipped 
273  LG+R10        Skipped 
274  LG+F          6642.171     50  13384.341    13392.151    13612.180
275  LG+F+I        6393.807     51  12889.615    12897.750    13122.011
276  LG+F+G4       6303.245     51  12708.490    12716.625    12940.885
277  LG+F+I+G4     6301.286     52  12706.572    12715.039    12943.524
278  LG+F+R2       6307.101     52  12718.202    12726.669    12955.155
279  LG+F+R3       6289.051     54  12686.102    12695.254    12932.168
280  LG+F+R4       6288.184     56  12688.367    12698.235    12943.547
281  LG+F+R5       Skipped 
282  LG+F+R6       Skipped 
283  LG+F+R7       Skipped 
284  LG+F+R8       Skipped 
285  LG+F+R9       Skipped 
286  LG+F+R10      Skipped 
287  DCMut         6768.155     31  13598.309    13601.261    13739.569
288  DCMut+I       6504.850     32  13073.700    13076.848    13219.517
289  DCMut+G4      6420.922     32  12905.844    12908.992    13051.661
290  DCMut+I+G4    6418.536     33  12903.072    12906.421    13053.445
291  DCMut+R2      6427.241     33  12920.481    12923.831    13070.855
292  DCMut+R3      6408.805     35  12887.610    12891.383    13047.097
293  DCMut+R4      6407.768     37  12889.535    12893.758    13058.136
294  DCMut+R5      Skipped 
295  DCMut+R6      Skipped 
296  DCMut+R7      Skipped 
297  DCMut+R8      Skipped 
298  DCMut+R9      Skipped 
299  DCMut+R10     Skipped 
300  DCMut+F       6745.056     50  13590.111    13597.922    13817.950
301  DCMut+F+I     6476.673     51  13055.345    13063.480    13287.741
302  DCMut+F+G4    6382.520     51  12867.040    12875.175    13099.436
303  DCMut+F+I+G4  6379.777     52  12863.553    12872.020    13100.506
304  DCMut+F+R2    6389.652     52  12883.303    12891.770    13120.255
305  DCMut+F+R3    6368.326     54  12844.652    12853.804    13090.718
306  DCMut+F+R4    6366.851     56  12845.702    12855.570    13100.882
307  DCMut+F+R5    Skipped 
308  DCMut+F+R6    Skipped 
309  DCMut+F+R7    Skipped 
310  DCMut+F+R8    Skipped 
311  DCMut+F+R9    Skipped 
312  DCMut+F+R10   Skipped 
313  PMB           6787.791     31  13637.583    13640.535    13778.843
314  PMB+I         6554.112     32  13172.223    13175.371    13318.040
315  PMB+G4        6474.624     32  13013.247    13016.395    13159.064
316  PMB+I+G4      6473.120     33  13012.241    13015.590    13162.614
317  PMB+R2        6477.667     33  13021.335    13024.684    13171.708
318  PMB+R3        6466.648     35  13003.295    13007.068    13162.783
319  PMB+R4        6466.115     37  13006.230    13010.452    13174.830
320  PMB+R5        Skipped 
321  PMB+R6        Skipped 
322  PMB+R7        Skipped 
323  PMB+R8        Skipped 
324  PMB+R9        Skipped 
325  PMB+R10       Skipped 
326  PMB+F         6739.705     50  13579.409    13587.219    13807.248
327  PMB+F+I       6502.920     51  13107.840    13115.975    13340.236
328  PMB+F+G4      6423.801     51  12949.601    12957.736    13181.997
329  PMB+F+I+G4    6421.787     52  12947.574    12956.041    13184.527
330  PMB+F+R2      6427.231     52  12958.463    12966.930    13195.415
331  PMB+F+R3      6412.718     54  12933.435    12942.588    13179.501
332  PMB+F+R4      6412.058     56  12936.116    12945.983    13191.296
333  PMB+F+R5      Skipped 
334  PMB+F+R6      Skipped 
335  PMB+F+R7      Skipped 
336  PMB+F+R8      Skipped 
337  PMB+F+R9      Skipped 
338  PMB+F+R10     Skipped 
339  HIVb          6946.674     31  13955.348    13958.301    14096.608
340  HIVb+I        6639.099     32  13342.199    13345.347    13488.016
341  HIVb+G4       6495.603     32  13055.206    13058.354    13201.023
342  HIVb+I+G4     6491.741     33  13049.482    13052.831    13199.856
343  HIVb+R2       6503.523     33  13073.046    13076.396    13223.420
344  HIVb+R3       6479.343     35  13028.685    13032.458    13188.172
345  HIVb+R4       6477.954     37  13029.908    13034.130    13198.508
346  HIVb+R5       Skipped 
347  HIVb+R6       Skipped 
348  HIVb+R7       Skipped 
349  HIVb+R8       Skipped 
350  HIVb+R9       Skipped 
351  HIVb+R10      Skipped 
352  HIVb+F        6871.892     50  13843.783    13851.593    14071.622
353  HIVb+F+I      6550.301     51  13202.601    13210.736    13434.997
354  HIVb+F+G4     6408.009     51  12918.019    12926.153    13150.414
355  HIVb+F+I+G4   6402.546     52  12909.091    12917.558    13146.044
356  HIVb+F+R2     6419.349     52  12942.698    12951.165    13179.651
357  HIVb+F+R3     6388.664     54  12885.328    12894.481    13131.394
358  HIVb+F+R4     6386.797     56  12885.594    12895.461    13140.774
359  HIVb+F+R5     Skipped 
360  HIVb+F+R6     Skipped 
361  HIVb+F+R7     Skipped 
362  HIVb+F+R8     Skipped 
363  HIVb+F+R9     Skipped 
364  HIVb+F+R10    Skipped 
365  HIVw          7135.459     31  14332.918    14335.870    14474.178
366  HIVw+I        6838.435     32  13740.871    13744.018    13886.687
367  HIVw+G4       6667.596     32  13399.193    13402.340    13545.010
368  HIVw+I+G4     6662.120     33  13390.240    13393.589    13540.614
369  HIVw+R2       6679.196     33  13424.391    13427.741    13574.765
370  HIVw+R3       6643.533     35  13357.066    13360.838    13516.553
371  HIVw+R4       6641.885     37  13357.770    13361.992    13526.371
372  HIVw+R5       Skipped 
373  HIVw+R6       Skipped 
374  HIVw+R7       Skipped 
375  HIVw+R8       Skipped 
376  HIVw+R9       Skipped 
377  HIVw+R10      Skipped 
378  HIVw+F        7026.427     50  14152.853    14160.663    14380.692
379  HIVw+F+I      6711.930     51  13525.860    13533.995    13758.256
380  HIVw+F+G4     6538.948     51  13179.895    13188.030    13412.291
381  HIVw+F+I+G4   6532.737     52  13169.474    13177.941    13406.426
382  HIVw+F+R2     6551.351     52  13206.702    13215.169    13443.655
383  HIVw+F+R3     6511.575     54  13131.150    13140.303    13377.216
384  HIVw+F+R4     6509.878     56  13131.756    13141.624    13386.936
385  HIVw+F+R5     Skipped 
386  HIVw+F+R6     Skipped 
387  HIVw+F+R7     Skipped 
388  HIVw+F+R8     Skipped 
389  HIVw+F+R9     Skipped 
390  HIVw+F+R10    Skipped 
391  JTTDCMut      6693.012     31  13448.024    13450.977    13589.285
392  JTTDCMut+I    6441.954     32  12947.908    12951.055    13093.725
393  JTTDCMut+G4   6353.991     32  12771.983    12775.130    12917.800
394  JTTDCMut+I+G4 6352.535     33  12771.070    12774.419    12921.443
395  JTTDCMut+R2   6356.863     33  12779.727    12783.076    12930.101
396  JTTDCMut+R3   6343.897     35  12757.794    12761.567    12917.282
397  JTTDCMut+R4   6343.203     37  12760.406    12764.628    12929.006
398  JTTDCMut+R5   Skipped 
399  JTTDCMut+R6   Skipped 
400  JTTDCMut+R7   Skipped 
401  JTTDCMut+R8   Skipped 
402  JTTDCMut+R9   Skipped 
403  JTTDCMut+R10  Skipped 
404  JTTDCMut+F    6667.925     50  13435.851    13443.661    13663.690
405  JTTDCMut+F+I  6412.601     51  12927.201    12935.336    13159.597
406  JTTDCMut+F+G4 6320.158     51  12742.316    12750.451    12974.712
407  JTTDCMut+F+I+G4 6318.198     52  12740.396    12748.863    12977.348
408  JTTDCMut+F+R2 6323.861     52  12751.721    12760.188    12988.674
409  JTTDCMut+F+R3 6307.401     54  12722.802    12731.954    12968.868
410  JTTDCMut+F+R4 6306.576     56  12725.151    12735.018    12980.331
411  JTTDCMut+F+R5 Skipped 
412  JTTDCMut+F+R6 Skipped 
413  JTTDCMut+F+R7 Skipped 
414  JTTDCMut+F+R8 Skipped 
415  JTTDCMut+F+R9 Skipped 
416  JTTDCMut+F+R10 Skipped 
417  FLU           6843.196     31  13748.393    13751.345    13889.653
418  FLU+I         6578.073     32  13220.145    13223.293    13365.962
419  FLU+G4        6430.805     32  12925.610    12928.757    13071.427
420  FLU+I+G4      6427.500     33  12921.001    12924.350    13071.374
421  FLU+R2        6437.095     33  12940.191    12943.540    13090.564
422  FLU+R3        6410.485     35  12890.969    12894.742    13050.457
423  FLU+R4        6406.005     37  12886.010    12890.232    13054.611
424  FLU+R5        Skipped 
425  FLU+R6        Skipped 
426  FLU+R7        Skipped 
427  FLU+R8        Skipped 
428  FLU+R9        Skipped 
429  FLU+R10       Skipped 
430  FLU+F         6796.746     50  13693.491    13701.301    13921.330
431  FLU+F+I       6525.921     51  13153.843    13161.978    13386.239
432  FLU+F+G4      6375.518     51  12853.037    12861.172    13085.433
433  FLU+F+I+G4    6371.994     52  12847.989    12856.456    13084.941
434  FLU+F+R2      6382.584     52  12869.168    12877.635    13106.120
435  FLU+F+R3      6353.512     54  12815.023    12824.176    13061.089
436  FLU+F+R4      6348.640     56  12809.281    12819.148    13064.460
437  FLU+F+R5      Skipped 
438  FLU+F+R6      Skipped 
439  FLU+F+R7      Skipped 
440  FLU+F+R8      Skipped 
441  FLU+F+R9      Skipped 
442  FLU+F+R10     Skipped 
443  Blosum62      6773.728     31  13609.457    13612.409    13750.717
444  Blosum62+I    6545.128     32  13154.256    13157.403    13300.073
445  Blosum62+G4   6466.207     32  12996.415    12999.562    13142.231
446  Blosum62+I+G4 6465.187     33  12996.375    12999.724    13146.748
447  Blosum62+R2   6468.847     33  13003.694    13007.043    13154.068
448  Blosum62+R3   6458.958     35  12987.917    12991.689    13147.404
449  Blosum62+R4   6458.829     37  12991.658    12995.880    13160.258
450  Blosum62+R5   Skipped 
451  Blosum62+R6   Skipped 
452  Blosum62+R7   Skipped 
453  Blosum62+R8   Skipped 
454  Blosum62+R9   Skipped 
455  Blosum62+R10  Skipped 
456  Blosum62+F    6733.177     50  13566.354    13574.164    13794.193
457  Blosum62+F+I  6501.448     51  13104.897    13113.032    13337.293
458  Blosum62+F+G4 6422.642     51  12947.284    12955.419    13179.680
459  Blosum62+F+I+G4 6420.892     52  12945.785    12954.252    13182.737
460  Blosum62+F+R2 6425.696     52  12955.393    12963.860    13192.345
461  Blosum62+F+R3 6411.467     54  12930.934    12940.086    13177.000
462  Blosum62+F+R4 6411.349     56  12934.698    12944.565    13189.878
463  Blosum62+F+R5 Skipped 
464  Blosum62+F+R6 Skipped 
465  Blosum62+F+R7 Skipped 
466  Blosum62+F+R8 Skipped 
467  Blosum62+F+R9 Skipped 
468  Blosum62+F+R10 Skipped 
Akaike Information Criterion:           LG+F+R3
Corrected Akaike Information Criterion: LG+F+R3
Bayesian Information Criterion:         LG+R3
Best-fit model: LG+R3 chosen according to BIC

All model information printed to alignment.nex.model
CPU time for ModelFinder: 74.297 seconds (0h:1m:14s)
Wall-clock time for ModelFinder: 74.413 seconds (0h:1m:14s)

NOTE: 3 MB RAM (0 GB) is required!
Estimate model parameters (epsilon = 0.100)
1. Initial log-likelihood: -6420.363
2. Current log-likelihood: -6335.297
3. Current log-likelihood: -6331.248
4. Current log-likelihood: -6330.334
5. Current log-likelihood: -6329.800
6. Current log-likelihood: -6329.441
7. Current log-likelihood: -6329.188
8. Current log-likelihood: -6328.989
9. Current log-likelihood: -6328.813
10. Current log-likelihood: -6328.640
11. Current log-likelihood: -6328.455
12. Current log-likelihood: -6328.249
13. Current log-likelihood: -6328.014
14. Current log-likelihood: -6327.741
15. Current log-likelihood: -6327.423
16. Current log-likelihood: -6327.052
17. Current log-likelihood: -6326.626
18. Current log-likelihood: -6326.057
19. Current log-likelihood: -6325.460
20. Current log-likelihood: -6324.870
21. Current log-likelihood: -6324.342
22. Current log-likelihood: -6323.977
23. Current log-likelihood: -6323.675
24. Current log-likelihood: -6323.446
25. Current log-likelihood: -6323.277
26. Current log-likelihood: -6323.157
Optimal log-likelihood: -6323.055
Site proportion and rates:  (0.671,0.147) (0.247,1.710) (0.082,5.876)
Parameters optimization took 26 rounds (1.424 sec)
Computing ML distances based on estimated model parameters... 0.048 sec
Computing BIONJ tree...
0.003 seconds
Log-likelihood of BIONJ tree: -6325.219
--------------------------------------------------------------------
|             INITIALIZING CANDIDATE TREE SET                      |
--------------------------------------------------------------------
Generating 98 parsimony trees... 0.172 second
Computing log-likelihood of 98 initial trees ... 1.300 seconds
Current best score: -6310.399

Do NNI search on 20 best initial trees
Estimate model parameters (epsilon = 0.100)
BETTER TREE FOUND at iteration 1: -6309.026
Estimate model parameters (epsilon = 0.100)
BETTER TREE FOUND at iteration 2: -6308.552
Iteration 10 / LogL: -6312.052 / Time: 0h:1m:18s
Iteration 20 / LogL: -6311.442 / Time: 0h:1m:19s
Finish initializing candidate tree set (7)
Current best tree score: -6308.552 / CPU time: 3.302
Number of iterations: 20
--------------------------------------------------------------------
|               OPTIMIZING CANDIDATE TREE SET                      |
--------------------------------------------------------------------
Iteration 30 / LogL: -6308.562 / Time: 0h:1m:20s (0h:0m:14s left)
Iteration 40 / LogL: -6308.977 / Time: 0h:1m:21s (0h:0m:11s left)
Iteration 50 / LogL: -6308.954 / Time: 0h:1m:22s (0h:0m:8s left)
Iteration 60 / LogL: -6308.562 / Time: 0h:1m:23s (0h:0m:6s left)
Iteration 70 / LogL: -6309.369 / Time: 0h:1m:24s (0h:0m:4s left)
Iteration 80 / LogL: -6308.959 / Time: 0h:1m:26s (0h:0m:3s left)
Iteration 90 / LogL: -6309.025 / Time: 0h:1m:27s (0h:0m:1s left)
Iteration 100 / LogL: -6309.453 / Time: 0h:1m:28s (0h:0m:0s left)
TREE SEARCH COMPLETED AFTER 103 ITERATIONS / Time: 0h:1m:28s

--------------------------------------------------------------------
|                    FINALIZING TREE SEARCH                        |
--------------------------------------------------------------------
Performs final model parameters optimization
Estimate model parameters (epsilon = 0.010)
1. Initial log-likelihood: -6308.552
2. Current log-likelihood: -6308.530
3. Current log-likelihood: -6308.519
Optimal log-likelihood: -6308.511
Site proportion and rates:  (0.679,0.147) (0.256,1.808) (0.065,6.768)
Parameters optimization took 3 rounds (0.162 sec)
BEST SCORE FOUND : -6308.511
Total tree length: 1.969

Total number of iterations: 103
CPU time used for tree search: 12.530 sec (0h:0m:12s)
Wall-clock time used for tree search: 12.595 sec (0h:0m:12s)
Total CPU time used: 88.466 sec (0h:1m:28s)
Total wall-clock time used: 88.709 sec (0h:1m:28s)

Analysis results written to: 
  IQ-TREE report:                alignment.nex.iqtree
  Maximum-likelihood tree:       alignment.nex.treefile
  Likelihood distances:          alignment.nex.mldist
  Screen log file:               alignment.nex.log

Date and Time: Wed Apr  4 12:23:15 2018
