IQ-TREE multicore version 1.6.2 for Mac OS X 64-bit built Mar  1 2018
Developed by Bui Quang Minh, Nguyen Lam Tung, Olga Chernomor,
Heiko Schmidt, Dominik Schrempf, Michael Woodhams.

Host:    Caitlins-MacBook-Pro.local (AVX2, FMA3, 8 GB RAM)
Command: /Applications/iqtree/bin/iqtree -s /Users/caitlin/Repositories/treelikeness/raw_data/Cannon_2016a/alignment.nex -nt AUTO -redo
Seed:    919157 (Using SPRNG - Scalable Parallel Random Number Generator)
Time:    Tue Mar 13 16:13:57 2018
Kernel:  AVX+FMA - auto-detect threads (4 CPU cores detected)

Reading alignment file /Users/caitlin/Repositories/treelikeness/raw_data/Cannon_2016a/alignment.nex ... Nexus format detected
Skipping unknown block (SETS)...
Alignment has 78 sequences with 89792 columns, 73505 distinct patterns
47729 parsimony-informative, 17271 singleton sites, 24792 constant sites
      Gap/Ambiguity  Composition  p-value
   1  CGIG   34.90%    failed      0.00%
   2  TPIS   66.39%    failed      0.00%
   3  LGIG   26.10%    failed      0.00%
   4  ECAV   55.68%    failed      0.00%
   5  DLON   35.24%    failed      0.00%
   6  DMEL   23.67%    failed      0.00%
   7  SCIL   25.65%    failed      0.00%
   8  LANN   69.34%    failed      0.00%
   9  PBAH   38.28%    failed      0.00%
  10  CMAC   25.24%    failed      0.00%
  11  MSTI   26.53%    failed      0.00%
  12  ISCA   40.53%    failed      0.00%
  13  MACR   41.89%    failed      0.00%
  14  LRUG   38.49%    failed      0.00%
  15  HSPI   25.05%    failed      0.00%
  16  BCAL   27.37%    failed      0.00%
  17  PCAP   62.07%    failed      0.00%
  18  EDUN   56.10%    failed      0.00%
  19  DUME   42.31%    failed      0.00%
  20  DPUL   29.07%    failed      0.00%
  21  CSUB   31.18%    failed      0.00%
  22  ASCO   60.00%    failed      0.00%
  23  HSAP   23.93%    failed      0.00%
  24  AQUE   30.48%    failed      0.00%
  25  BSCH   44.11%    failed      0.00%
  26  SPUR   27.52%    failed      0.00%
  27  LSQU   29.10%    failed      0.00%
  28  LCLA   51.61%    failed      0.00%
  29  BGRA   71.94%    failed      0.00%
  30  ARIC   47.17%    failed      0.00%
  31  IPUL   25.75%    failed      0.00%
  32  MLEI   44.59%    failed      0.00%
  33  CINT   25.79%    failed      0.00%
  34  MMEM   24.36%    failed      0.00%
  35  AAGA   79.08%    failed      0.00%
  36  PMAR   58.15%    failed      0.00%
  37  HPSI   30.00%    failed      0.00%
  38  AELE   32.95%    failed      0.00%
  39  LPEC   69.41%    failed      0.00%
  40  STER   94.87%    failed      0.00%
  41  DGYM   60.97%    failed      0.00%
  42  CTEL   26.41%    failed      0.00%
  43  MLIG   28.78%    failed      0.00%
  44  SROS   35.12%    failed      0.00%
  45  XBOC   25.80%    failed      0.00%
  46  CGRA   78.54%    failed      0.00%
  47  EMAC   68.44%    failed      0.00%
  48  TADH   28.73%    failed      0.00%
  49  SBRA   76.20%    failed      0.00%
  50  MBRE   35.03%    failed      0.00%
  51  PLAM   60.18%    failed      0.00%
  52  MEGA   77.54%    failed      0.00%
  53  PBAC   53.90%    failed      0.00%
  54  HROB   27.26%    failed      0.00%
  55  NWES   25.51%    failed      0.00%
  56  CHON   65.06%    failed      0.00%
  57  AVAG   25.29%    failed      0.00%
  58  NANO   24.73%    failed      0.00%
  59  BFLO   25.49%    failed      0.00%
  60  CVAR   39.41%    failed      0.00%
  61  SMAN   33.35%    failed      0.00%
  62  TTRA   25.52%    failed      0.00%
  63  GGAL   33.26%    failed      0.00%
  64  HMIA   29.48%    failed      0.00%
  65  PPSA   29.61%    failed      0.00%
  66  CSOW   27.74%    failed      0.00%
  67  SMER   31.88%    failed      0.00%
  68  LLON   25.73%    failed      0.00%
  69  SMEL   38.46%    failed      0.00%
  70  AVAS   29.76%    failed      0.00%
  71  SMED   66.83%    failed      0.00%
  72  SMAR   35.72%    failed      0.00%
  73  OCAR   27.13%    failed      0.00%
  74  PCAU   28.68%    failed      0.00%
  75  ADIG   59.26%    failed      0.00%
  76  NVEC   27.77%    failed      0.00%
  77  PVIT   25.69%    failed      0.00%
  78  LCOM   26.03%    failed      0.00%
WARNING: 22 sequences contain more than 50% gaps/ambiguity
****  TOTAL   40.80%  78 sequences failed composition chi2 test (p-value<5%; df=3)


Create initial parsimony tree by phylogenetic likelihood library (PLL)... 0.653 seconds
NOTE: ModelFinder requires 1859 MB RAM!
ModelFinder will test 286 DNA models (sample size: 89792) ...
 No. Model         -LnL         df  AIC          AICc         BIC
Measuring multi-threading efficiency up to 4 CPU cores
5 trees examined
Threads: 1 / Time: 4.774 sec / Speedup: 1.000 / Efficiency: 100% / LogL: -2754697
Threads: 2 / Time: 2.501 sec / Speedup: 1.909 / Efficiency: 95% / LogL: -2754697
Threads: 3 / Time: 2.320 sec / Speedup: 2.058 / Efficiency: 69% / LogL: -2754697
Threads: 4 / Time: 2.074 sec / Speedup: 2.302 / Efficiency: 58% / LogL: -2754697
BEST NUMBER OF THREADS: 4

  1  JC            2473805.668  153 4947917.336  4947917.862  4949356.339
  2  JC+I          2372978.866  154 4746265.732  4746266.264  4747714.140
  3  JC+G4         2227013.190  154 4454334.379  4454334.912  4455782.788
  4  JC+I+G4       2225204.376  155 4450718.753  4450719.292  4452176.567
  5  JC+R2         2255617.840  155 4511545.679  4511546.219  4513003.493
  6  JC+R3         2228803.816  157 4457921.633  4457922.186  4459398.257
  7  JC+R4         2223654.913  159 4447627.826  4447628.394  4449123.261
  8  JC+R5         2222716.157  161 4445754.314  4445754.896  4447268.559
  9  JC+R6         2222584.222  163 4445494.443  4445495.040  4447027.499
 10  JC+R7         2222580.688  165 4445491.377  4445491.988  4447043.243
 14  F81+F         2466471.120  156 4933254.239  4933254.786  4934721.459
 15  F81+F+I       2365188.416  157 4730690.832  4730691.386  4732167.456
 16  F81+F+G4      2216257.470  157 4432828.939  4432829.493  4434305.564
 17  F81+F+I+G4    2214487.902  158 4429291.803  4429292.364  4430777.833
 18  F81+F+R2      2245582.830  158 4491481.660  4491482.221  4492967.690
 19  F81+F+R3      2218229.321  160 4436778.641  4436779.216  4438283.481
 20  F81+F+R4      2212978.825  162 4426281.651  4426282.240  4427805.302
 21  F81+F+R5      2212002.800  164 4424333.600  4424334.204  4425876.062
 22  F81+F+R6      2211860.158  166 4424052.315  4424052.934  4425613.587
 23  F81+F+R7      2211855.886  168 4424047.772  4424048.405  4425627.854
 27  K2P           2460981.100  154 4922270.200  4922270.733  4923718.609
 28  K2P+I         2359415.791  155 4719141.582  4719142.121  4720599.396
 29  K2P+G4        2211268.609  155 4422847.219  4422847.758  4424305.033
 30  K2P+I+G4      2209369.833  156 4419051.667  4419052.213  4420518.886
 31  K2P+R2        2240604.501  156 4481521.001  4481521.548  4482988.220
 32  K2P+R3        2213202.077  158 4426720.153  4426720.714  4428206.183
 33  K2P+R4        2207743.728  160 4415807.455  4415808.030  4417312.296
 34  K2P+R5        2206653.846  162 4413631.692  4413632.281  4415155.342
 35  K2P+R6        2206471.559  164 4413271.118  4413271.722  4414813.579
 36  K2P+R7        2206465.188  166 4413262.376  4413262.995  4414823.648
 40  HKY+F         2453845.999  157 4908005.998  4908006.552  4909482.623
 41  HKY+F+I       2353033.066  158 4706382.132  4706382.693  4707868.162
 42  HKY+F+G4      2204484.398  158 4409284.797  4409285.357  4410770.827
 43  HKY+F+I+G4    2202684.134  159 4405686.267  4405686.835  4407181.702
 44  HKY+F+R2      2233956.105  159 4468230.209  4468230.777  4469725.644
 45  HKY+F+R3      2206512.949  161 4413347.898  4413348.480  4414862.143
 46  HKY+F+R4      2201135.606  163 4402597.212  4402597.808  4404130.268
 47  HKY+F+R5      2200074.191  165 4400478.382  4400478.993  4402030.248
 48  HKY+F+R6      2199892.826  167 4400119.653  4400120.279  4401690.330
 49  HKY+F+R7      2199886.532  169 4400111.065  4400111.706  4401700.552
 53  TNe           2438572.727  155 4877455.454  4877455.993  4878913.268
 54  TNe+I         2343363.294  156 4687038.588  4687039.135  4688505.808
 55  TNe+G4        2201018.248  156 4402348.496  4402349.043  4403815.715
 56  TNe+I+G4      2199149.326  157 4398612.652  4398613.206  4400089.276
 57  TNe+R2        2230179.698  157 4460673.396  4460673.949  4462150.020
 58  TNe+R3        2203198.792  159 4406715.584  4406716.151  4408211.019
 59  TNe+R4        2197605.234  161 4395532.468  4395533.050  4397046.713
 60  TNe+R5        2196358.197  163 4393042.394  4393042.991  4394575.450
 61  TNe+R6        2196130.339  165 4392590.678  4392591.290  4394142.545
 62  TNe+R7        2196117.718  167 4392569.436  4392570.062  4394140.113
 63  TNe+R8        2196109.183  169 4392556.366  4392557.007  4394145.853
 66  TN+F          2442995.975  158 4886307.949  4886308.510  4887793.979
 67  TN+F+I        2345482.502  159 4691283.003  4691283.571  4692778.438
 68  TN+F+G4       2200740.742  159 4401799.484  4401800.052  4403294.919
 69  TN+F+I+G4     2198977.010  160 4398274.020  4398274.595  4399778.860
 70  TN+F+R2       2229949.319  160 4460218.639  4460219.214  4461723.479
 71  TN+F+R3       2202832.289  162 4405988.578  4405989.167  4407512.229
 72  TN+F+R4       2197437.169  164 4395202.339  4395202.942  4396744.800
 73  TN+F+R5       2196314.777  166 4392961.553  4392962.172  4394522.825
 74  TN+F+R6       2196127.920  168 4392591.839  4392592.473  4394171.921
 75  TN+F+R7       2196118.883  170 4392577.765  4392578.414  4394176.658
 79  K3P           2460787.864  155 4921885.728  4921886.268  4923343.542
 80  K3P+I         2359263.521  156 4718839.042  4718839.589  4720306.261
 81  K3P+G4        2211213.509  156 4422739.019  4422739.565  4424206.238
 82  K3P+I+G4      2209316.049  157 4418946.098  4418946.651  4420422.722
 83  K3P+R2        2240520.738  157 4481355.477  4481356.030  4482832.101
 84  K3P+R3        2213142.817  159 4426603.634  4426604.202  4428099.069
 85  K3P+R4        2207690.407  161 4415702.814  4415703.396  4417217.060
 86  K3P+R5        2206601.977  163 4413529.955  4413530.551  4415063.011
 87  K3P+R6        2206418.884  165 4413167.768  4413168.380  4414719.635
 88  K3P+R7        2206410.726  167 4413155.453  4413156.079  4414726.130
 92  K3Pu+F        2453425.407  158 4907166.814  4907167.375  4908652.844
 93  K3Pu+F+I      2352707.208  159 4705732.416  4705732.983  4707227.851
 94  K3Pu+F+G4     2204266.343  159 4408850.686  4408851.253  4410346.121
 95  K3Pu+F+I+G4   2202468.588  160 4405257.177  4405257.752  4406762.017
 96  K3Pu+F+R2     2233687.563  160 4467695.127  4467695.701  4469199.967
 97  K3Pu+F+R3     2206291.024  162 4412906.048  4412906.637  4414429.699
 98  K3Pu+F+R4     2200922.434  164 4402172.868  4402173.472  4403715.329
 99  K3Pu+F+R5     2199860.354  166 4400052.708  4400053.327  4401613.980
100  K3Pu+F+R6     2199677.352  168 4399690.704  4399691.337  4401270.786
101  K3Pu+F+R7     2199669.504  170 4399679.008  4399679.657  4401277.901
105  TPM2+F        2450830.967  158 4901977.933  4901978.494  4903463.963
106  TPM2+F+I      2350470.269  159 4701258.538  4701259.106  4702753.973
107  TPM2+F+G4     2202784.219  159 4405886.438  4405887.005  4407381.872
108  TPM2+F+I+G4   2200970.780  160 4402261.560  4402262.135  4403766.400
109  TPM2+F+R2     2232141.534  160 4464603.068  4464603.643  4466107.908
110  TPM2+F+R3     2204790.149  162 4409904.299  4409904.888  4411427.949
111  TPM2+F+R4     2199379.698  164 4399087.396  4399087.999  4400629.857
112  TPM2+F+R5     2198327.940  166 4396987.879  4396988.498  4398549.151
113  TPM2+F+R6     2198152.237  168 4396640.474  4396641.107  4398220.556
114  TPM2+F+R7     2198144.426  170 4396628.853  4396629.501  4398227.745
118  TPM2u+F       2450830.967  158 4901977.934  4901978.495  4903463.964
119  TPM2u+F+I     2350470.269  159 4701258.538  4701259.105  4702753.973
120  TPM2u+F+G4    2202784.219  159 4405886.437  4405887.005  4407381.872
121  TPM2u+F+I+G4  2200970.780  160 4402261.560  4402262.135  4403766.400
122  TPM2u+F+R2    2232141.534  160 4464603.068  4464603.643  4466107.908
123  TPM2u+F+R3    2204790.162  162 4409904.324  4409904.913  4411427.974
124  TPM2u+F+R4    2199379.736  164 4399087.473  4399088.076  4400629.934
125  TPM2u+F+R5    2198328.189  166 4396988.377  4396988.996  4398549.649
126  TPM2u+F+R6    2198152.140  168 4396640.280  4396640.914  4398220.362
127  TPM2u+F+R7    2198144.395  170 4396628.790  4396629.439  4398227.683
131  TPM3+F        2431374.386  158 4863064.772  4863065.333  4864550.802
132  TPM3+F+I      2336453.179  159 4673224.358  4673224.926  4674719.793
133  TPM3+F+G4     2189924.512  159 4380167.023  4380167.591  4381662.458
134  TPM3+F+I+G4   2188220.725  160 4376761.450  4376762.025  4378266.290
135  TPM3+F+R2     2219270.059  160 4438860.118  4438860.693  4440364.958
136  TPM3+F+R3     2192350.862  162 4385025.724  4385026.313  4386549.374
137  TPM3+F+R4     2186875.780  164 4374079.561  4374080.164  4375622.022
138  TPM3+F+R5     2185564.925  166 4371461.849  4371462.468  4373023.121
139  TPM3+F+R6     2185268.305  168 4370872.610  4370873.244  4372452.692
140  TPM3+F+R7     2185212.060  170 4370764.119  4370764.768  4372363.012
141  TPM3+F+R8     2185208.911  172 4370761.823  4370762.487  4372379.526
144  TPM3u+F       2431374.394  158 4863064.788  4863065.349  4864550.818
145  TPM3u+F+I     2336453.179  159 4673224.358  4673224.926  4674719.793
146  TPM3u+F+G4    2189924.511  159 4380167.022  4380167.590  4381662.457
147  TPM3u+F+I+G4  2188220.710  160 4376761.419  4376761.994  4378266.259
148  TPM3u+F+R2    2219270.078  160 4438860.155  4438860.730  4440364.996
149  TPM3u+F+R3    2192350.860  162 4385025.719  4385026.308  4386549.370
150  TPM3u+F+R4    2186875.997  164 4374079.994  4374080.598  4375622.455
151  TPM3u+F+R5    2185565.211  166 4371462.422  4371463.041  4373023.694
152  TPM3u+F+R6    2185268.288  168 4370872.577  4370873.211  4372452.659
153  TPM3u+F+R7    2185211.717  170 4370763.434  4370764.083  4372362.327
154  TPM3u+F+R8    2185208.304  172 4370760.608  4370761.272  4372378.311
157  TIMe          2438437.730  156 4877187.459  4877188.006  4878654.678
158  TIMe+I        2343247.709  157 4686809.418  4686809.972  4688286.043
159  TIMe+G4       2200979.441  157 4402272.883  4402273.436  4403749.507
160  TIMe+I+G4     2199111.639  158 4398539.278  4398539.838  4400025.307
161  TIMe+R2       2230118.175  158 4460552.350  4460552.911  4462038.380
162  TIMe+R3       2203155.360  160 4406630.720  4406631.295  4408135.561
163  TIMe+R4       2197567.949  162 4395459.898  4395460.488  4396983.549
164  TIMe+R5       2196324.247  164 4392976.495  4392977.098  4394518.956
165  TIMe+R6       2196094.719  166 4392521.439  4392522.057  4394082.710
166  TIMe+R7       2196061.209  168 4392458.418  4392459.051  4394038.500
167  TIMe+R8       2196057.706  170 4392455.413  4392456.062  4394054.306
170  TIM+F         2442617.767  159 4885553.534  4885554.101  4887048.969
171  TIM+F+I       2345172.422  160 4690664.844  4690665.419  4692169.685
172  TIM+F+G4      2200522.238  160 4401364.477  4401365.052  4402869.317
173  TIM+F+I+G4    2198761.506  161 4397845.013  4397845.595  4399359.258
174  TIM+F+R2      2229684.886  161 4459691.771  4459692.353  4461206.017
175  TIM+F+R3      2202609.303  163 4405544.607  4405545.203  4407077.663
176  TIM+F+R4      2197223.934  165 4394777.868  4394778.479  4396329.734
177  TIM+F+R5      2196104.039  167 4392542.078  4392542.704  4394112.755
178  TIM+F+R6      2195916.888  169 4392171.776  4392172.417  4393761.263
179  TIM+F+R7      2195893.827  171 4392129.654  4392130.311  4393737.952
180  TIM+F+R8      2195890.782  173 4392127.564  4392128.236  4393754.673
183  TIM2e         2431834.195  156 4863980.390  4863980.937  4865447.609
184  TIM2e+I       2337994.302  157 4676302.604  4676303.158  4677779.229
185  TIM2e+G4      2196106.040  157 4392526.080  4392526.634  4394002.705
186  TIM2e+I+G4    2194223.023  158 4388762.046  4388762.607  4390248.076
187  TIM2e+R2      2225512.972  158 4451341.944  4451342.504  4452827.973
188  TIM2e+R3      2198438.096  160 4397196.192  4397196.767  4398701.033
189  TIM2e+R4      2192722.896  162 4385769.792  4385770.381  4387293.442
190  TIM2e+R5      2191464.849  164 4383257.699  4383258.303  4384800.160
191  TIM2e+R6      2191208.834  166 4382749.668  4382750.287  4384310.940
192  TIM2e+R7      2191173.072  168 4382682.145  4382682.778  4384262.227
193  TIM2e+R8      2191170.125  170 4382680.250  4382680.899  4384279.143
196  TIM2+F        2439578.985  159 4879475.971  4879476.538  4880971.406
197  TIM2+F+I      2342657.254  160 4685634.509  4685635.084  4687139.349
198  TIM2+F+G4     2198961.666  160 4398243.332  4398243.907  4399748.172
199  TIM2+F+I+G4   2197197.661  161 4394717.322  4394717.904  4396231.567
200  TIM2+F+R2     2228018.451  161 4456358.902  4456359.484  4457873.148
201  TIM2+F+R3     2201021.163  163 4402368.325  4402368.922  4403901.381
202  TIM2+F+R4     2195645.764  165 4391621.528  4391622.139  4393173.394
203  TIM2+F+R5     2194551.502  167 4389437.004  4389437.631  4391007.681
204  TIM2+F+R6     2194371.949  169 4389081.897  4389082.539  4390671.385
205  TIM2+F+R7     2194352.968  171 4389047.935  4389048.592  4390656.233
206  TIM2+F+R8     2194350.026  173 4389046.051  4389046.723  4390673.160
209  TIM3e         2429296.625  156 4858905.251  4858905.797  4860372.470
210  TIM3e+I       2336995.854  157 4674305.708  4674306.261  4675782.332
211  TIM3e+G4      2196742.834  157 4393799.669  4393800.222  4395276.293
212  TIM3e+I+G4    2194933.158  158 4390182.315  4390182.876  4391668.345
213  TIM3e+R2      2225606.526  158 4451529.052  4451529.613  4453015.082
214  TIM3e+R3      2199014.044  160 4398348.088  4398348.663  4399852.928
215  TIM3e+R4      2193434.316  162 4387192.631  4387193.221  4388716.282
216  TIM3e+R5      2192141.547  164 4384611.094  4384611.698  4386153.555
217  TIM3e+R6      2191890.864  166 4384113.728  4384114.347  4385675.000
218  TIM3e+R7      2191837.876  168 4384011.752  4384012.386  4385591.834
219  TIM3e+R8      2191834.601  170 4384009.202  4384009.850  4385608.094
222  TIM3+F        2422434.577  159 4845187.154  4845187.722  4846682.589
223  TIM3+F+I      2329887.777  160 4660095.555  4660096.129  4661600.395
224  TIM3+F+G4     2187053.869  160 4374427.739  4374428.314  4375932.579
225  TIM3+F+I+G4   2185376.067  161 4371074.135  4371074.717  4372588.380
226  TIM3+F+R2     2216028.705  161 4432379.410  4432379.992  4433893.655
227  TIM3+F+R3     2189473.766  163 4379273.531  4379274.128  4380806.587
228  TIM3+F+R4     2184009.090  165 4368348.180  4368348.791  4369900.046
229  TIM3+F+R5     2182651.496  167 4365636.993  4365637.619  4367207.670
230  TIM3+F+R6     2182344.828  169 4365027.656  4365028.297  4366617.143
231  TIM3+F+R7     2182292.621  171 4364927.241  4364927.898  4366535.539
232  TIM3+F+R8     2182288.096  173 4364922.192  4364922.864  4366549.301
235  TVMe          2443781.304  157 4887876.609  4887877.162  4889353.233
236  TVMe+I        2346983.613  158 4694283.226  4694283.787  4695769.256
237  TVMe+G4       2202763.061  158 4405842.122  4405842.682  4407328.151
238  TVMe+I+G4     2200906.524  159 4402131.048  4402131.615  4403626.483
239  TVMe+R2       2231614.899  159 4463547.799  4463548.366  4465043.234
240  TVMe+R3       2204785.222  161 4409892.445  4409893.027  4411406.690
241  TVMe+R4       2199290.316  163 4398906.632  4398907.229  4400439.688
242  TVMe+R5       2198171.339  165 4396672.677  4396673.289  4398224.544
