IQ-TREE multicore version 1.6.2 for Mac OS X 64-bit built Mar  1 2018
Developed by Bui Quang Minh, Nguyen Lam Tung, Olga Chernomor,
Heiko Schmidt, Dominik Schrempf, Michael Woodhams.

Host:    Caitlins-MacBook-Pro.local (AVX2, FMA3, 8 GB RAM)
Command: /Applications/iqtree/bin/iqtree -s /Users/caitlin/Repositories/treelikeness/raw_data/Brown_2012/alignment.nex -nt AUTO -redo
Seed:    73772 (Using SPRNG - Scalable Parallel Random Number Generator)
Time:    Tue Mar 13 16:12:53 2018
Kernel:  AVX+FMA - auto-detect threads (4 CPU cores detected)

Reading alignment file /Users/caitlin/Repositories/treelikeness/raw_data/Brown_2012/alignment.nex ... Nexus format detected
Skipping unknown block (SETS)...
Alignment has 41 sequences with 1665 columns, 1075 distinct patterns
891 parsimony-informative, 137 singleton sites, 637 constant sites
                                           Gap/Ambiguity  Composition  p-value
   1  Tarentola_mauritanica_EU443255              39.58%    failed      0.00%
   2  Lygodactylus_bradfieldi_EU423279            27.03%    failed      0.00%
   3  Phelsuma_serraticauda_EU423296              26.91%    failed      0.01%
   4  Hemidactylus_bowringii_EU268373             29.01%    failed      0.04%
   5  Cyrtodactylus_annulatus_KU314944            39.64%    failed      0.00%
   6  Cyrtodactylus_philippinicus_KU304784        39.82%    failed      0.00%
   7  Pseudogekko_smaragdinus_CDS1050              1.62%    passed     15.88%
   8  Pseudogekko_compressicorpus_CDS5000          1.80%    passed     20.75%
   9  Lepidodactylus_herrei_RMB4330               27.09%    failed      2.60%
  10  Lepidodactylus_moestus_USNM521730            2.58%    passed     19.48%
  11  Gehyra_australis_AMS139934                   2.70%    failed      1.36%
  12  Gehyra_mutilata_AMB7515                      2.22%    failed      0.78%
  13  Gekko_auriverrucosus_ZK3                    10.81%    passed     60.92%
  14  Gekko_badenii_JB13                           2.88%    passed     66.32%
  15  Gekko_grossmani_JFBM9                        2.52%    failed      3.80%
  16  Gekko_petricolis_JB70                        2.58%    passed     34.04%
  17  Gekko_subpalmatus_AMB5567                    3.00%    passed     24.76%
  18  Gekko_swinhonis_ZK5                          3.30%    passed     73.84%
  19  Gekko_vittatus_JAM2171                       2.58%    failed      0.04%
  20  Gekko_vittatus_USNM533255                    2.46%    failed      0.03%
  21  Gekko_chinensis_China_LG4210                 2.58%    failed      4.47%
  22  Gekko_hokouensis_HOFH89053103                4.20%    passed     48.03%
  23  Gekko_gecko_CAS204952                        1.86%    passed     38.80%
  24  Gekko_smithii_Wmalaysia_LG6095               1.44%    passed     78.17%
  25  Gekko_athymus_RMB3118                        3.90%    passed      7.91%
  26  Gekko_crombota_BabuynCl_RMB5946              1.98%    passed     29.25%
  27  Gekko_romblon_Tablas_RMB8789                 1.92%    passed     61.77%
  28  Gekko_mindorensis_CDS1229                    2.22%    passed     16.04%
  29  Gekko_monarchus_Palawan_ACD1278              2.22%    passed     20.35%
  30  Luperosaurus_joloensis_Mindanao_RMB9416     17.48%    failed      1.75%
  31  Luperosaurus_sp_ACD6021                      1.56%    passed     76.20%
  32  Luperosaurus_cumingii_Bicol_RMB3546         27.39%    failed      0.11%
  33  Luperosaurus_angliit_ASCOT_ACD3678           1.98%    passed     71.05%
  34  Luperosaurus_macgregori_BabynClro_RMB5918    1.62%    passed     68.30%
  35  Luperosaurus_macgregori_Batanes_RMB9042      1.56%    passed     79.01%
  36  Luperosaurus_Palawan_ELR1579                74.89%    failed      0.00%
  37  Luperosaurus_iskandari_RMB1653              24.68%    failed      0.39%
  38  Ptychozoon_racophorus_P0500                  1.98%    failed      2.21%
  39  Ptychozoon_lionotum_Thailand_DSM798M         2.52%    passed     12.17%
  40  Ptychozoon_khuli_Tioman_4679                 2.58%    failed      0.83%
  41  Gekko_japonicus_HOFH10061402                 2.04%    passed     71.09%
WARNING: 1 sequences contain more than 50% gaps/ambiguity
****  TOTAL                                       11.04%  19 sequences failed composition chi2 test (p-value<5%; df=3)


Create initial parsimony tree by phylogenetic likelihood library (PLL)... 0.006 seconds
NOTE: ModelFinder requires 14 MB RAM!
ModelFinder will test 286 DNA models (sample size: 1665) ...
 No. Model         -LnL         df  AIC          AICc         BIC
Measuring multi-threading efficiency up to 4 CPU cores
Increase to 10 rounds for branch lengths
179 trees examined
Threads: 1 / Time: 4.019 sec / Speedup: 1.000 / Efficiency: 100% / LogL: -39967
Threads: 2 / Time: 3.052 sec / Speedup: 1.317 / Efficiency: 66% / LogL: -39967
Threads: 3 / Time: 2.823 sec / Speedup: 1.424 / Efficiency: 47% / LogL: -39967
BEST NUMBER OF THREADS: 2

  1  JC            34316.230    79  68790.460    68798.434    69218.448
  2  JC+I          31988.902    80  64137.804    64145.986    64571.211
  3  JC+G4         31027.133    80  62214.267    62222.448    62647.673
  4  JC+I+G4       30962.771    81  62087.543    62095.934    62526.367
  5  JC+R2         31226.419    81  62614.838    62623.230    63053.662
  6  JC+R3         30975.242    83  62116.484    62125.304    62566.143
  7  JC+R4         30946.264    85  62062.528    62071.787    62523.023
  8  JC+R5         30945.240    87  62064.481    62074.190    62535.810
 14  F81+F         34131.546    82  68427.091    68435.696    68871.333
 15  F81+F+I       31679.392    83  63524.784    63533.604    63974.443
 16  F81+F+G4      30590.689    83  61347.379    61356.199    61797.038
 17  F81+F+I+G4    30520.055    84  61208.109    61217.147    61663.186
 18  F81+F+R2      30819.792    84  61807.584    61816.622    62262.661
 19  F81+F+R3      30542.763    86  61257.526    61267.009    61723.438
 20  F81+F+R4      30505.847    88  61187.694    61197.633    61664.441
 21  F81+F+R5      30503.850    90  61187.699    61198.106    61675.281
 27  K2P           33744.232    80  67648.464    67656.646    68081.871
 28  K2P+I         31390.899    81  62943.798    62952.190    63382.622
 29  K2P+G4        30361.703    81  60885.407    60893.799    61324.231
 30  K2P+I+G4      30285.925    82  60735.849    60744.454    61180.091
 31  K2P+R2        30597.371    82  61358.741    61367.346    61802.983
 32  K2P+R3        30312.714    84  60793.428    60802.466    61248.505
 33  K2P+R4        30274.715    86  60721.430    60730.913    61187.342
 34  K2P+R5        30272.557    88  60721.114    60731.053    61197.861
 40  HKY+F         33429.439    83  67024.878    67033.698    67474.537
 41  HKY+F+I       30865.610    84  61899.220    61908.258    62354.297
 42  HKY+F+G4      29550.036    84  59268.071    59277.109    59723.148
 43  HKY+F+I+G4    29456.733    85  59083.467    59092.726    59543.961
 44  HKY+F+R2      29874.362    85  59918.723    59927.982    60379.217
 45  HKY+F+R3      29512.344    87  59198.687    59208.397    59670.017
 46  HKY+F+R4      29450.777    89  59079.553    59089.725    59561.718
 47  HKY+F+R5      29442.427    91  59066.853    59077.498    59559.853
 48  HKY+F+R6      29439.371    93  59064.743    59075.872    59568.578
 53  TNe           33552.777    81  67267.553    67275.945    67706.377
 54  TNe+I         31196.606    82  62557.212    62565.817    63001.454
 55  TNe+G4        30011.591    82  60187.182    60195.787    60631.424
 56  TNe+I+G4      29934.933    83  60035.866    60044.686    60485.525
 57  TNe+R2        30312.915    83  60791.830    60800.650    61241.489
 58  TNe+R3        29978.213    85  60126.426    60135.685    60586.921
 59  TNe+R4        29926.859    87  60027.718    60037.427    60499.047
 60  TNe+R5        29923.011    89  60024.021    60034.193    60506.186
 66  TN+F          33362.617    84  66893.234    66902.272    67348.311
 67  TN+F+I        30828.719    85  61827.439    61836.698    62287.933
 68  TN+F+G4       29454.581    85  59079.162    59088.421    59539.657
 69  TN+F+I+G4     29370.463    86  58912.927    58922.409    59378.839
 70  TN+F+R2       29813.805    86  59799.611    59809.094    60265.523
 71  TN+F+R3       29432.732    88  59041.463    59051.403    59518.211
 72  TN+F+R4       29365.019    90  58910.039    58920.446    59397.621
 73  TN+F+R5       29359.055    92  58902.110    58912.995    59400.527
 79  K3P           33557.933    81  67277.866    67286.258    67716.690
 80  K3P+I         31187.822    82  62539.643    62548.248    62983.885
 81  K3P+G4        30155.794    82  60475.589    60484.193    60919.831
 82  K3P+I+G4      30079.895    83  60325.790    60334.609    60775.449
 83  K3P+R2        30389.666    83  60945.333    60954.152    61394.992
 84  K3P+R3        30105.368    85  60380.736    60389.995    60841.231
 85  K3P+R4        30066.620    87  60307.241    60316.950    60778.570
 86  K3P+R5        30064.394    89  60306.788    60316.960    60788.953
 92  K3Pu+F        33282.707    84  66733.413    66742.451    67188.490
 93  K3Pu+F+I      30738.661    85  61647.322    61656.581    62107.817
 94  K3Pu+F+G4     29474.031    85  59118.061    59127.320    59578.555
 95  K3Pu+F+I+G4   29380.980    86  58933.961    58943.443    59399.873
 96  K3Pu+F+R2     29781.457    86  59734.913    59744.396    60200.825
 97  K3Pu+F+R3     29429.717    88  59035.434    59045.374    59512.182
 98  K3Pu+F+R4     29373.598    90  58927.196    58937.603    59414.779
 99  K3Pu+F+R5     29368.157    92  58920.313    58931.199    59418.730
105  TPM2+F        33074.190    84  66316.380    66325.418    66771.457
106  TPM2+F+I      30657.233    85  61484.466    61493.725    61944.960
107  TPM2+F+G4     29490.390    85  59150.781    59160.040    59611.275
108  TPM2+F+I+G4   29400.137    86  58972.274    58981.757    59438.186
109  TPM2+F+R2     29772.392    86  59716.783    59726.266    60182.695
110  TPM2+F+R3     29445.629    88  59067.259    59077.198    59544.006
111  TPM2+F+R4     29391.732    90  58963.464    58973.870    59451.046
112  TPM2+F+R5     29386.694    92  58957.389    58968.274    59455.806
118  TPM2u+F       33074.190    84  66316.381    66325.419    66771.458
119  TPM2u+F+I     30657.233    85  61484.466    61493.725    61944.960
120  TPM2u+F+G4    29490.390    85  59150.780    59160.039    59611.274
121  TPM2u+F+I+G4  29400.140    86  58972.280    58981.763    59438.192
122  TPM2u+F+R2    29772.391    86  59716.782    59726.265    60182.694
123  TPM2u+F+R3    29445.624    88  59067.247    59077.186    59543.994
124  TPM2u+F+R4    29391.729    90  58963.459    58973.865    59451.041
125  TPM2u+F+R5    29386.661    92  58957.323    58968.208    59455.740
131  TPM3+F        33279.589    84  66727.179    66736.217    67182.256
132  TPM3+F+I      30770.831    85  61711.661    61720.920    62172.156
133  TPM3+F+G4     29512.710    85  59195.420    59204.679    59655.914
134  TPM3+F+I+G4   29422.382    86  59016.764    59026.247    59482.676
135  TPM3+F+R2     29832.762    86  59837.525    59847.008    60303.437
136  TPM3+F+R3     29470.933    88  59117.865    59127.804    59594.612
137  TPM3+F+R4     29417.381    90  59014.762    59025.169    59502.344
138  TPM3+F+R5     29410.848    92  59005.695    59016.581    59504.113
144  TPM3u+F       33279.589    84  66727.178    66736.216    67182.255
145  TPM3u+F+I     30770.830    85  61711.661    61720.920    62172.155
146  TPM3u+F+G4    29512.707    85  59195.415    59204.674    59655.909
147  TPM3u+F+I+G4  29422.387    86  59016.773    59026.256    59482.685
148  TPM3u+F+R2    29832.763    86  59837.525    59847.008    60303.437
149  TPM3u+F+R3    29470.944    88  59117.888    59127.827    59594.635
150  TPM3u+F+R4    29417.392    90  59014.784    59025.191    59502.367
151  TPM3u+F+R5    29410.781    92  59005.562    59016.447    59503.979
157  TIMe          33364.158    82  66892.316    66900.921    67336.558
158  TIMe+I        30991.249    83  62148.498    62157.317    62598.157
159  TIMe+G4       29815.640    83  59797.279    59806.099    60246.938
160  TIMe+I+G4     29735.457    84  59638.915    59647.953    60093.992
161  TIMe+R2       30103.201    84  60374.402    60383.440    60829.479
162  TIMe+R3       29773.144    86  59718.289    59727.772    60184.201
163  TIMe+R4       29724.079    88  59624.158    59634.097    60100.905
164  TIMe+R5       29720.420    90  59620.840    59631.247    60108.422
170  TIM+F         33214.969    85  66599.939    66609.198    67060.433
171  TIM+F+I       30701.419    86  61574.838    61584.321    62040.750
172  TIM+F+G4      29382.003    86  58936.007    58945.490    59401.919
173  TIM+F+I+G4    29296.557    87  58767.113    58776.823    59238.443
174  TIM+F+R2      29720.022    87  59614.044    59623.753    60085.373
175  TIM+F+R3      29351.817    89  58881.634    58891.806    59363.799
176  TIM+F+R4      29289.643    91  58761.285    58771.930    59254.285
177  TIM+F+R5      29284.257    93  58754.514    58765.643    59258.349
183  TIM2e         32839.059    82  65842.118    65850.723    66286.360
184  TIM2e+I       30658.962    83  61483.924    61492.744    61933.583
185  TIM2e+G4      29638.075    83  59442.150    59450.970    59891.809
186  TIM2e+I+G4    29558.084    84  59284.167    59293.205    59739.244
187  TIM2e+R2      29878.190    84  59924.381    59933.419    60379.457
188  TIM2e+R3      29586.594    86  59345.188    59354.671    59811.100
189  TIM2e+R4      29545.322    88  59266.643    59276.583    59743.391
190  TIM2e+R5      29542.350    90  59264.701    59275.107    59752.283
196  TIM2+F        33017.023    85  66204.046    66213.305    66664.540
197  TIM2+F+I      30622.612    86  61417.224    61426.707    61883.136
198  TIM2+F+G4     29388.949    86  58949.898    58959.381    59415.810
199  TIM2+F+I+G4   29302.992    87  58779.985    58789.694    59251.314
200  TIM2+F+R2     29703.486    87  59580.972    59590.681    60052.301
201  TIM2+F+R3     29356.668    89  58891.335    58901.507    59373.500
202  TIM2+F+R4     29294.656    91  58771.312    58781.957    59264.312
203  TIM2+F+R5     29289.295    93  58764.590    58775.719    59268.425
209  TIM3e         33365.469    82  66894.938    66903.542    67339.180
210  TIM3e+I       31080.337    83  62326.674    62335.494    62776.333
211  TIM3e+G4      29947.569    83  60061.137    60069.957    60510.797
212  TIM3e+I+G4    29874.421    84  59916.842    59925.880    60371.919
213  TIM3e+R2      30250.412    84  60668.823    60677.861    61123.900
214  TIM3e+R3      29912.421    86  59996.843    60006.325    60462.754
215  TIM3e+R4      29867.399    88  59910.798    59920.737    60387.545
216  TIM3e+R5      29863.010    90  59906.021    59916.427    60393.603
222  TIM3+F        33207.917    85  66585.834    66595.093    67046.328
223  TIM3+F+I      30732.377    86  61636.754    61646.237    62102.666
224  TIM3+F+G4     29422.686    86  59017.371    59026.854    59483.283
225  TIM3+F+I+G4   29341.111    87  58856.222    58865.931    59327.551
226  TIM3+F+R2     29772.945    87  59719.889    59729.599    60191.219
227  TIM3+F+R3     29396.662    89  58971.324    58981.496    59453.489
228  TIM3+F+R4     29335.942    91  58853.884    58864.529    59346.884
229  TIM3+F+R5     29330.385    93  58846.769    58857.899    59350.604
235  TVMe          32822.495    83  65810.990    65819.810    66260.649
236  TVMe+I        30706.645    84  61581.290    61590.328    62036.366
237  TVMe+G4       29799.275    84  59766.551    59775.589    60221.627
238  TVMe+I+G4     29723.529    85  59617.057    59626.316    60077.552
239  TVMe+R2       30030.006    85  60230.011    60239.270    60690.506
240  TVMe+R3       29747.740    87  59669.479    59679.189    60140.809
241  TVMe+R4       29714.410    89  59606.821    59616.992    60088.985
242  TVMe+R5       29712.121    91  59606.241    59616.886    60099.241
248  TVM+F         32924.536    86  66021.071    66030.554    66486.983
249  TVM+F+I       30552.660    87  61279.321    61289.030    61750.650
250  TVM+F+G4      29427.637    87  59029.273    59038.983    59500.603
251  TVM+F+I+G4    29337.462    88  58850.924    58860.863    59327.671
252  TVM+F+R2      29707.109    88  59590.218    59600.157    60066.965
253  TVM+F+R3      29378.935    90  58937.870    58948.276    59425.452
254  TVM+F+R4      29329.049    92  58842.098    58852.983    59340.515
255  TVM+F+R5      29325.294    94  58838.587    58849.963    59347.840
261  SYM           32642.427    84  65452.854    65461.891    65907.930
262  SYM+I         30508.615    85  61187.229    61196.488    61647.724
263  SYM+G4        29519.279    85  59208.558    59217.817    59669.053
264  SYM+I+G4      29439.391    86  59050.782    59060.265    59516.694
265  SYM+R2        29762.481    86  59696.962    59706.445    60162.874
266  SYM+R3        29465.735    88  59107.471    59117.410    59584.218
267  SYM+R4        29426.476    90  59032.952    59043.359    59520.534
268  SYM+R5        29423.987    92  59031.973    59042.859    59530.391
274  GTR+F         32863.459    87  65900.918    65910.627    66372.247
275  GTR+F+I       30516.864    88  61209.728    61219.667    61686.475
276  GTR+F+G4      29328.586    88  58833.171    58843.110    59309.918
277  GTR+F+I+G4    29245.905    89  58669.810    58679.981    59151.974
278  GTR+F+R2      29639.460    89  59456.920    59467.091    59939.085
279  GTR+F+R3      29293.160    91  58768.319    58778.964    59261.319
280  GTR+F+R4      29237.424    93  58660.847    58671.977    59164.682
281  GTR+F+R5      29232.741    95  58655.481    58667.107    59170.152
Akaike Information Criterion:           GTR+F+R5
Corrected Akaike Information Criterion: GTR+F+R5
Bayesian Information Criterion:         GTR+F+I+G4
Best-fit model: GTR+F+I+G4 chosen according to BIC

All model information printed to /Users/caitlin/Repositories/treelikeness/raw_data/Brown_2012/alignment.nex.model.gz
CPU time for ModelFinder: 78.715 seconds (0h:1m:18s)
Wall-clock time for ModelFinder: 41.403 seconds (0h:0m:41s)

NOTE: 5 MB RAM (0 GB) is required!
Measuring multi-threading efficiency up to 4 CPU cores
Increase to 10 rounds for branch lengths
62 trees examined
Threads: 1 / Time: 4.021 sec / Speedup: 1.000 / Efficiency: 100% / LogL: -34250
Threads: 2 / Time: 2.564 sec / Speedup: 1.569 / Efficiency: 78% / LogL: -34250
Threads: 3 / Time: 2.722 sec / Speedup: 1.477 / Efficiency: 49% / LogL: -34250
BEST NUMBER OF THREADS: 2

Estimate model parameters (epsilon = 0.100)
Thoroughly optimizing +I+G parameters from 10 start values...
Init pinv, alpha: 0.000, 1.000 / Estimate: 0.000, 0.394 / LogL: -29328.593
Init pinv, alpha: 0.043, 1.000 / Estimate: 0.295, 0.771 / LogL: -29245.981
Init pinv, alpha: 0.085, 1.000 / Estimate: 0.294, 0.770 / LogL: -29245.980
Init pinv, alpha: 0.128, 1.000 / Estimate: 0.295, 0.771 / LogL: -29245.961
Init pinv, alpha: 0.170, 1.000 / Estimate: 0.295, 0.771 / LogL: -29245.953
Init pinv, alpha: 0.213, 1.000 / Estimate: 0.295, 0.772 / LogL: -29245.943
Init pinv, alpha: 0.255, 1.000 / Estimate: 0.294, 0.769 / LogL: -29245.978
Init pinv, alpha: 0.298, 1.000 / Estimate: 0.299, 0.785 / LogL: -29245.913
Init pinv, alpha: 0.340, 1.000 / Estimate: 0.303, 0.794 / LogL: -29245.937
Init pinv, alpha: 0.383, 1.000 / Estimate: 0.302, 0.793 / LogL: -29245.938
Optimal pinv,alpha: 0.299, 0.785 / LogL: -29245.913

Parameters optimization took 3.680 sec
Computing ML distances based on estimated model parameters... 0.032 sec
WARNING: Some pairwise ML distances are too long (saturated)
Computing BIONJ tree...
0.002 seconds
Log-likelihood of BIONJ tree: -29237.366
--------------------------------------------------------------------
|             INITIALIZING CANDIDATE TREE SET                      |
--------------------------------------------------------------------
Generating 98 parsimony trees... 0.742 second
Computing log-likelihood of 98 initial trees ... 0.953 seconds
Current best score: -29173.378

Do NNI search on 20 best initial trees
Estimate model parameters (epsilon = 0.100)
BETTER TREE FOUND at iteration 1: -29154.128
Estimate model parameters (epsilon = 0.100)
BETTER TREE FOUND at iteration 2: -29153.645
Iteration 10 / LogL: -29153.857 / Time: 0h:0m:57s
Iteration 20 / LogL: -29163.374 / Time: 0h:0m:57s
Finish initializing candidate tree set (5)
Current best tree score: -29153.645 / CPU time: 3.141
Number of iterations: 20
--------------------------------------------------------------------
|               OPTIMIZING CANDIDATE TREE SET                      |
--------------------------------------------------------------------
Iteration 30 / LogL: -29156.776 / Time: 0h:0m:58s (0h:0m:42s left)
Iteration 40 / LogL: -29154.173 / Time: 0h:0m:59s (0h:0m:28s left)
Iteration 50 / LogL: -29154.198 / Time: 0h:1m:0s (0h:0m:20s left)
Iteration 60 / LogL: -29155.780 / Time: 0h:1m:1s (0h:0m:14s left)
Iteration 70 / LogL: -29153.692 / Time: 0h:1m:1s (0h:0m:9s left)
Iteration 80 / LogL: -29153.733 / Time: 0h:1m:2s (0h:0m:5s left)
Iteration 90 / LogL: -29156.900 / Time: 0h:1m:3s (0h:0m:2s left)
UPDATE BEST LOG-LIKELIHOOD: -29153.644
Iteration 100 / LogL: -29172.494 / Time: 0h:1m:4s (0h:0m:0s left)
TREE SEARCH COMPLETED AFTER 103 ITERATIONS / Time: 0h:1m:4s

--------------------------------------------------------------------
|                    FINALIZING TREE SEARCH                        |
--------------------------------------------------------------------
Performs final model parameters optimization
Estimate model parameters (epsilon = 0.010)
1. Initial log-likelihood: -29153.644
Optimal log-likelihood: -29153.633
Rate parameters:  A-C: 2.44245  A-G: 4.06240  A-T: 1.00895  C-G: 0.55535  C-T: 8.86839  G-T: 1.00000
Base frequencies:  A: 0.328  C: 0.279  G: 0.149  T: 0.244
Proportion of invariable sites: 0.295
Gamma shape alpha: 0.776
Parameters optimization took 1 rounds (0.031 sec)
BEST SCORE FOUND : -29153.633
Total tree length: 8.527

Total number of iterations: 103
CPU time used for tree search: 19.494 sec (0h:0m:19s)
Wall-clock time used for tree search: 10.129 sec (0h:0m:10s)
Total CPU time used: 123.427 sec (0h:2m:3s)
Total wall-clock time used: 64.737 sec (0h:1m:4s)

Analysis results written to: 
  IQ-TREE report:                /Users/caitlin/Repositories/treelikeness/raw_data/Brown_2012/alignment.nex.iqtree
  Maximum-likelihood tree:       /Users/caitlin/Repositories/treelikeness/raw_data/Brown_2012/alignment.nex.treefile
  Likelihood distances:          /Users/caitlin/Repositories/treelikeness/raw_data/Brown_2012/alignment.nex.mldist
  Screen log file:               /Users/caitlin/Repositories/treelikeness/raw_data/Brown_2012/alignment.nex.log

Date and Time: Tue Mar 13 16:13:57 2018
